2025-05-25 22:58:36,932 - INFO - Logging initialized successfully
2025-05-25 22:58:37,487 - INFO - Device updated to cpu
2025-05-25 22:58:38,556 - INFO - YOLO model loaded successfully
2025-05-25 22:58:38,556 - INFO - CNN model disabled
2025-05-25 23:00:22,729 - INFO - Loaded project: C:/Users/Lev/Desktop/ZeroBlindSpot/data/2025-05-25_22-39-34
2025-05-25 23:00:22,732 - INFO - Added no-bucket frame: C:/Users/Lev/Desktop/ZeroBlindSpot/data/2025-05-25_22-39-34\no_bucket\frame_0001.jpg
2025-05-25 23:00:22,732 - INFO - Added no-bucket frame: C:/Users/Lev/Desktop/ZeroBlindSpot/data/2025-05-25_22-39-34\no_bucket\frame_0002.jpg
2025-05-25 23:00:22,732 - INFO - Added no-bucket frame: C:/Users/Lev/Desktop/ZeroBlindSpot/data/2025-05-25_22-39-34\no_bucket\frame_0003.jpg
2025-05-25 23:00:22,732 - INFO - Added no-bucket frame: C:/Users/Lev/Desktop/ZeroBlindSpot/data/2025-05-25_22-39-34\no_bucket\frame_0004.jpg
2025-05-25 23:00:22,732 - INFO - Added no-bucket frame: C:/Users/Lev/Desktop/ZeroBlindSpot/data/2025-05-25_22-39-34\no_bucket\frame_0005.jpg
2025-05-25 23:00:22,732 - INFO - Added no-bucket frame: C:/Users/Lev/Desktop/ZeroBlindSpot/data/2025-05-25_22-39-34\no_bucket\frame_0006.jpg
2025-05-25 23:00:22,732 - INFO - Added no-bucket frame: C:/Users/Lev/Desktop/ZeroBlindSpot/data/2025-05-25_22-39-34\no_bucket\frame_0007.jpg
2025-05-25 23:00:22,732 - INFO - Added no-bucket frame: C:/Users/Lev/Desktop/ZeroBlindSpot/data/2025-05-25_22-39-34\no_bucket\frame_0008.jpg
2025-05-25 23:00:22,732 - INFO - Added no-bucket frame: C:/Users/Lev/Desktop/ZeroBlindSpot/data/2025-05-25_22-39-34\no_bucket\frame_0010.jpg
2025-05-25 23:00:22,733 - INFO - Added no-bucket frame: C:/Users/Lev/Desktop/ZeroBlindSpot/data/2025-05-25_22-39-34\no_bucket\frame_0011.jpg
2025-05-25 23:00:22,733 - INFO - Added no-bucket frame: C:/Users/Lev/Desktop/ZeroBlindSpot/data/2025-05-25_22-39-34\no_bucket\frame_0012.jpg
2025-05-25 23:00:22,733 - INFO - Added no-bucket frame: C:/Users/Lev/Desktop/ZeroBlindSpot/data/2025-05-25_22-39-34\no_bucket\frame_0013.jpg
2025-05-25 23:00:22,733 - INFO - Added no-bucket frame: C:/Users/Lev/Desktop/ZeroBlindSpot/data/2025-05-25_22-39-34\no_bucket\frame_0014.jpg
2025-05-25 23:00:22,733 - INFO - Added no-bucket frame: C:/Users/Lev/Desktop/ZeroBlindSpot/data/2025-05-25_22-39-34\no_bucket\frame_0015.jpg
2025-05-25 23:00:22,733 - INFO - Added no-bucket frame: C:/Users/Lev/Desktop/ZeroBlindSpot/data/2025-05-25_22-39-34\no_bucket\frame_0016.jpg
2025-05-25 23:00:22,733 - INFO - Added no-bucket frame: C:/Users/Lev/Desktop/ZeroBlindSpot/data/2025-05-25_22-39-34\no_bucket\frame_0017.jpg
2025-05-25 23:00:22,733 - INFO - Added no-bucket frame: C:/Users/Lev/Desktop/ZeroBlindSpot/data/2025-05-25_22-39-34\no_bucket\frame_0018.jpg
2025-05-25 23:00:22,733 - INFO - Added no-bucket frame: C:/Users/Lev/Desktop/ZeroBlindSpot/data/2025-05-25_22-39-34\no_bucket\frame_0021.jpg
2025-05-25 23:00:22,733 - INFO - Added no-bucket frame: C:/Users/Lev/Desktop/ZeroBlindSpot/data/2025-05-25_22-39-34\no_bucket\frame_0022.jpg
2025-05-25 23:00:22,733 - INFO - Added no-bucket frame: C:/Users/Lev/Desktop/ZeroBlindSpot/data/2025-05-25_22-39-34\no_bucket\frame_0023.jpg
2025-05-25 23:00:22,733 - INFO - Added no-bucket frame: C:/Users/Lev/Desktop/ZeroBlindSpot/data/2025-05-25_22-39-34\no_bucket\frame_0024.jpg
2025-05-25 23:00:22,733 - INFO - Added no-bucket frame: C:/Users/Lev/Desktop/ZeroBlindSpot/data/2025-05-25_22-39-34\no_bucket\frame_0025.jpg
2025-05-25 23:00:22,733 - INFO - Added no-bucket frame: C:/Users/Lev/Desktop/ZeroBlindSpot/data/2025-05-25_22-39-34\no_bucket\frame_0026.jpg
2025-05-25 23:00:22,733 - INFO - Added no-bucket frame: C:/Users/Lev/Desktop/ZeroBlindSpot/data/2025-05-25_22-39-34\no_bucket\frame_0027.jpg
2025-05-25 23:00:22,733 - INFO - Added no-bucket frame: C:/Users/Lev/Desktop/ZeroBlindSpot/data/2025-05-25_22-39-34\no_bucket\frame_0028.jpg
2025-05-25 23:00:22,733 - INFO - Added no-bucket frame: C:/Users/Lev/Desktop/ZeroBlindSpot/data/2025-05-25_22-39-34\no_bucket\frame_0029.jpg
2025-05-25 23:00:22,733 - INFO - Added no-bucket frame: C:/Users/Lev/Desktop/ZeroBlindSpot/data/2025-05-25_22-39-34\no_bucket\frame_0030.jpg
2025-05-25 23:00:22,733 - INFO - Added no-bucket frame: C:/Users/Lev/Desktop/ZeroBlindSpot/data/2025-05-25_22-39-34\no_bucket\frame_0031.jpg
2025-05-25 23:00:22,733 - INFO - Added no-bucket frame: C:/Users/Lev/Desktop/ZeroBlindSpot/data/2025-05-25_22-39-34\no_bucket\frame_0032.jpg
2025-05-25 23:00:22,733 - INFO - Added no-bucket frame: C:/Users/Lev/Desktop/ZeroBlindSpot/data/2025-05-25_22-39-34\no_bucket\frame_0033.jpg
2025-05-25 23:00:22,733 - INFO - Added no-bucket frame: C:/Users/Lev/Desktop/ZeroBlindSpot/data/2025-05-25_22-39-34\no_bucket\frame_0034.jpg
2025-05-25 23:00:22,733 - INFO - Added no-bucket frame: C:/Users/Lev/Desktop/ZeroBlindSpot/data/2025-05-25_22-39-34\no_bucket\frame_0035.jpg
2025-05-25 23:00:22,733 - INFO - Added no-bucket frame: C:/Users/Lev/Desktop/ZeroBlindSpot/data/2025-05-25_22-39-34\no_bucket\frame_0036.jpg
2025-05-25 23:00:22,733 - INFO - Added no-bucket frame: C:/Users/Lev/Desktop/ZeroBlindSpot/data/2025-05-25_22-39-34\no_bucket\frame_0037.jpg
2025-05-25 23:00:22,733 - INFO - Added no-bucket frame: C:/Users/Lev/Desktop/ZeroBlindSpot/data/2025-05-25_22-39-34\no_bucket\frame_0038.jpg
2025-05-25 23:00:22,733 - INFO - Added no-bucket frame: C:/Users/Lev/Desktop/ZeroBlindSpot/data/2025-05-25_22-39-34\no_bucket\frame_0039.jpg
2025-05-25 23:00:22,734 - INFO - Added no-bucket frame: C:/Users/Lev/Desktop/ZeroBlindSpot/data/2025-05-25_22-39-34\no_bucket\frame_0042.jpg
2025-05-25 23:00:22,734 - INFO - Added no-bucket frame: C:/Users/Lev/Desktop/ZeroBlindSpot/data/2025-05-25_22-39-34\no_bucket\frame_0043.jpg
2025-05-25 23:00:22,734 - INFO - Added no-bucket frame: C:/Users/Lev/Desktop/ZeroBlindSpot/data/2025-05-25_22-39-34\no_bucket\frame_0045.jpg
2025-05-25 23:00:22,734 - INFO - Added no-bucket frame: C:/Users/Lev/Desktop/ZeroBlindSpot/data/2025-05-25_22-39-34\no_bucket\frame_0046.jpg
2025-05-25 23:00:22,734 - INFO - Added no-bucket frame: C:/Users/Lev/Desktop/ZeroBlindSpot/data/2025-05-25_22-39-34\no_bucket\frame_0047.jpg
2025-05-25 23:00:22,734 - INFO - Added no-bucket frame: C:/Users/Lev/Desktop/ZeroBlindSpot/data/2025-05-25_22-39-34\no_bucket\frame_0048.jpg
2025-05-25 23:00:22,734 - INFO - Added no-bucket frame: C:/Users/Lev/Desktop/ZeroBlindSpot/data/2025-05-25_22-39-34\no_bucket\frame_0049.jpg
2025-05-25 23:00:22,734 - INFO - Added no-bucket frame: C:/Users/Lev/Desktop/ZeroBlindSpot/data/2025-05-25_22-39-34\no_bucket\frame_0050.jpg
2025-05-25 23:00:22,734 - INFO - Added no-bucket frame: C:/Users/Lev/Desktop/ZeroBlindSpot/data/2025-05-25_22-39-34\no_bucket\frame_0051.jpg
2025-05-25 23:00:22,734 - INFO - Added no-bucket frame: C:/Users/Lev/Desktop/ZeroBlindSpot/data/2025-05-25_22-39-34\no_bucket\frame_0052.jpg
2025-05-25 23:00:22,734 - INFO - Added no-bucket frame: C:/Users/Lev/Desktop/ZeroBlindSpot/data/2025-05-25_22-39-34\no_bucket\frame_0054.jpg
2025-05-25 23:00:22,734 - INFO - Added no-bucket frame: C:/Users/Lev/Desktop/ZeroBlindSpot/data/2025-05-25_22-39-34\no_bucket\frame_0057.jpg
2025-05-25 23:00:22,734 - INFO - Added no-bucket frame: C:/Users/Lev/Desktop/ZeroBlindSpot/data/2025-05-25_22-39-34\no_bucket\frame_0058.jpg
2025-05-25 23:00:22,734 - INFO - Added no-bucket frame: C:/Users/Lev/Desktop/ZeroBlindSpot/data/2025-05-25_22-39-34\no_bucket\frame_0059.jpg
2025-05-25 23:00:22,734 - INFO - Added no-bucket frame: C:/Users/Lev/Desktop/ZeroBlindSpot/data/2025-05-25_22-39-34\no_bucket\frame_0060.jpg
2025-05-25 23:00:22,734 - INFO - Added no-bucket frame: C:/Users/Lev/Desktop/ZeroBlindSpot/data/2025-05-25_22-39-34\no_bucket\frame_0061.jpg
2025-05-25 23:00:22,734 - INFO - Added no-bucket frame: C:/Users/Lev/Desktop/ZeroBlindSpot/data/2025-05-25_22-39-34\no_bucket\frame_0062.jpg
2025-05-25 23:00:22,734 - INFO - Added no-bucket frame: C:/Users/Lev/Desktop/ZeroBlindSpot/data/2025-05-25_22-39-34\no_bucket\frame_0063.jpg
2025-05-25 23:00:22,734 - INFO - Added no-bucket frame: C:/Users/Lev/Desktop/ZeroBlindSpot/data/2025-05-25_22-39-34\no_bucket\frame_0064.jpg
2025-05-25 23:00:22,734 - INFO - Added no-bucket frame: C:/Users/Lev/Desktop/ZeroBlindSpot/data/2025-05-25_22-39-34\no_bucket\frame_0065.jpg
2025-05-25 23:00:22,734 - INFO - Added no-bucket frame: C:/Users/Lev/Desktop/ZeroBlindSpot/data/2025-05-25_22-39-34\no_bucket\frame_0069.jpg
2025-05-25 23:00:22,734 - INFO - Added no-bucket frame: C:/Users/Lev/Desktop/ZeroBlindSpot/data/2025-05-25_22-39-34\no_bucket\frame_0070.jpg
2025-05-25 23:00:22,734 - INFO - Added no-bucket frame: C:/Users/Lev/Desktop/ZeroBlindSpot/data/2025-05-25_22-39-34\no_bucket\frame_0071.jpg
2025-05-25 23:00:22,734 - INFO - Added no-bucket frame: C:/Users/Lev/Desktop/ZeroBlindSpot/data/2025-05-25_22-39-34\no_bucket\frame_0072.jpg
2025-05-25 23:00:22,734 - INFO - Added no-bucket frame: C:/Users/Lev/Desktop/ZeroBlindSpot/data/2025-05-25_22-39-34\no_bucket\frame_0074.jpg
2025-05-25 23:00:22,734 - INFO - Added no-bucket frame: C:/Users/Lev/Desktop/ZeroBlindSpot/data/2025-05-25_22-39-34\no_bucket\frame_0075.jpg
2025-05-25 23:00:22,735 - INFO - Added no-bucket frame: C:/Users/Lev/Desktop/ZeroBlindSpot/data/2025-05-25_22-39-34\no_bucket\frame_0076.jpg
2025-05-25 23:00:22,735 - INFO - Added no-bucket frame: C:/Users/Lev/Desktop/ZeroBlindSpot/data/2025-05-25_22-39-34\no_bucket\frame_0077.jpg
2025-05-25 23:00:22,735 - INFO - Added no-bucket frame: C:/Users/Lev/Desktop/ZeroBlindSpot/data/2025-05-25_22-39-34\no_bucket\frame_0080.jpg
2025-05-25 23:00:22,735 - INFO - Added no-bucket frame: C:/Users/Lev/Desktop/ZeroBlindSpot/data/2025-05-25_22-39-34\no_bucket\frame_0082.jpg
2025-05-25 23:00:22,735 - INFO - Added no-bucket frame: C:/Users/Lev/Desktop/ZeroBlindSpot/data/2025-05-25_22-39-34\no_bucket\frame_0083.jpg
2025-05-25 23:00:22,735 - INFO - Added no-bucket frame: C:/Users/Lev/Desktop/ZeroBlindSpot/data/2025-05-25_22-39-34\no_bucket\frame_0084.jpg
2025-05-25 23:00:22,735 - INFO - Added no-bucket frame: C:/Users/Lev/Desktop/ZeroBlindSpot/data/2025-05-25_22-39-34\no_bucket\frame_0086.jpg
2025-05-25 23:00:22,735 - INFO - Added no-bucket frame: C:/Users/Lev/Desktop/ZeroBlindSpot/data/2025-05-25_22-39-34\no_bucket\frame_0088.jpg
2025-05-25 23:00:22,735 - INFO - Added no-bucket frame: C:/Users/Lev/Desktop/ZeroBlindSpot/data/2025-05-25_22-39-34\no_bucket\frame_0089.jpg
2025-05-25 23:00:22,735 - INFO - Added no-bucket frame: C:/Users/Lev/Desktop/ZeroBlindSpot/data/2025-05-25_22-39-34\no_bucket\frame_0090.jpg
2025-05-25 23:00:22,735 - INFO - Added no-bucket frame: C:/Users/Lev/Desktop/ZeroBlindSpot/data/2025-05-25_22-39-34\no_bucket\frame_0091.jpg
2025-05-25 23:00:22,735 - INFO - Added no-bucket frame: C:/Users/Lev/Desktop/ZeroBlindSpot/data/2025-05-25_22-39-34\no_bucket\frame_0092.jpg
2025-05-25 23:00:22,735 - INFO - Added no-bucket frame: C:/Users/Lev/Desktop/ZeroBlindSpot/data/2025-05-25_22-39-34\no_bucket\frame_0094.jpg
2025-05-25 23:00:22,735 - INFO - Added no-bucket frame: C:/Users/Lev/Desktop/ZeroBlindSpot/data/2025-05-25_22-39-34\no_bucket\frame_0095.jpg
2025-05-25 23:00:22,735 - INFO - Added no-bucket frame: C:/Users/Lev/Desktop/ZeroBlindSpot/data/2025-05-25_22-39-34\no_bucket\frame_0098.jpg
2025-05-25 23:00:22,735 - INFO - Added no-bucket frame: C:/Users/Lev/Desktop/ZeroBlindSpot/data/2025-05-25_22-39-34\no_bucket\frame_0099.jpg
2025-05-25 23:00:22,735 - INFO - Added no-bucket frame: C:/Users/Lev/Desktop/ZeroBlindSpot/data/2025-05-25_22-39-34\no_bucket\frame_0100.jpg
2025-05-25 23:00:22,735 - INFO - Added no-bucket frame: C:/Users/Lev/Desktop/ZeroBlindSpot/data/2025-05-25_22-39-34\no_bucket\frame_0101.jpg
2025-05-25 23:00:22,735 - INFO - Added no-bucket frame: C:/Users/Lev/Desktop/ZeroBlindSpot/data/2025-05-25_22-39-34\no_bucket\frame_0104.jpg
2025-05-25 23:00:22,735 - INFO - Added no-bucket frame: C:/Users/Lev/Desktop/ZeroBlindSpot/data/2025-05-25_22-39-34\no_bucket\frame_0105.jpg
2025-05-25 23:00:22,735 - INFO - Added no-bucket frame: C:/Users/Lev/Desktop/ZeroBlindSpot/data/2025-05-25_22-39-34\no_bucket\frame_0117.jpg
2025-05-25 23:00:22,735 - INFO - Added no-bucket frame: C:/Users/Lev/Desktop/ZeroBlindSpot/data/2025-05-25_22-39-34\no_bucket\frame_0118.jpg
2025-05-25 23:00:22,735 - INFO - Added no-bucket frame: C:/Users/Lev/Desktop/ZeroBlindSpot/data/2025-05-25_22-39-34\no_bucket\frame_0119.jpg
2025-05-25 23:00:22,735 - INFO - Added no-bucket frame: C:/Users/Lev/Desktop/ZeroBlindSpot/data/2025-05-25_22-39-34\no_bucket\frame_0120.jpg
2025-05-25 23:00:22,735 - INFO - Added no-bucket frame: C:/Users/Lev/Desktop/ZeroBlindSpot/data/2025-05-25_22-39-34\no_bucket\frame_0121.jpg
2025-05-25 23:00:22,735 - INFO - Added no-bucket frame: C:/Users/Lev/Desktop/ZeroBlindSpot/data/2025-05-25_22-39-34\no_bucket\frame_0123.jpg
2025-05-25 23:00:22,735 - INFO - Added no-bucket frame: C:/Users/Lev/Desktop/ZeroBlindSpot/data/2025-05-25_22-39-34\no_bucket\frame_0124.jpg
2025-05-25 23:00:22,736 - INFO - Added no-bucket frame: C:/Users/Lev/Desktop/ZeroBlindSpot/data/2025-05-25_22-39-34\no_bucket\frame_0125.jpg
2025-05-25 23:00:22,736 - INFO - Added no-bucket frame: C:/Users/Lev/Desktop/ZeroBlindSpot/data/2025-05-25_22-39-34\no_bucket\frame_0128.jpg
2025-05-25 23:00:22,736 - INFO - Added no-bucket frame: C:/Users/Lev/Desktop/ZeroBlindSpot/data/2025-05-25_22-39-34\no_bucket\frame_0129.jpg
2025-05-25 23:00:22,736 - INFO - Added no-bucket frame: C:/Users/Lev/Desktop/ZeroBlindSpot/data/2025-05-25_22-39-34\no_bucket\frame_0130.jpg
2025-05-25 23:00:22,736 - INFO - Added no-bucket frame: C:/Users/Lev/Desktop/ZeroBlindSpot/data/2025-05-25_22-39-34\no_bucket\frame_0131.jpg
2025-05-25 23:00:22,736 - INFO - Added no-bucket frame: C:/Users/Lev/Desktop/ZeroBlindSpot/data/2025-05-25_22-39-34\no_bucket\frame_0134.jpg
2025-05-25 23:00:22,736 - INFO - Added no-bucket frame: C:/Users/Lev/Desktop/ZeroBlindSpot/data/2025-05-25_22-39-34\no_bucket\frame_0135.jpg
2025-05-25 23:00:22,736 - INFO - Added no-bucket frame: C:/Users/Lev/Desktop/ZeroBlindSpot/data/2025-05-25_22-39-34\no_bucket\frame_0139.jpg
2025-05-25 23:00:22,736 - INFO - Added no-bucket frame: C:/Users/Lev/Desktop/ZeroBlindSpot/data/2025-05-25_22-39-34\no_bucket\frame_0140.jpg
2025-05-25 23:00:22,736 - INFO - Added no-bucket frame: C:/Users/Lev/Desktop/ZeroBlindSpot/data/2025-05-25_22-39-34\no_bucket\frame_0141.jpg
2025-05-25 23:00:22,736 - INFO - Added no-bucket frame: C:/Users/Lev/Desktop/ZeroBlindSpot/data/2025-05-25_22-39-34\no_bucket\frame_0142.jpg
2025-05-25 23:00:22,736 - INFO - Added no-bucket frame: C:/Users/Lev/Desktop/ZeroBlindSpot/data/2025-05-25_22-39-34\no_bucket\frame_0143.jpg
2025-05-25 23:00:22,736 - INFO - Added no-bucket frame: C:/Users/Lev/Desktop/ZeroBlindSpot/data/2025-05-25_22-39-34\no_bucket\frame_0144.jpg
2025-05-25 23:00:22,736 - INFO - Added no-bucket frame: C:/Users/Lev/Desktop/ZeroBlindSpot/data/2025-05-25_22-39-34\no_bucket\frame_0146.jpg
2025-05-25 23:00:22,736 - INFO - Added no-bucket frame: C:/Users/Lev/Desktop/ZeroBlindSpot/data/2025-05-25_22-39-34\no_bucket\frame_0147.jpg
2025-05-25 23:00:22,736 - INFO - Added no-bucket frame: C:/Users/Lev/Desktop/ZeroBlindSpot/data/2025-05-25_22-39-34\no_bucket\frame_0148.jpg
2025-05-25 23:00:22,736 - INFO - Added no-bucket frame: C:/Users/Lev/Desktop/ZeroBlindSpot/data/2025-05-25_22-39-34\no_bucket\frame_0150.jpg
2025-05-25 23:00:22,736 - INFO - Added no-bucket frame: C:/Users/Lev/Desktop/ZeroBlindSpot/data/2025-05-25_22-39-34\no_bucket\frame_0151.jpg
2025-05-25 23:00:22,736 - INFO - Added no-bucket frame: C:/Users/Lev/Desktop/ZeroBlindSpot/data/2025-05-25_22-39-34\no_bucket\frame_0152.jpg
2025-05-25 23:00:22,736 - INFO - Added no-bucket frame: C:/Users/Lev/Desktop/ZeroBlindSpot/data/2025-05-25_22-39-34\no_bucket\frame_0153.jpg
2025-05-25 23:00:22,736 - INFO - Added no-bucket frame: C:/Users/Lev/Desktop/ZeroBlindSpot/data/2025-05-25_22-39-34\no_bucket\frame_0155.jpg
2025-05-25 23:00:22,736 - INFO - Added no-bucket frame: C:/Users/Lev/Desktop/ZeroBlindSpot/data/2025-05-25_22-39-34\no_bucket\frame_0160.jpg
2025-05-25 23:00:22,736 - INFO - Added no-bucket frame: C:/Users/Lev/Desktop/ZeroBlindSpot/data/2025-05-25_22-39-34\no_bucket\frame_0162.jpg
2025-05-25 23:00:22,736 - INFO - Added no-bucket frame: C:/Users/Lev/Desktop/ZeroBlindSpot/data/2025-05-25_22-39-34\no_bucket\frame_0164.jpg
2025-05-25 23:00:22,736 - INFO - Added no-bucket frame: C:/Users/Lev/Desktop/ZeroBlindSpot/data/2025-05-25_22-39-34\no_bucket\frame_0165.jpg
2025-05-25 23:00:22,736 - INFO - Added no-bucket frame: C:/Users/Lev/Desktop/ZeroBlindSpot/data/2025-05-25_22-39-34\no_bucket\frame_0166.jpg
2025-05-25 23:00:22,736 - INFO - Added no-bucket frame: C:/Users/Lev/Desktop/ZeroBlindSpot/data/2025-05-25_22-39-34\no_bucket\frame_0167.jpg
2025-05-25 23:00:22,736 - INFO - Added no-bucket frame: C:/Users/Lev/Desktop/ZeroBlindSpot/data/2025-05-25_22-39-34\no_bucket\frame_0168.jpg
2025-05-25 23:00:22,737 - INFO - Added no-bucket frame: C:/Users/Lev/Desktop/ZeroBlindSpot/data/2025-05-25_22-39-34\no_bucket\frame_0169.jpg
2025-05-25 23:00:22,737 - INFO - Added no-bucket frame: C:/Users/Lev/Desktop/ZeroBlindSpot/data/2025-05-25_22-39-34\no_bucket\frame_0170.jpg
2025-05-25 23:00:22,737 - INFO - Added no-bucket frame: C:/Users/Lev/Desktop/ZeroBlindSpot/data/2025-05-25_22-39-34\no_bucket\frame_0171.jpg
2025-05-25 23:00:22,737 - INFO - Added no-bucket frame: C:/Users/Lev/Desktop/ZeroBlindSpot/data/2025-05-25_22-39-34\no_bucket\frame_0172.jpg
2025-05-25 23:00:22,737 - INFO - Added no-bucket frame: C:/Users/Lev/Desktop/ZeroBlindSpot/data/2025-05-25_22-39-34\no_bucket\frame_0173.jpg
2025-05-25 23:00:22,737 - INFO - Added no-bucket frame: C:/Users/Lev/Desktop/ZeroBlindSpot/data/2025-05-25_22-39-34\no_bucket\frame_0174.jpg
2025-05-25 23:00:22,737 - INFO - Added no-bucket frame: C:/Users/Lev/Desktop/ZeroBlindSpot/data/2025-05-25_22-39-34\no_bucket\frame_0177.jpg
2025-05-25 23:00:22,737 - INFO - Added no-bucket frame: C:/Users/Lev/Desktop/ZeroBlindSpot/data/2025-05-25_22-39-34\no_bucket\frame_0178.jpg
2025-05-25 23:00:22,737 - INFO - Added no-bucket frame: C:/Users/Lev/Desktop/ZeroBlindSpot/data/2025-05-25_22-39-34\no_bucket\frame_0179.jpg
2025-05-25 23:00:22,737 - INFO - Added no-bucket frame: C:/Users/Lev/Desktop/ZeroBlindSpot/data/2025-05-25_22-39-34\no_bucket\frame_0184.jpg
2025-05-25 23:00:22,737 - INFO - Added no-bucket frame: C:/Users/Lev/Desktop/ZeroBlindSpot/data/2025-05-25_22-39-34\no_bucket\frame_0185.jpg
2025-05-25 23:00:22,737 - INFO - Added no-bucket frame: C:/Users/Lev/Desktop/ZeroBlindSpot/data/2025-05-25_22-39-34\no_bucket\frame_0186.jpg
2025-05-25 23:00:22,737 - INFO - Added no-bucket frame: C:/Users/Lev/Desktop/ZeroBlindSpot/data/2025-05-25_22-39-34\no_bucket\frame_0188.jpg
2025-05-25 23:00:22,737 - INFO - Added no-bucket frame: C:/Users/Lev/Desktop/ZeroBlindSpot/data/2025-05-25_22-39-34\no_bucket\frame_0189.jpg
2025-05-25 23:00:22,737 - INFO - Added no-bucket frame: C:/Users/Lev/Desktop/ZeroBlindSpot/data/2025-05-25_22-39-34\no_bucket\frame_0190.jpg
2025-05-25 23:00:22,737 - INFO - Added no-bucket frame: C:/Users/Lev/Desktop/ZeroBlindSpot/data/2025-05-25_22-39-34\no_bucket\frame_0192.jpg
2025-05-25 23:00:22,737 - INFO - Added no-bucket frame: C:/Users/Lev/Desktop/ZeroBlindSpot/data/2025-05-25_22-39-34\no_bucket\frame_0195.jpg
2025-05-25 23:00:22,737 - INFO - Added no-bucket frame: C:/Users/Lev/Desktop/ZeroBlindSpot/data/2025-05-25_22-39-34\no_bucket\frame_0196.jpg
2025-05-25 23:00:22,737 - INFO - Added no-bucket frame: C:/Users/Lev/Desktop/ZeroBlindSpot/data/2025-05-25_22-39-34\no_bucket\frame_0197.jpg
2025-05-25 23:00:22,737 - INFO - Added no-bucket frame: C:/Users/Lev/Desktop/ZeroBlindSpot/data/2025-05-25_22-39-34\no_bucket\frame_0200.jpg
2025-05-25 23:00:22,737 - INFO - Added no-bucket frame: C:/Users/Lev/Desktop/ZeroBlindSpot/data/2025-05-25_22-39-34\no_bucket\frame_0201.jpg
2025-05-25 23:00:22,737 - INFO - Added no-bucket frame: C:/Users/Lev/Desktop/ZeroBlindSpot/data/2025-05-25_22-39-34\no_bucket\frame_0202.jpg
2025-05-25 23:00:22,737 - INFO - Added no-bucket frame: C:/Users/Lev/Desktop/ZeroBlindSpot/data/2025-05-25_22-39-34\no_bucket\frame_0203.jpg
2025-05-25 23:00:22,737 - INFO - Added no-bucket frame: C:/Users/Lev/Desktop/ZeroBlindSpot/data/2025-05-25_22-39-34\no_bucket\frame_0204.jpg
2025-05-25 23:00:22,737 - INFO - Added no-bucket frame: C:/Users/Lev/Desktop/ZeroBlindSpot/data/2025-05-25_22-39-34\no_bucket\frame_0206.jpg
2025-05-25 23:00:22,737 - INFO - Added no-bucket frame: C:/Users/Lev/Desktop/ZeroBlindSpot/data/2025-05-25_22-39-34\no_bucket\frame_0207.jpg
2025-05-25 23:00:22,737 - INFO - Added no-bucket frame: C:/Users/Lev/Desktop/ZeroBlindSpot/data/2025-05-25_22-39-34\no_bucket\frame_0208.jpg
2025-05-25 23:00:22,737 - INFO - Added no-bucket frame: C:/Users/Lev/Desktop/ZeroBlindSpot/data/2025-05-25_22-39-34\no_bucket\frame_0209.jpg
2025-05-25 23:00:22,738 - INFO - Added no-bucket frame: C:/Users/Lev/Desktop/ZeroBlindSpot/data/2025-05-25_22-39-34\no_bucket\frame_0210.jpg
2025-05-25 23:00:22,738 - INFO - Added no-bucket frame: C:/Users/Lev/Desktop/ZeroBlindSpot/data/2025-05-25_22-39-34\no_bucket\frame_0212.jpg
2025-05-25 23:00:22,738 - INFO - Added no-bucket frame: C:/Users/Lev/Desktop/ZeroBlindSpot/data/2025-05-25_22-39-34\no_bucket\frame_0213.jpg
2025-05-25 23:00:22,738 - INFO - Added no-bucket frame: C:/Users/Lev/Desktop/ZeroBlindSpot/data/2025-05-25_22-39-34\no_bucket\frame_0214.jpg
2025-05-25 23:00:22,738 - INFO - Added no-bucket frame: C:/Users/Lev/Desktop/ZeroBlindSpot/data/2025-05-25_22-39-34\no_bucket\frame_0215.jpg
2025-05-25 23:00:22,738 - INFO - Added no-bucket frame: C:/Users/Lev/Desktop/ZeroBlindSpot/data/2025-05-25_22-39-34\no_bucket\frame_0217.jpg
2025-05-25 23:00:22,738 - INFO - Added no-bucket frame: C:/Users/Lev/Desktop/ZeroBlindSpot/data/2025-05-25_22-39-34\no_bucket\frame_0219.jpg
2025-05-25 23:00:22,738 - INFO - Added no-bucket frame: C:/Users/Lev/Desktop/ZeroBlindSpot/data/2025-05-25_22-39-34\no_bucket\frame_0220.jpg
2025-05-25 23:00:22,738 - INFO - Added no-bucket frame: C:/Users/Lev/Desktop/ZeroBlindSpot/data/2025-05-25_22-39-34\no_bucket\frame_0221.jpg
2025-05-25 23:00:22,738 - INFO - Added no-bucket frame: C:/Users/Lev/Desktop/ZeroBlindSpot/data/2025-05-25_22-39-34\no_bucket\frame_0222.jpg
2025-05-25 23:00:22,738 - INFO - Added no-bucket frame: C:/Users/Lev/Desktop/ZeroBlindSpot/data/2025-05-25_22-39-34\no_bucket\frame_0223.jpg
2025-05-25 23:00:22,738 - INFO - Added no-bucket frame: C:/Users/Lev/Desktop/ZeroBlindSpot/data/2025-05-25_22-39-34\no_bucket\frame_0224.jpg
2025-05-25 23:00:22,738 - INFO - Added no-bucket frame: C:/Users/Lev/Desktop/ZeroBlindSpot/data/2025-05-25_22-39-34\no_bucket\frame_0226.jpg
2025-05-25 23:00:22,738 - INFO - Added no-bucket frame: C:/Users/Lev/Desktop/ZeroBlindSpot/data/2025-05-25_22-39-34\no_bucket\frame_0227.jpg
2025-05-25 23:00:22,738 - INFO - Added no-bucket frame: C:/Users/Lev/Desktop/ZeroBlindSpot/data/2025-05-25_22-39-34\no_bucket\frame_0229.jpg
2025-05-25 23:00:22,738 - INFO - Added no-bucket frame: C:/Users/Lev/Desktop/ZeroBlindSpot/data/2025-05-25_22-39-34\no_bucket\frame_0230.jpg
2025-05-25 23:00:22,738 - INFO - Added no-bucket frame: C:/Users/Lev/Desktop/ZeroBlindSpot/data/2025-05-25_22-39-34\no_bucket\frame_0231.jpg
2025-05-25 23:00:22,738 - INFO - Added no-bucket frame: C:/Users/Lev/Desktop/ZeroBlindSpot/data/2025-05-25_22-39-34\no_bucket\frame_0232.jpg
2025-05-25 23:00:22,738 - INFO - Added no-bucket frame: C:/Users/Lev/Desktop/ZeroBlindSpot/data/2025-05-25_22-39-34\no_bucket\frame_0233.jpg
2025-05-25 23:00:22,738 - INFO - Added no-bucket frame: C:/Users/Lev/Desktop/ZeroBlindSpot/data/2025-05-25_22-39-34\no_bucket\frame_0234.jpg
2025-05-25 23:00:22,738 - INFO - Added no-bucket frame: C:/Users/Lev/Desktop/ZeroBlindSpot/data/2025-05-25_22-39-34\no_bucket\frame_0235.jpg
2025-05-25 23:00:22,738 - INFO - Added no-bucket frame: C:/Users/Lev/Desktop/ZeroBlindSpot/data/2025-05-25_22-39-34\no_bucket\frame_0236.jpg
2025-05-25 23:00:22,738 - INFO - Added no-bucket frame: C:/Users/Lev/Desktop/ZeroBlindSpot/data/2025-05-25_22-39-34\no_bucket\frame_0237.jpg
2025-05-25 23:00:22,738 - INFO - Added no-bucket frame: C:/Users/Lev/Desktop/ZeroBlindSpot/data/2025-05-25_22-39-34\no_bucket\frame_0238.jpg
2025-05-25 23:00:22,738 - INFO - Added no-bucket frame: C:/Users/Lev/Desktop/ZeroBlindSpot/data/2025-05-25_22-39-34\no_bucket\frame_0240.jpg
2025-05-25 23:00:22,738 - INFO - Added no-bucket frame: C:/Users/Lev/Desktop/ZeroBlindSpot/data/2025-05-25_22-39-34\no_bucket\frame_0241.jpg
2025-05-25 23:00:22,738 - INFO - Added no-bucket frame: C:/Users/Lev/Desktop/ZeroBlindSpot/data/2025-05-25_22-39-34\no_bucket\frame_0242.jpg
2025-05-25 23:00:22,739 - INFO - Added no-bucket frame: C:/Users/Lev/Desktop/ZeroBlindSpot/data/2025-05-25_22-39-34\no_bucket\frame_0243.jpg
2025-05-25 23:00:22,739 - INFO - Added no-bucket frame: C:/Users/Lev/Desktop/ZeroBlindSpot/data/2025-05-25_22-39-34\no_bucket\frame_0245.jpg
2025-05-25 23:00:22,739 - INFO - Added no-bucket frame: C:/Users/Lev/Desktop/ZeroBlindSpot/data/2025-05-25_22-39-34\no_bucket\frame_0246.jpg
2025-05-25 23:00:22,739 - INFO - Added no-bucket frame: C:/Users/Lev/Desktop/ZeroBlindSpot/data/2025-05-25_22-39-34\no_bucket\frame_0248.jpg
2025-05-25 23:00:22,739 - INFO - Added no-bucket frame: C:/Users/Lev/Desktop/ZeroBlindSpot/data/2025-05-25_22-39-34\no_bucket\frame_0249.jpg
2025-05-25 23:00:22,739 - INFO - Added no-bucket frame: C:/Users/Lev/Desktop/ZeroBlindSpot/data/2025-05-25_22-39-34\no_bucket\frame_0250.jpg
2025-05-25 23:00:22,739 - INFO - Added no-bucket frame: C:/Users/Lev/Desktop/ZeroBlindSpot/data/2025-05-25_22-39-34\no_bucket\frame_0251.jpg
2025-05-25 23:00:22,739 - INFO - Added no-bucket frame: C:/Users/Lev/Desktop/ZeroBlindSpot/data/2025-05-25_22-39-34\no_bucket\frame_0252.jpg
2025-05-25 23:00:22,739 - INFO - Added no-bucket frame: C:/Users/Lev/Desktop/ZeroBlindSpot/data/2025-05-25_22-39-34\no_bucket\frame_0255.jpg
2025-05-25 23:00:22,739 - INFO - Added no-bucket frame: C:/Users/Lev/Desktop/ZeroBlindSpot/data/2025-05-25_22-39-34\no_bucket\frame_0256.jpg
2025-05-25 23:00:22,739 - INFO - Added no-bucket frame: C:/Users/Lev/Desktop/ZeroBlindSpot/data/2025-05-25_22-39-34\no_bucket\frame_0257.jpg
2025-05-25 23:00:22,739 - INFO - Added no-bucket frame: C:/Users/Lev/Desktop/ZeroBlindSpot/data/2025-05-25_22-39-34\no_bucket\frame_0258.jpg
2025-05-25 23:00:22,739 - INFO - Added no-bucket frame: C:/Users/Lev/Desktop/ZeroBlindSpot/data/2025-05-25_22-39-34\no_bucket\frame_0259.jpg
2025-05-25 23:00:22,739 - INFO - Added no-bucket frame: C:/Users/Lev/Desktop/ZeroBlindSpot/data/2025-05-25_22-39-34\no_bucket\frame_0261.jpg
2025-05-25 23:00:22,739 - INFO - Added no-bucket frame: C:/Users/Lev/Desktop/ZeroBlindSpot/data/2025-05-25_22-39-34\no_bucket\frame_0262.jpg
2025-05-25 23:00:22,739 - INFO - Added no-bucket frame: C:/Users/Lev/Desktop/ZeroBlindSpot/data/2025-05-25_22-39-34\no_bucket\frame_0263.jpg
2025-05-25 23:00:22,739 - INFO - Added no-bucket frame: C:/Users/Lev/Desktop/ZeroBlindSpot/data/2025-05-25_22-39-34\no_bucket\frame_0264.jpg
2025-05-25 23:00:22,739 - INFO - Added no-bucket frame: C:/Users/Lev/Desktop/ZeroBlindSpot/data/2025-05-25_22-39-34\no_bucket\frame_0267.jpg
2025-05-25 23:00:22,739 - INFO - Added no-bucket frame: C:/Users/Lev/Desktop/ZeroBlindSpot/data/2025-05-25_22-39-34\no_bucket\frame_0268.jpg
2025-05-25 23:00:22,739 - INFO - Added no-bucket frame: C:/Users/Lev/Desktop/ZeroBlindSpot/data/2025-05-25_22-39-34\no_bucket\frame_0269.jpg
2025-05-25 23:00:22,739 - INFO - Added no-bucket frame: C:/Users/Lev/Desktop/ZeroBlindSpot/data/2025-05-25_22-39-34\no_bucket\frame_0270.jpg
2025-05-25 23:00:22,739 - INFO - Added no-bucket frame: C:/Users/Lev/Desktop/ZeroBlindSpot/data/2025-05-25_22-39-34\no_bucket\frame_0271.jpg
2025-05-25 23:00:22,739 - INFO - Added no-bucket frame: C:/Users/Lev/Desktop/ZeroBlindSpot/data/2025-05-25_22-39-34\no_bucket\frame_0272.jpg
2025-05-25 23:00:22,739 - INFO - Added no-bucket frame: C:/Users/Lev/Desktop/ZeroBlindSpot/data/2025-05-25_22-39-34\no_bucket\frame_0273.jpg
2025-05-25 23:00:22,739 - INFO - Added no-bucket frame: C:/Users/Lev/Desktop/ZeroBlindSpot/data/2025-05-25_22-39-34\no_bucket\frame_0274.jpg
2025-05-25 23:00:22,739 - INFO - Added no-bucket frame: C:/Users/Lev/Desktop/ZeroBlindSpot/data/2025-05-25_22-39-34\no_bucket\frame_0275.jpg
2025-05-25 23:00:22,739 - INFO - Added no-bucket frame: C:/Users/Lev/Desktop/ZeroBlindSpot/data/2025-05-25_22-39-34\no_bucket\frame_0276.jpg
2025-05-25 23:00:22,739 - INFO - Added no-bucket frame: C:/Users/Lev/Desktop/ZeroBlindSpot/data/2025-05-25_22-39-34\no_bucket\frame_0277.jpg
2025-05-25 23:00:22,740 - INFO - Added no-bucket frame: C:/Users/Lev/Desktop/ZeroBlindSpot/data/2025-05-25_22-39-34\no_bucket\frame_0281.jpg
2025-05-25 23:00:22,740 - INFO - Added no-bucket frame: C:/Users/Lev/Desktop/ZeroBlindSpot/data/2025-05-25_22-39-34\no_bucket\frame_0282.jpg
2025-05-25 23:00:22,740 - INFO - Added no-bucket frame: C:/Users/Lev/Desktop/ZeroBlindSpot/data/2025-05-25_22-39-34\no_bucket\frame_0286.jpg
2025-05-25 23:00:22,740 - INFO - Added no-bucket frame: C:/Users/Lev/Desktop/ZeroBlindSpot/data/2025-05-25_22-39-34\no_bucket\frame_0291.jpg
2025-05-25 23:00:22,740 - INFO - Added no-bucket frame: C:/Users/Lev/Desktop/ZeroBlindSpot/data/2025-05-25_22-39-34\no_bucket\frame_0295.jpg
2025-05-25 23:00:22,740 - INFO - Added no-bucket frame: C:/Users/Lev/Desktop/ZeroBlindSpot/data/2025-05-25_22-39-34\no_bucket\frame_0296.jpg
2025-05-25 23:00:22,740 - INFO - Added no-bucket frame: C:/Users/Lev/Desktop/ZeroBlindSpot/data/2025-05-25_22-39-34\no_bucket\frame_0301.jpg
2025-05-25 23:00:22,740 - INFO - Added no-bucket frame: C:/Users/Lev/Desktop/ZeroBlindSpot/data/2025-05-25_22-39-34\no_bucket\frame_0302.jpg
2025-05-25 23:00:22,740 - INFO - Added no-bucket frame: C:/Users/Lev/Desktop/ZeroBlindSpot/data/2025-05-25_22-39-34\no_bucket\frame_0303.jpg
2025-05-25 23:00:22,740 - INFO - Added no-bucket frame: C:/Users/Lev/Desktop/ZeroBlindSpot/data/2025-05-25_22-39-34\no_bucket\frame_0304.jpg
2025-05-25 23:00:22,740 - INFO - Added no-bucket frame: C:/Users/Lev/Desktop/ZeroBlindSpot/data/2025-05-25_22-39-34\no_bucket\frame_0305.jpg
2025-05-25 23:00:22,740 - INFO - Added no-bucket frame: C:/Users/Lev/Desktop/ZeroBlindSpot/data/2025-05-25_22-39-34\no_bucket\frame_0306.jpg
2025-05-25 23:00:22,740 - INFO - Added no-bucket frame: C:/Users/Lev/Desktop/ZeroBlindSpot/data/2025-05-25_22-39-34\no_bucket\frame_0307.jpg
2025-05-25 23:00:22,740 - INFO - Added no-bucket frame: C:/Users/Lev/Desktop/ZeroBlindSpot/data/2025-05-25_22-39-34\no_bucket\frame_0308.jpg
2025-05-25 23:00:22,740 - INFO - Added no-bucket frame: C:/Users/Lev/Desktop/ZeroBlindSpot/data/2025-05-25_22-39-34\no_bucket\frame_0309.jpg
2025-05-25 23:00:22,740 - INFO - Added no-bucket frame: C:/Users/Lev/Desktop/ZeroBlindSpot/data/2025-05-25_22-39-34\no_bucket\frame_0310.jpg
2025-05-25 23:00:22,740 - INFO - Added no-bucket frame: C:/Users/Lev/Desktop/ZeroBlindSpot/data/2025-05-25_22-39-34\no_bucket\frame_0312.jpg
2025-05-25 23:00:22,740 - INFO - Added no-bucket frame: C:/Users/Lev/Desktop/ZeroBlindSpot/data/2025-05-25_22-39-34\no_bucket\frame_0313.jpg
2025-05-25 23:00:22,740 - INFO - Added no-bucket frame: C:/Users/Lev/Desktop/ZeroBlindSpot/data/2025-05-25_22-39-34\no_bucket\frame_0314.jpg
2025-05-25 23:00:22,740 - INFO - Added no-bucket frame: C:/Users/Lev/Desktop/ZeroBlindSpot/data/2025-05-25_22-39-34\no_bucket\frame_0315.jpg
2025-05-25 23:00:22,740 - INFO - Added no-bucket frame: C:/Users/Lev/Desktop/ZeroBlindSpot/data/2025-05-25_22-39-34\no_bucket\frame_0316.jpg
2025-05-25 23:00:22,740 - INFO - Added no-bucket frame: C:/Users/Lev/Desktop/ZeroBlindSpot/data/2025-05-25_22-39-34\no_bucket\frame_0319.jpg
2025-05-25 23:00:22,740 - INFO - Added no-bucket frame: C:/Users/Lev/Desktop/ZeroBlindSpot/data/2025-05-25_22-39-34\no_bucket\frame_0320.jpg
2025-05-25 23:00:22,740 - INFO - Added no-bucket frame: C:/Users/Lev/Desktop/ZeroBlindSpot/data/2025-05-25_22-39-34\no_bucket\frame_0321.jpg
2025-05-25 23:00:22,740 - INFO - Added no-bucket frame: C:/Users/Lev/Desktop/ZeroBlindSpot/data/2025-05-25_22-39-34\no_bucket\frame_0322.jpg
2025-05-25 23:00:22,740 - INFO - Added no-bucket frame: C:/Users/Lev/Desktop/ZeroBlindSpot/data/2025-05-25_22-39-34\no_bucket\frame_0323.jpg
2025-05-25 23:00:22,740 - INFO - Added no-bucket frame: C:/Users/Lev/Desktop/ZeroBlindSpot/data/2025-05-25_22-39-34\no_bucket\frame_0324.jpg
2025-05-25 23:00:22,740 - INFO - Added no-bucket frame: C:/Users/Lev/Desktop/ZeroBlindSpot/data/2025-05-25_22-39-34\no_bucket\frame_0325.jpg
2025-05-25 23:00:22,741 - INFO - Added no-bucket frame: C:/Users/Lev/Desktop/ZeroBlindSpot/data/2025-05-25_22-39-34\no_bucket\frame_0327.jpg
2025-05-25 23:00:22,741 - INFO - Added no-bucket frame: C:/Users/Lev/Desktop/ZeroBlindSpot/data/2025-05-25_22-39-34\no_bucket\frame_0328.jpg
2025-05-25 23:00:22,741 - INFO - Added no-bucket frame: C:/Users/Lev/Desktop/ZeroBlindSpot/data/2025-05-25_22-39-34\no_bucket\frame_0331.jpg
2025-05-25 23:00:22,741 - INFO - Added no-bucket frame: C:/Users/Lev/Desktop/ZeroBlindSpot/data/2025-05-25_22-39-34\no_bucket\frame_0332.jpg
2025-05-25 23:00:22,741 - INFO - Added no-bucket frame: C:/Users/Lev/Desktop/ZeroBlindSpot/data/2025-05-25_22-39-34\no_bucket\frame_0333.jpg
2025-05-25 23:00:22,741 - INFO - Added no-bucket frame: C:/Users/Lev/Desktop/ZeroBlindSpot/data/2025-05-25_22-39-34\no_bucket\frame_0335.jpg
2025-05-25 23:00:22,741 - INFO - Added no-bucket frame: C:/Users/Lev/Desktop/ZeroBlindSpot/data/2025-05-25_22-39-34\no_bucket\frame_0336.jpg
2025-05-25 23:00:22,741 - INFO - Added no-bucket frame: C:/Users/Lev/Desktop/ZeroBlindSpot/data/2025-05-25_22-39-34\no_bucket\frame_0337.jpg
2025-05-25 23:00:22,741 - INFO - Added no-bucket frame: C:/Users/Lev/Desktop/ZeroBlindSpot/data/2025-05-25_22-39-34\no_bucket\frame_0338.jpg
2025-05-25 23:00:22,741 - INFO - Added no-bucket frame: C:/Users/Lev/Desktop/ZeroBlindSpot/data/2025-05-25_22-39-34\no_bucket\frame_0340.jpg
2025-05-25 23:00:22,741 - INFO - Added no-bucket frame: C:/Users/Lev/Desktop/ZeroBlindSpot/data/2025-05-25_22-39-34\no_bucket\frame_0341.jpg
2025-05-25 23:00:22,741 - INFO - Added no-bucket frame: C:/Users/Lev/Desktop/ZeroBlindSpot/data/2025-05-25_22-39-34\no_bucket\frame_0342.jpg
2025-05-25 23:00:22,741 - INFO - Added no-bucket frame: C:/Users/Lev/Desktop/ZeroBlindSpot/data/2025-05-25_22-39-34\no_bucket\frame_0343.jpg
2025-05-25 23:00:22,741 - INFO - Added no-bucket frame: C:/Users/Lev/Desktop/ZeroBlindSpot/data/2025-05-25_22-39-34\no_bucket\frame_0345.jpg
2025-05-25 23:00:22,741 - INFO - Added no-bucket frame: C:/Users/Lev/Desktop/ZeroBlindSpot/data/2025-05-25_22-39-34\no_bucket\frame_0346.jpg
2025-05-25 23:00:22,741 - INFO - Added no-bucket frame: C:/Users/Lev/Desktop/ZeroBlindSpot/data/2025-05-25_22-39-34\no_bucket\frame_0347.jpg
2025-05-25 23:00:22,741 - INFO - Added no-bucket frame: C:/Users/Lev/Desktop/ZeroBlindSpot/data/2025-05-25_22-39-34\no_bucket\frame_0348.jpg
2025-05-25 23:00:22,741 - INFO - Added no-bucket frame: C:/Users/Lev/Desktop/ZeroBlindSpot/data/2025-05-25_22-39-34\no_bucket\frame_0349.jpg
2025-05-25 23:00:22,741 - INFO - Added no-bucket frame: C:/Users/Lev/Desktop/ZeroBlindSpot/data/2025-05-25_22-39-34\no_bucket\frame_0350.jpg
2025-05-25 23:00:22,741 - INFO - Added no-bucket frame: C:/Users/Lev/Desktop/ZeroBlindSpot/data/2025-05-25_22-39-34\no_bucket\frame_0351.jpg
2025-05-25 23:00:22,741 - INFO - Added no-bucket frame: C:/Users/Lev/Desktop/ZeroBlindSpot/data/2025-05-25_22-39-34\no_bucket\frame_0352.jpg
2025-05-25 23:00:22,741 - INFO - Added no-bucket frame: C:/Users/Lev/Desktop/ZeroBlindSpot/data/2025-05-25_22-39-34\no_bucket\frame_0353.jpg
2025-05-25 23:00:22,741 - INFO - Added no-bucket frame: C:/Users/Lev/Desktop/ZeroBlindSpot/data/2025-05-25_22-39-34\no_bucket\frame_0355.jpg
2025-05-25 23:00:22,741 - INFO - Added no-bucket frame: C:/Users/Lev/Desktop/ZeroBlindSpot/data/2025-05-25_22-39-34\no_bucket\frame_0356.jpg
2025-05-25 23:00:22,741 - INFO - Added no-bucket frame: C:/Users/Lev/Desktop/ZeroBlindSpot/data/2025-05-25_22-39-34\no_bucket\frame_0357.jpg
2025-05-25 23:00:22,741 - INFO - Added no-bucket frame: C:/Users/Lev/Desktop/ZeroBlindSpot/data/2025-05-25_22-39-34\no_bucket\frame_0358.jpg
2025-05-25 23:00:22,741 - INFO - Added no-bucket frame: C:/Users/Lev/Desktop/ZeroBlindSpot/data/2025-05-25_22-39-34\no_bucket\frame_0359.jpg
2025-05-25 23:00:22,742 - INFO - Added no-bucket frame: C:/Users/Lev/Desktop/ZeroBlindSpot/data/2025-05-25_22-39-34\no_bucket\frame_0360.jpg
2025-05-25 23:00:22,742 - INFO - Added no-bucket frame: C:/Users/Lev/Desktop/ZeroBlindSpot/data/2025-05-25_22-39-34\no_bucket\frame_0361.jpg
2025-05-25 23:00:22,742 - INFO - Added no-bucket frame: C:/Users/Lev/Desktop/ZeroBlindSpot/data/2025-05-25_22-39-34\no_bucket\frame_0362.jpg
2025-05-25 23:00:22,742 - INFO - Added no-bucket frame: C:/Users/Lev/Desktop/ZeroBlindSpot/data/2025-05-25_22-39-34\no_bucket\frame_0363.jpg
2025-05-25 23:00:22,742 - INFO - Added no-bucket frame: C:/Users/Lev/Desktop/ZeroBlindSpot/data/2025-05-25_22-39-34\no_bucket\frame_0364.jpg
2025-05-25 23:00:22,742 - INFO - Added no-bucket frame: C:/Users/Lev/Desktop/ZeroBlindSpot/data/2025-05-25_22-39-34\no_bucket\frame_0365.jpg
2025-05-25 23:00:22,742 - INFO - Added no-bucket frame: C:/Users/Lev/Desktop/ZeroBlindSpot/data/2025-05-25_22-39-34\no_bucket\frame_0367.jpg
2025-05-25 23:00:22,742 - INFO - Added no-bucket frame: C:/Users/Lev/Desktop/ZeroBlindSpot/data/2025-05-25_22-39-34\no_bucket\frame_0368.jpg
2025-05-25 23:00:22,742 - INFO - Added no-bucket frame: C:/Users/Lev/Desktop/ZeroBlindSpot/data/2025-05-25_22-39-34\no_bucket\frame_0369.jpg
2025-05-25 23:00:22,742 - INFO - Added no-bucket frame: C:/Users/Lev/Desktop/ZeroBlindSpot/data/2025-05-25_22-39-34\no_bucket\frame_0370.jpg
2025-05-25 23:00:22,742 - INFO - Added no-bucket frame: C:/Users/Lev/Desktop/ZeroBlindSpot/data/2025-05-25_22-39-34\no_bucket\frame_0371.jpg
2025-05-25 23:00:22,742 - INFO - Added no-bucket frame: C:/Users/Lev/Desktop/ZeroBlindSpot/data/2025-05-25_22-39-34\no_bucket\frame_0372.jpg
2025-05-25 23:00:22,742 - INFO - Added no-bucket frame: C:/Users/Lev/Desktop/ZeroBlindSpot/data/2025-05-25_22-39-34\no_bucket\frame_0381.jpg
2025-05-25 23:00:22,742 - INFO - Added no-bucket frame: C:/Users/Lev/Desktop/ZeroBlindSpot/data/2025-05-25_22-39-34\no_bucket\frame_0382.jpg
2025-05-25 23:00:22,742 - INFO - Added no-bucket frame: C:/Users/Lev/Desktop/ZeroBlindSpot/data/2025-05-25_22-39-34\no_bucket\frame_0386.jpg
2025-05-25 23:00:22,742 - INFO - Added no-bucket frame: C:/Users/Lev/Desktop/ZeroBlindSpot/data/2025-05-25_22-39-34\no_bucket\frame_0390.jpg
2025-05-25 23:00:22,742 - INFO - Added no-bucket frame: C:/Users/Lev/Desktop/ZeroBlindSpot/data/2025-05-25_22-39-34\no_bucket\frame_0394.jpg
2025-05-25 23:00:22,742 - INFO - Added no-bucket frame: C:/Users/Lev/Desktop/ZeroBlindSpot/data/2025-05-25_22-39-34\no_bucket\frame_0395.jpg
2025-05-25 23:00:22,742 - INFO - Added no-bucket frame: C:/Users/Lev/Desktop/ZeroBlindSpot/data/2025-05-25_22-39-34\no_bucket\frame_0401.jpg
2025-05-25 23:00:22,742 - INFO - Added no-bucket frame: C:/Users/Lev/Desktop/ZeroBlindSpot/data/2025-05-25_22-39-34\no_bucket\frame_0402.jpg
2025-05-25 23:00:22,742 - INFO - Added no-bucket frame: C:/Users/Lev/Desktop/ZeroBlindSpot/data/2025-05-25_22-39-34\no_bucket\frame_0404.jpg
2025-05-25 23:00:22,742 - INFO - Added no-bucket frame: C:/Users/Lev/Desktop/ZeroBlindSpot/data/2025-05-25_22-39-34\no_bucket\frame_0405.jpg
2025-05-25 23:00:22,742 - INFO - Added no-bucket frame: C:/Users/Lev/Desktop/ZeroBlindSpot/data/2025-05-25_22-39-34\no_bucket\frame_0409.jpg
2025-05-25 23:00:22,742 - INFO - Added no-bucket frame: C:/Users/Lev/Desktop/ZeroBlindSpot/data/2025-05-25_22-39-34\no_bucket\frame_0410.jpg
2025-05-25 23:00:22,742 - INFO - Added no-bucket frame: C:/Users/Lev/Desktop/ZeroBlindSpot/data/2025-05-25_22-39-34\no_bucket\frame_0411.jpg
2025-05-25 23:00:22,742 - INFO - Added no-bucket frame: C:/Users/Lev/Desktop/ZeroBlindSpot/data/2025-05-25_22-39-34\no_bucket\frame_0412.jpg
2025-05-25 23:00:22,742 - INFO - Added no-bucket frame: C:/Users/Lev/Desktop/ZeroBlindSpot/data/2025-05-25_22-39-34\no_bucket\frame_0413.jpg
2025-05-25 23:00:22,743 - INFO - Added no-bucket frame: C:/Users/Lev/Desktop/ZeroBlindSpot/data/2025-05-25_22-39-34\no_bucket\frame_0414.jpg
2025-05-25 23:00:22,743 - INFO - Added no-bucket frame: C:/Users/Lev/Desktop/ZeroBlindSpot/data/2025-05-25_22-39-34\no_bucket\frame_0415.jpg
2025-05-25 23:00:22,743 - INFO - Added no-bucket frame: C:/Users/Lev/Desktop/ZeroBlindSpot/data/2025-05-25_22-39-34\no_bucket\frame_0417.jpg
2025-05-25 23:00:22,743 - INFO - Added no-bucket frame: C:/Users/Lev/Desktop/ZeroBlindSpot/data/2025-05-25_22-39-34\no_bucket\frame_0422.jpg
2025-05-25 23:00:22,743 - INFO - Added no-bucket frame: C:/Users/Lev/Desktop/ZeroBlindSpot/data/2025-05-25_22-39-34\no_bucket\frame_0423.jpg
2025-05-25 23:00:22,743 - INFO - Added no-bucket frame: C:/Users/Lev/Desktop/ZeroBlindSpot/data/2025-05-25_22-39-34\no_bucket\frame_0424.jpg
2025-05-25 23:00:22,743 - INFO - Added no-bucket frame: C:/Users/Lev/Desktop/ZeroBlindSpot/data/2025-05-25_22-39-34\no_bucket\frame_0426.jpg
2025-05-25 23:00:22,743 - INFO - Added no-bucket frame: C:/Users/Lev/Desktop/ZeroBlindSpot/data/2025-05-25_22-39-34\no_bucket\frame_0427.jpg
2025-05-25 23:00:22,743 - INFO - Added no-bucket frame: C:/Users/Lev/Desktop/ZeroBlindSpot/data/2025-05-25_22-39-34\no_bucket\frame_0431.jpg
2025-05-25 23:00:22,743 - INFO - Added no-bucket frame: C:/Users/Lev/Desktop/ZeroBlindSpot/data/2025-05-25_22-39-34\no_bucket\frame_0434.jpg
2025-05-25 23:00:22,743 - INFO - Added no-bucket frame: C:/Users/Lev/Desktop/ZeroBlindSpot/data/2025-05-25_22-39-34\no_bucket\frame_0436.jpg
2025-05-25 23:00:22,743 - INFO - Added no-bucket frame: C:/Users/Lev/Desktop/ZeroBlindSpot/data/2025-05-25_22-39-34\no_bucket\frame_0437.jpg
2025-05-25 23:00:22,743 - INFO - Added no-bucket frame: C:/Users/Lev/Desktop/ZeroBlindSpot/data/2025-05-25_22-39-34\no_bucket\frame_0438.jpg
2025-05-25 23:00:22,743 - INFO - Added no-bucket frame: C:/Users/Lev/Desktop/ZeroBlindSpot/data/2025-05-25_22-39-34\no_bucket\frame_0439.jpg
2025-05-25 23:00:22,743 - INFO - Added no-bucket frame: C:/Users/Lev/Desktop/ZeroBlindSpot/data/2025-05-25_22-39-34\no_bucket\frame_0450.jpg
2025-05-25 23:00:22,743 - INFO - Added no-bucket frame: C:/Users/Lev/Desktop/ZeroBlindSpot/data/2025-05-25_22-39-34\no_bucket\frame_0452.jpg
2025-05-25 23:00:22,743 - INFO - Added no-bucket frame: C:/Users/Lev/Desktop/ZeroBlindSpot/data/2025-05-25_22-39-34\no_bucket\frame_0453.jpg
2025-05-25 23:00:22,743 - INFO - Added no-bucket frame: C:/Users/Lev/Desktop/ZeroBlindSpot/data/2025-05-25_22-39-34\no_bucket\frame_0454.jpg
2025-05-25 23:00:22,743 - INFO - Added no-bucket frame: C:/Users/Lev/Desktop/ZeroBlindSpot/data/2025-05-25_22-39-34\no_bucket\frame_0455.jpg
2025-05-25 23:00:22,743 - INFO - Added no-bucket frame: C:/Users/Lev/Desktop/ZeroBlindSpot/data/2025-05-25_22-39-34\no_bucket\frame_0456.jpg
2025-05-25 23:00:22,743 - INFO - Added no-bucket frame: C:/Users/Lev/Desktop/ZeroBlindSpot/data/2025-05-25_22-39-34\no_bucket\frame_0460.jpg
2025-05-25 23:00:22,743 - INFO - Added no-bucket frame: C:/Users/Lev/Desktop/ZeroBlindSpot/data/2025-05-25_22-39-34\no_bucket\frame_0461.jpg
2025-05-25 23:00:22,743 - INFO - Added no-bucket frame: C:/Users/Lev/Desktop/ZeroBlindSpot/data/2025-05-25_22-39-34\no_bucket\frame_0464.jpg
2025-05-25 23:00:22,743 - INFO - Added no-bucket frame: C:/Users/Lev/Desktop/ZeroBlindSpot/data/2025-05-25_22-39-34\no_bucket\frame_0466.jpg
2025-05-25 23:00:22,743 - INFO - Added no-bucket frame: C:/Users/Lev/Desktop/ZeroBlindSpot/data/2025-05-25_22-39-34\no_bucket\frame_0467.jpg
2025-05-25 23:00:22,743 - INFO - Added no-bucket frame: C:/Users/Lev/Desktop/ZeroBlindSpot/data/2025-05-25_22-39-34\no_bucket\frame_0469.jpg
2025-05-25 23:00:22,743 - INFO - Added no-bucket frame: C:/Users/Lev/Desktop/ZeroBlindSpot/data/2025-05-25_22-39-34\no_bucket\frame_0472.jpg
2025-05-25 23:00:22,743 - INFO - Added no-bucket frame: C:/Users/Lev/Desktop/ZeroBlindSpot/data/2025-05-25_22-39-34\no_bucket\frame_0473.jpg
2025-05-25 23:00:22,744 - INFO - Added no-bucket frame: C:/Users/Lev/Desktop/ZeroBlindSpot/data/2025-05-25_22-39-34\no_bucket\frame_0474.jpg
2025-05-25 23:00:22,744 - INFO - Added no-bucket frame: C:/Users/Lev/Desktop/ZeroBlindSpot/data/2025-05-25_22-39-34\no_bucket\frame_0478.jpg
2025-05-25 23:00:22,744 - INFO - Added no-bucket frame: C:/Users/Lev/Desktop/ZeroBlindSpot/data/2025-05-25_22-39-34\no_bucket\frame_0479.jpg
2025-05-25 23:00:22,744 - INFO - Added no-bucket frame: C:/Users/Lev/Desktop/ZeroBlindSpot/data/2025-05-25_22-39-34\no_bucket\frame_0480.jpg
2025-05-25 23:00:22,744 - INFO - Added no-bucket frame: C:/Users/Lev/Desktop/ZeroBlindSpot/data/2025-05-25_22-39-34\no_bucket\frame_0481.jpg
2025-05-25 23:00:22,744 - INFO - Added no-bucket frame: C:/Users/Lev/Desktop/ZeroBlindSpot/data/2025-05-25_22-39-34\no_bucket\frame_0484.jpg
2025-05-25 23:00:22,744 - INFO - Added no-bucket frame: C:/Users/Lev/Desktop/ZeroBlindSpot/data/2025-05-25_22-39-34\no_bucket\frame_0485.jpg
2025-05-25 23:00:22,744 - INFO - Added no-bucket frame: C:/Users/Lev/Desktop/ZeroBlindSpot/data/2025-05-25_22-39-34\no_bucket\frame_0488.jpg
2025-05-25 23:00:22,744 - INFO - Added no-bucket frame: C:/Users/Lev/Desktop/ZeroBlindSpot/data/2025-05-25_22-39-34\no_bucket\frame_0490.jpg
2025-05-25 23:00:22,744 - INFO - Added no-bucket frame: C:/Users/Lev/Desktop/ZeroBlindSpot/data/2025-05-25_22-39-34\no_bucket\frame_0491.jpg
2025-05-25 23:00:22,744 - INFO - Added no-bucket frame: C:/Users/Lev/Desktop/ZeroBlindSpot/data/2025-05-25_22-39-34\no_bucket\frame_0494.jpg
2025-05-25 23:00:22,744 - INFO - Added no-bucket frame: C:/Users/Lev/Desktop/ZeroBlindSpot/data/2025-05-25_22-39-34\no_bucket\frame_0496.jpg
2025-05-25 23:00:22,744 - INFO - Added no-bucket frame: C:/Users/Lev/Desktop/ZeroBlindSpot/data/2025-05-25_22-39-34\no_bucket\frame_0504.jpg
2025-05-25 23:00:22,744 - INFO - Added no-bucket frame: C:/Users/Lev/Desktop/ZeroBlindSpot/data/2025-05-25_22-39-34\no_bucket\frame_0505.jpg
2025-05-25 23:00:22,744 - INFO - Added no-bucket frame: C:/Users/Lev/Desktop/ZeroBlindSpot/data/2025-05-25_22-39-34\no_bucket\frame_0506.jpg
2025-05-25 23:00:22,744 - INFO - Added no-bucket frame: C:/Users/Lev/Desktop/ZeroBlindSpot/data/2025-05-25_22-39-34\no_bucket\frame_0507.jpg
2025-05-25 23:00:22,744 - INFO - Added no-bucket frame: C:/Users/Lev/Desktop/ZeroBlindSpot/data/2025-05-25_22-39-34\no_bucket\frame_0508.jpg
2025-05-25 23:00:22,744 - INFO - Added no-bucket frame: C:/Users/Lev/Desktop/ZeroBlindSpot/data/2025-05-25_22-39-34\no_bucket\frame_0509.jpg
2025-05-25 23:00:22,744 - INFO - Added no-bucket frame: C:/Users/Lev/Desktop/ZeroBlindSpot/data/2025-05-25_22-39-34\no_bucket\frame_0510.jpg
2025-05-25 23:00:22,744 - INFO - Added no-bucket frame: C:/Users/Lev/Desktop/ZeroBlindSpot/data/2025-05-25_22-39-34\no_bucket\frame_0511.jpg
2025-05-25 23:00:22,744 - INFO - Added no-bucket frame: C:/Users/Lev/Desktop/ZeroBlindSpot/data/2025-05-25_22-39-34\no_bucket\frame_0512.jpg
2025-05-25 23:00:22,744 - INFO - Added no-bucket frame: C:/Users/Lev/Desktop/ZeroBlindSpot/data/2025-05-25_22-39-34\no_bucket\frame_0513.jpg
2025-05-25 23:00:22,744 - INFO - Added no-bucket frame: C:/Users/Lev/Desktop/ZeroBlindSpot/data/2025-05-25_22-39-34\no_bucket\frame_0517.jpg
2025-05-25 23:00:22,744 - INFO - Added no-bucket frame: C:/Users/Lev/Desktop/ZeroBlindSpot/data/2025-05-25_22-39-34\no_bucket\frame_0519.jpg
2025-05-25 23:00:22,744 - INFO - Added no-bucket frame: C:/Users/Lev/Desktop/ZeroBlindSpot/data/2025-05-25_22-39-34\no_bucket\frame_0520.jpg
2025-05-25 23:00:22,744 - INFO - Added no-bucket frame: C:/Users/Lev/Desktop/ZeroBlindSpot/data/2025-05-25_22-39-34\no_bucket\frame_0521.jpg
2025-05-25 23:00:22,745 - INFO - Added no-bucket frame: C:/Users/Lev/Desktop/ZeroBlindSpot/data/2025-05-25_22-39-34\no_bucket\frame_0522.jpg
2025-05-25 23:00:22,745 - INFO - Added no-bucket frame: C:/Users/Lev/Desktop/ZeroBlindSpot/data/2025-05-25_22-39-34\no_bucket\frame_0523.jpg
2025-05-25 23:00:22,745 - INFO - Added no-bucket frame: C:/Users/Lev/Desktop/ZeroBlindSpot/data/2025-05-25_22-39-34\no_bucket\frame_0524.jpg
2025-05-25 23:00:22,745 - INFO - Added no-bucket frame: C:/Users/Lev/Desktop/ZeroBlindSpot/data/2025-05-25_22-39-34\no_bucket\frame_0527.jpg
2025-05-25 23:00:22,745 - INFO - Added no-bucket frame: C:/Users/Lev/Desktop/ZeroBlindSpot/data/2025-05-25_22-39-34\no_bucket\frame_0528.jpg
2025-05-25 23:00:22,745 - INFO - Added no-bucket frame: C:/Users/Lev/Desktop/ZeroBlindSpot/data/2025-05-25_22-39-34\no_bucket\frame_0533.jpg
2025-05-25 23:00:22,745 - INFO - Added no-bucket frame: C:/Users/Lev/Desktop/ZeroBlindSpot/data/2025-05-25_22-39-34\no_bucket\frame_0534.jpg
2025-05-25 23:00:22,745 - INFO - Added no-bucket frame: C:/Users/Lev/Desktop/ZeroBlindSpot/data/2025-05-25_22-39-34\no_bucket\frame_0535.jpg
2025-05-25 23:00:22,745 - INFO - Added no-bucket frame: C:/Users/Lev/Desktop/ZeroBlindSpot/data/2025-05-25_22-39-34\no_bucket\frame_0536.jpg
2025-05-25 23:00:22,745 - INFO - Added no-bucket frame: C:/Users/Lev/Desktop/ZeroBlindSpot/data/2025-05-25_22-39-34\no_bucket\frame_0541.jpg
2025-05-25 23:00:22,745 - INFO - Added no-bucket frame: C:/Users/Lev/Desktop/ZeroBlindSpot/data/2025-05-25_22-39-34\no_bucket\frame_0542.jpg
2025-05-25 23:00:22,745 - INFO - Added no-bucket frame: C:/Users/Lev/Desktop/ZeroBlindSpot/data/2025-05-25_22-39-34\no_bucket\frame_0543.jpg
2025-05-25 23:00:22,745 - INFO - Added no-bucket frame: C:/Users/Lev/Desktop/ZeroBlindSpot/data/2025-05-25_22-39-34\no_bucket\frame_0544.jpg
2025-05-25 23:00:22,745 - INFO - Added no-bucket frame: C:/Users/Lev/Desktop/ZeroBlindSpot/data/2025-05-25_22-39-34\no_bucket\frame_0545.jpg
2025-05-25 23:00:22,745 - INFO - Added no-bucket frame: C:/Users/Lev/Desktop/ZeroBlindSpot/data/2025-05-25_22-39-34\no_bucket\frame_0546.jpg
2025-05-25 23:00:22,745 - INFO - Added no-bucket frame: C:/Users/Lev/Desktop/ZeroBlindSpot/data/2025-05-25_22-39-34\no_bucket\frame_0547.jpg
2025-05-25 23:00:22,745 - INFO - Added no-bucket frame: C:/Users/Lev/Desktop/ZeroBlindSpot/data/2025-05-25_22-39-34\no_bucket\frame_0548.jpg
2025-05-25 23:00:22,745 - INFO - Added no-bucket frame: C:/Users/Lev/Desktop/ZeroBlindSpot/data/2025-05-25_22-39-34\no_bucket\frame_0549.jpg
2025-05-25 23:00:22,745 - INFO - Added no-bucket frame: C:/Users/Lev/Desktop/ZeroBlindSpot/data/2025-05-25_22-39-34\no_bucket\frame_0550.jpg
2025-05-25 23:00:22,745 - INFO - Added no-bucket frame: C:/Users/Lev/Desktop/ZeroBlindSpot/data/2025-05-25_22-39-34\no_bucket\frame_0551.jpg
2025-05-25 23:00:22,745 - INFO - Added no-bucket frame: C:/Users/Lev/Desktop/ZeroBlindSpot/data/2025-05-25_22-39-34\no_bucket\frame_0552.jpg
2025-05-25 23:00:22,745 - INFO - Added no-bucket frame: C:/Users/Lev/Desktop/ZeroBlindSpot/data/2025-05-25_22-39-34\no_bucket\frame_0553.jpg
2025-05-25 23:00:22,745 - INFO - Added no-bucket frame: C:/Users/Lev/Desktop/ZeroBlindSpot/data/2025-05-25_22-39-34\no_bucket\frame_0554.jpg
2025-05-25 23:00:22,745 - INFO - Added no-bucket frame: C:/Users/Lev/Desktop/ZeroBlindSpot/data/2025-05-25_22-39-34\no_bucket\frame_0555.jpg
2025-05-25 23:00:22,745 - INFO - Added no-bucket frame: C:/Users/Lev/Desktop/ZeroBlindSpot/data/2025-05-25_22-39-34\no_bucket\frame_0556.jpg
2025-05-25 23:00:22,745 - INFO - Added no-bucket frame: C:/Users/Lev/Desktop/ZeroBlindSpot/data/2025-05-25_22-39-34\no_bucket\frame_0557.jpg
2025-05-25 23:00:22,746 - INFO - Added no-bucket frame: C:/Users/Lev/Desktop/ZeroBlindSpot/data/2025-05-25_22-39-34\no_bucket\frame_0558.jpg
2025-05-25 23:00:22,746 - INFO - Added no-bucket frame: C:/Users/Lev/Desktop/ZeroBlindSpot/data/2025-05-25_22-39-34\no_bucket\frame_0559.jpg
2025-05-25 23:00:22,746 - INFO - Added no-bucket frame: C:/Users/Lev/Desktop/ZeroBlindSpot/data/2025-05-25_22-39-34\no_bucket\frame_0560.jpg
2025-05-25 23:00:22,746 - INFO - Added no-bucket frame: C:/Users/Lev/Desktop/ZeroBlindSpot/data/2025-05-25_22-39-34\no_bucket\frame_0561.jpg
2025-05-25 23:00:22,746 - INFO - Added no-bucket frame: C:/Users/Lev/Desktop/ZeroBlindSpot/data/2025-05-25_22-39-34\no_bucket\frame_0562.jpg
2025-05-25 23:00:22,746 - INFO - Added no-bucket frame: C:/Users/Lev/Desktop/ZeroBlindSpot/data/2025-05-25_22-39-34\no_bucket\frame_0563.jpg
2025-05-25 23:00:22,746 - INFO - Added no-bucket frame: C:/Users/Lev/Desktop/ZeroBlindSpot/data/2025-05-25_22-39-34\no_bucket\frame_0564.jpg
2025-05-25 23:00:22,746 - INFO - Added no-bucket frame: C:/Users/Lev/Desktop/ZeroBlindSpot/data/2025-05-25_22-39-34\no_bucket\frame_0565.jpg
2025-05-25 23:00:22,746 - INFO - Added no-bucket frame: C:/Users/Lev/Desktop/ZeroBlindSpot/data/2025-05-25_22-39-34\no_bucket\frame_0566.jpg
2025-05-25 23:00:22,746 - INFO - Added no-bucket frame: C:/Users/Lev/Desktop/ZeroBlindSpot/data/2025-05-25_22-39-34\no_bucket\frame_0567.jpg
2025-05-25 23:00:22,746 - INFO - Added no-bucket frame: C:/Users/Lev/Desktop/ZeroBlindSpot/data/2025-05-25_22-39-34\no_bucket\frame_0569.jpg
2025-05-25 23:00:22,746 - INFO - Added no-bucket frame: C:/Users/Lev/Desktop/ZeroBlindSpot/data/2025-05-25_22-39-34\no_bucket\frame_0570.jpg
2025-05-25 23:00:22,746 - INFO - Added no-bucket frame: C:/Users/Lev/Desktop/ZeroBlindSpot/data/2025-05-25_22-39-34\no_bucket\frame_0571.jpg
2025-05-25 23:00:22,746 - INFO - Added no-bucket frame: C:/Users/Lev/Desktop/ZeroBlindSpot/data/2025-05-25_22-39-34\no_bucket\frame_0572.jpg
2025-05-25 23:00:22,746 - INFO - Added no-bucket frame: C:/Users/Lev/Desktop/ZeroBlindSpot/data/2025-05-25_22-39-34\no_bucket\frame_0573.jpg
2025-05-25 23:00:22,746 - INFO - Added no-bucket frame: C:/Users/Lev/Desktop/ZeroBlindSpot/data/2025-05-25_22-39-34\no_bucket\frame_0574.jpg
2025-05-25 23:00:22,746 - INFO - Added no-bucket frame: C:/Users/Lev/Desktop/ZeroBlindSpot/data/2025-05-25_22-39-34\no_bucket\frame_0576.jpg
2025-05-25 23:00:22,746 - INFO - Added no-bucket frame: C:/Users/Lev/Desktop/ZeroBlindSpot/data/2025-05-25_22-39-34\no_bucket\frame_0578.jpg
2025-05-25 23:00:22,746 - INFO - Added no-bucket frame: C:/Users/Lev/Desktop/ZeroBlindSpot/data/2025-05-25_22-39-34\no_bucket\frame_0579.jpg
2025-05-25 23:00:22,746 - INFO - Added no-bucket frame: C:/Users/Lev/Desktop/ZeroBlindSpot/data/2025-05-25_22-39-34\no_bucket\frame_0580.jpg
2025-05-25 23:00:22,746 - INFO - Added no-bucket frame: C:/Users/Lev/Desktop/ZeroBlindSpot/data/2025-05-25_22-39-34\no_bucket\frame_0581.jpg
2025-05-25 23:00:22,746 - INFO - Added no-bucket frame: C:/Users/Lev/Desktop/ZeroBlindSpot/data/2025-05-25_22-39-34\no_bucket\frame_0582.jpg
2025-05-25 23:00:22,746 - INFO - Added no-bucket frame: C:/Users/Lev/Desktop/ZeroBlindSpot/data/2025-05-25_22-39-34\no_bucket\frame_0586.jpg
2025-05-25 23:00:22,746 - INFO - Added no-bucket frame: C:/Users/Lev/Desktop/ZeroBlindSpot/data/2025-05-25_22-39-34\no_bucket\frame_0587.jpg
2025-05-25 23:00:22,746 - INFO - Added no-bucket frame: C:/Users/Lev/Desktop/ZeroBlindSpot/data/2025-05-25_22-39-34\no_bucket\frame_0588.jpg
2025-05-25 23:00:22,746 - INFO - Added no-bucket frame: C:/Users/Lev/Desktop/ZeroBlindSpot/data/2025-05-25_22-39-34\no_bucket\frame_0589.jpg
2025-05-25 23:00:22,746 - INFO - Added no-bucket frame: C:/Users/Lev/Desktop/ZeroBlindSpot/data/2025-05-25_22-39-34\no_bucket\frame_0590.jpg
2025-05-25 23:00:22,747 - INFO - Added no-bucket frame: C:/Users/Lev/Desktop/ZeroBlindSpot/data/2025-05-25_22-39-34\no_bucket\frame_0591.jpg
2025-05-25 23:00:22,747 - INFO - Added no-bucket frame: C:/Users/Lev/Desktop/ZeroBlindSpot/data/2025-05-25_22-39-34\no_bucket\frame_0592.jpg
2025-05-25 23:00:22,747 - INFO - Added no-bucket frame: C:/Users/Lev/Desktop/ZeroBlindSpot/data/2025-05-25_22-39-34\no_bucket\frame_0593.jpg
2025-05-25 23:00:22,747 - INFO - Added no-bucket frame: C:/Users/Lev/Desktop/ZeroBlindSpot/data/2025-05-25_22-39-34\no_bucket\frame_0594.jpg
2025-05-25 23:00:22,747 - INFO - Added no-bucket frame: C:/Users/Lev/Desktop/ZeroBlindSpot/data/2025-05-25_22-39-34\no_bucket\frame_0595.jpg
2025-05-25 23:00:22,747 - INFO - Added no-bucket frame: C:/Users/Lev/Desktop/ZeroBlindSpot/data/2025-05-25_22-39-34\no_bucket\frame_0596.jpg
2025-05-25 23:00:22,747 - INFO - Added no-bucket frame: C:/Users/Lev/Desktop/ZeroBlindSpot/data/2025-05-25_22-39-34\no_bucket\frame_0597.jpg
2025-05-25 23:00:22,747 - INFO - Added no-bucket frame: C:/Users/Lev/Desktop/ZeroBlindSpot/data/2025-05-25_22-39-34\no_bucket\frame_0598.jpg
2025-05-25 23:00:22,747 - INFO - Added no-bucket frame: C:/Users/Lev/Desktop/ZeroBlindSpot/data/2025-05-25_22-39-34\no_bucket\frame_0599.jpg
2025-05-25 23:00:22,747 - INFO - Added no-bucket frame: C:/Users/Lev/Desktop/ZeroBlindSpot/data/2025-05-25_22-39-34\no_bucket\frame_0600.jpg
2025-05-25 23:00:22,747 - INFO - Added no-bucket frame: C:/Users/Lev/Desktop/ZeroBlindSpot/data/2025-05-25_22-39-34\no_bucket\frame_0601.jpg
2025-05-25 23:00:22,747 - INFO - Added no-bucket frame: C:/Users/Lev/Desktop/ZeroBlindSpot/data/2025-05-25_22-39-34\no_bucket\frame_0602.jpg
2025-05-25 23:00:22,747 - INFO - Added no-bucket frame: C:/Users/Lev/Desktop/ZeroBlindSpot/data/2025-05-25_22-39-34\no_bucket\frame_0603.jpg
2025-05-25 23:00:22,747 - INFO - Added no-bucket frame: C:/Users/Lev/Desktop/ZeroBlindSpot/data/2025-05-25_22-39-34\no_bucket\frame_0604.jpg
2025-05-25 23:00:22,747 - INFO - Added no-bucket frame: C:/Users/Lev/Desktop/ZeroBlindSpot/data/2025-05-25_22-39-34\no_bucket\frame_0605.jpg
2025-05-25 23:00:22,747 - INFO - Added no-bucket frame: C:/Users/Lev/Desktop/ZeroBlindSpot/data/2025-05-25_22-39-34\no_bucket\frame_0606.jpg
2025-05-25 23:00:22,747 - INFO - Added no-bucket frame: C:/Users/Lev/Desktop/ZeroBlindSpot/data/2025-05-25_22-39-34\no_bucket\frame_0607.jpg
2025-05-25 23:00:22,747 - INFO - Added no-bucket frame: C:/Users/Lev/Desktop/ZeroBlindSpot/data/2025-05-25_22-39-34\no_bucket\frame_0608.jpg
2025-05-25 23:00:22,747 - INFO - Added no-bucket frame: C:/Users/Lev/Desktop/ZeroBlindSpot/data/2025-05-25_22-39-34\no_bucket\frame_0609.jpg
2025-05-25 23:00:22,747 - INFO - Added no-bucket frame: C:/Users/Lev/Desktop/ZeroBlindSpot/data/2025-05-25_22-39-34\no_bucket\frame_0610.jpg
2025-05-25 23:00:22,747 - INFO - Added no-bucket frame: C:/Users/Lev/Desktop/ZeroBlindSpot/data/2025-05-25_22-39-34\no_bucket\frame_0612.jpg
2025-05-25 23:00:22,747 - INFO - Added no-bucket frame: C:/Users/Lev/Desktop/ZeroBlindSpot/data/2025-05-25_22-39-34\no_bucket\frame_0613.jpg
2025-05-25 23:00:22,747 - INFO - Added no-bucket frame: C:/Users/Lev/Desktop/ZeroBlindSpot/data/2025-05-25_22-39-34\no_bucket\frame_0614.jpg
2025-05-25 23:00:22,747 - INFO - Added no-bucket frame: C:/Users/Lev/Desktop/ZeroBlindSpot/data/2025-05-25_22-39-34\no_bucket\frame_0615.jpg
2025-05-25 23:00:22,747 - INFO - Added no-bucket frame: C:/Users/Lev/Desktop/ZeroBlindSpot/data/2025-05-25_22-39-34\no_bucket\frame_0616.jpg
2025-05-25 23:00:22,747 - INFO - Added no-bucket frame: C:/Users/Lev/Desktop/ZeroBlindSpot/data/2025-05-25_22-39-34\no_bucket\frame_0617.jpg
2025-05-25 23:00:22,747 - INFO - Added no-bucket frame: C:/Users/Lev/Desktop/ZeroBlindSpot/data/2025-05-25_22-39-34\no_bucket\frame_0618.jpg
2025-05-25 23:00:22,747 - INFO - Added no-bucket frame: C:/Users/Lev/Desktop/ZeroBlindSpot/data/2025-05-25_22-39-34\no_bucket\frame_0619.jpg
2025-05-25 23:00:22,748 - INFO - Added no-bucket frame: C:/Users/Lev/Desktop/ZeroBlindSpot/data/2025-05-25_22-39-34\no_bucket\frame_0620.jpg
2025-05-25 23:00:22,748 - INFO - Added no-bucket frame: C:/Users/Lev/Desktop/ZeroBlindSpot/data/2025-05-25_22-39-34\no_bucket\frame_0621.jpg
2025-05-25 23:00:22,748 - INFO - Added no-bucket frame: C:/Users/Lev/Desktop/ZeroBlindSpot/data/2025-05-25_22-39-34\no_bucket\frame_0622.jpg
2025-05-25 23:00:22,748 - INFO - Added no-bucket frame: C:/Users/Lev/Desktop/ZeroBlindSpot/data/2025-05-25_22-39-34\no_bucket\frame_0623.jpg
2025-05-25 23:00:22,748 - INFO - Added no-bucket frame: C:/Users/Lev/Desktop/ZeroBlindSpot/data/2025-05-25_22-39-34\no_bucket\frame_0624.jpg
2025-05-25 23:00:22,748 - INFO - Added no-bucket frame: C:/Users/Lev/Desktop/ZeroBlindSpot/data/2025-05-25_22-39-34\no_bucket\frame_0625.jpg
2025-05-25 23:00:22,748 - INFO - Added no-bucket frame: C:/Users/Lev/Desktop/ZeroBlindSpot/data/2025-05-25_22-39-34\no_bucket\frame_0626.jpg
2025-05-25 23:00:22,748 - INFO - Added no-bucket frame: C:/Users/Lev/Desktop/ZeroBlindSpot/data/2025-05-25_22-39-34\no_bucket\frame_0627.jpg
2025-05-25 23:00:22,748 - INFO - Added no-bucket frame: C:/Users/Lev/Desktop/ZeroBlindSpot/data/2025-05-25_22-39-34\no_bucket\frame_0628.jpg
2025-05-25 23:00:22,748 - INFO - Added no-bucket frame: C:/Users/Lev/Desktop/ZeroBlindSpot/data/2025-05-25_22-39-34\no_bucket\frame_0629.jpg
2025-05-25 23:00:22,748 - INFO - Added no-bucket frame: C:/Users/Lev/Desktop/ZeroBlindSpot/data/2025-05-25_22-39-34\no_bucket\frame_0630.jpg
2025-05-25 23:00:22,748 - INFO - Added no-bucket frame: C:/Users/Lev/Desktop/ZeroBlindSpot/data/2025-05-25_22-39-34\no_bucket\frame_0631.jpg
2025-05-25 23:00:22,748 - INFO - Added no-bucket frame: C:/Users/Lev/Desktop/ZeroBlindSpot/data/2025-05-25_22-39-34\no_bucket\frame_0632.jpg
2025-05-25 23:00:22,748 - INFO - Added no-bucket frame: C:/Users/Lev/Desktop/ZeroBlindSpot/data/2025-05-25_22-39-34\no_bucket\frame_0634.jpg
2025-05-25 23:00:22,748 - INFO - Added no-bucket frame: C:/Users/Lev/Desktop/ZeroBlindSpot/data/2025-05-25_22-39-34\no_bucket\frame_0635.jpg
2025-05-25 23:00:22,748 - INFO - Added no-bucket frame: C:/Users/Lev/Desktop/ZeroBlindSpot/data/2025-05-25_22-39-34\no_bucket\frame_0636.jpg
2025-05-25 23:00:22,748 - INFO - Added no-bucket frame: C:/Users/Lev/Desktop/ZeroBlindSpot/data/2025-05-25_22-39-34\no_bucket\frame_0637.jpg
2025-05-25 23:00:22,748 - INFO - Added no-bucket frame: C:/Users/Lev/Desktop/ZeroBlindSpot/data/2025-05-25_22-39-34\no_bucket\frame_0638.jpg
2025-05-25 23:00:22,748 - INFO - Added no-bucket frame: C:/Users/Lev/Desktop/ZeroBlindSpot/data/2025-05-25_22-39-34\no_bucket\frame_0639.jpg
2025-05-25 23:00:22,748 - INFO - Added no-bucket frame: C:/Users/Lev/Desktop/ZeroBlindSpot/data/2025-05-25_22-39-34\no_bucket\frame_0640.jpg
2025-05-25 23:00:22,748 - INFO - Added no-bucket frame: C:/Users/Lev/Desktop/ZeroBlindSpot/data/2025-05-25_22-39-34\no_bucket\frame_0641.jpg
2025-05-25 23:00:22,748 - INFO - Added no-bucket frame: C:/Users/Lev/Desktop/ZeroBlindSpot/data/2025-05-25_22-39-34\no_bucket\frame_0642.jpg
2025-05-25 23:00:22,748 - INFO - Added no-bucket frame: C:/Users/Lev/Desktop/ZeroBlindSpot/data/2025-05-25_22-39-34\no_bucket\frame_0643.jpg
2025-05-25 23:00:22,748 - INFO - Added no-bucket frame: C:/Users/Lev/Desktop/ZeroBlindSpot/data/2025-05-25_22-39-34\no_bucket\frame_0644.jpg
2025-05-25 23:00:22,748 - INFO - Added no-bucket frame: C:/Users/Lev/Desktop/ZeroBlindSpot/data/2025-05-25_22-39-34\no_bucket\frame_0645.jpg
2025-05-25 23:00:22,748 - INFO - Added no-bucket frame: C:/Users/Lev/Desktop/ZeroBlindSpot/data/2025-05-25_22-39-34\no_bucket\frame_0646.jpg
2025-05-25 23:00:22,748 - INFO - Added no-bucket frame: C:/Users/Lev/Desktop/ZeroBlindSpot/data/2025-05-25_22-39-34\no_bucket\frame_0647.jpg
2025-05-25 23:00:22,749 - INFO - Added no-bucket frame: C:/Users/Lev/Desktop/ZeroBlindSpot/data/2025-05-25_22-39-34\no_bucket\frame_0648.jpg
2025-05-25 23:00:22,749 - INFO - Added no-bucket frame: C:/Users/Lev/Desktop/ZeroBlindSpot/data/2025-05-25_22-39-34\no_bucket\frame_0649.jpg
2025-05-25 23:00:22,749 - INFO - Added no-bucket frame: C:/Users/Lev/Desktop/ZeroBlindSpot/data/2025-05-25_22-39-34\no_bucket\frame_0650.jpg
2025-05-25 23:00:22,749 - INFO - Added no-bucket frame: C:/Users/Lev/Desktop/ZeroBlindSpot/data/2025-05-25_22-39-34\no_bucket\frame_0651.jpg
2025-05-25 23:00:22,749 - INFO - Added no-bucket frame: C:/Users/Lev/Desktop/ZeroBlindSpot/data/2025-05-25_22-39-34\no_bucket\frame_0652.jpg
2025-05-25 23:00:22,749 - INFO - Added no-bucket frame: C:/Users/Lev/Desktop/ZeroBlindSpot/data/2025-05-25_22-39-34\no_bucket\frame_0653.jpg
2025-05-25 23:00:22,749 - INFO - Added no-bucket frame: C:/Users/Lev/Desktop/ZeroBlindSpot/data/2025-05-25_22-39-34\no_bucket\frame_0654.jpg
2025-05-25 23:00:22,749 - INFO - Added no-bucket frame: C:/Users/Lev/Desktop/ZeroBlindSpot/data/2025-05-25_22-39-34\no_bucket\frame_0655.jpg
2025-05-25 23:00:22,749 - INFO - Added no-bucket frame: C:/Users/Lev/Desktop/ZeroBlindSpot/data/2025-05-25_22-39-34\no_bucket\frame_0656.jpg
2025-05-25 23:00:22,749 - INFO - Added no-bucket frame: C:/Users/Lev/Desktop/ZeroBlindSpot/data/2025-05-25_22-39-34\no_bucket\frame_0658.jpg
2025-05-25 23:00:22,749 - INFO - Added no-bucket frame: C:/Users/Lev/Desktop/ZeroBlindSpot/data/2025-05-25_22-39-34\no_bucket\frame_0659.jpg
2025-05-25 23:00:22,749 - INFO - Added no-bucket frame: C:/Users/Lev/Desktop/ZeroBlindSpot/data/2025-05-25_22-39-34\no_bucket\frame_0660.jpg
2025-05-25 23:00:22,749 - INFO - Added no-bucket frame: C:/Users/Lev/Desktop/ZeroBlindSpot/data/2025-05-25_22-39-34\no_bucket\frame_0661.jpg
2025-05-25 23:00:22,749 - INFO - Added no-bucket frame: C:/Users/Lev/Desktop/ZeroBlindSpot/data/2025-05-25_22-39-34\no_bucket\frame_0662.jpg
2025-05-25 23:00:22,749 - INFO - Added no-bucket frame: C:/Users/Lev/Desktop/ZeroBlindSpot/data/2025-05-25_22-39-34\no_bucket\frame_0663.jpg
2025-05-25 23:00:22,749 - INFO - Added no-bucket frame: C:/Users/Lev/Desktop/ZeroBlindSpot/data/2025-05-25_22-39-34\no_bucket\frame_0664.jpg
2025-05-25 23:00:22,749 - INFO - Added no-bucket frame: C:/Users/Lev/Desktop/ZeroBlindSpot/data/2025-05-25_22-39-34\no_bucket\frame_0665.jpg
2025-05-25 23:00:22,749 - INFO - Added no-bucket frame: C:/Users/Lev/Desktop/ZeroBlindSpot/data/2025-05-25_22-39-34\no_bucket\frame_0666.jpg
2025-05-25 23:00:22,749 - INFO - Added no-bucket frame: C:/Users/Lev/Desktop/ZeroBlindSpot/data/2025-05-25_22-39-34\no_bucket\frame_0667.jpg
2025-05-25 23:00:22,749 - INFO - Added no-bucket frame: C:/Users/Lev/Desktop/ZeroBlindSpot/data/2025-05-25_22-39-34\no_bucket\frame_0668.jpg
2025-05-25 23:00:22,749 - INFO - Added no-bucket frame: C:/Users/Lev/Desktop/ZeroBlindSpot/data/2025-05-25_22-39-34\no_bucket\frame_0670.jpg
2025-05-25 23:00:22,749 - INFO - Added no-bucket frame: C:/Users/Lev/Desktop/ZeroBlindSpot/data/2025-05-25_22-39-34\no_bucket\frame_0671.jpg
2025-05-25 23:00:22,749 - INFO - Added no-bucket frame: C:/Users/Lev/Desktop/ZeroBlindSpot/data/2025-05-25_22-39-34\no_bucket\frame_0673.jpg
2025-05-25 23:00:22,749 - INFO - Added no-bucket frame: C:/Users/Lev/Desktop/ZeroBlindSpot/data/2025-05-25_22-39-34\no_bucket\frame_0674.jpg
2025-05-25 23:00:22,749 - INFO - Added no-bucket frame: C:/Users/Lev/Desktop/ZeroBlindSpot/data/2025-05-25_22-39-34\no_bucket\frame_0676.jpg
2025-05-25 23:00:22,749 - INFO - Added no-bucket frame: C:/Users/Lev/Desktop/ZeroBlindSpot/data/2025-05-25_22-39-34\no_bucket\frame_0677.jpg
2025-05-25 23:00:22,750 - INFO - Added no-bucket frame: C:/Users/Lev/Desktop/ZeroBlindSpot/data/2025-05-25_22-39-34\no_bucket\frame_0678.jpg
2025-05-25 23:00:22,750 - INFO - Added no-bucket frame: C:/Users/Lev/Desktop/ZeroBlindSpot/data/2025-05-25_22-39-34\no_bucket\frame_0679.jpg
2025-05-25 23:00:22,750 - INFO - Added no-bucket frame: C:/Users/Lev/Desktop/ZeroBlindSpot/data/2025-05-25_22-39-34\no_bucket\frame_0680.jpg
2025-05-25 23:00:22,750 - INFO - Added no-bucket frame: C:/Users/Lev/Desktop/ZeroBlindSpot/data/2025-05-25_22-39-34\no_bucket\frame_0681.jpg
2025-05-25 23:00:22,750 - INFO - Added no-bucket frame: C:/Users/Lev/Desktop/ZeroBlindSpot/data/2025-05-25_22-39-34\no_bucket\frame_0682.jpg
2025-05-25 23:00:22,750 - INFO - Added no-bucket frame: C:/Users/Lev/Desktop/ZeroBlindSpot/data/2025-05-25_22-39-34\no_bucket\frame_0683.jpg
2025-05-25 23:00:22,750 - INFO - Added no-bucket frame: C:/Users/Lev/Desktop/ZeroBlindSpot/data/2025-05-25_22-39-34\no_bucket\frame_0684.jpg
2025-05-25 23:00:22,750 - INFO - Added no-bucket frame: C:/Users/Lev/Desktop/ZeroBlindSpot/data/2025-05-25_22-39-34\no_bucket\frame_0685.jpg
2025-05-25 23:00:22,750 - INFO - Added no-bucket frame: C:/Users/Lev/Desktop/ZeroBlindSpot/data/2025-05-25_22-39-34\no_bucket\frame_0686.jpg
2025-05-25 23:00:22,750 - INFO - Added no-bucket frame: C:/Users/Lev/Desktop/ZeroBlindSpot/data/2025-05-25_22-39-34\no_bucket\frame_0687.jpg
2025-05-25 23:00:22,750 - INFO - Added no-bucket frame: C:/Users/Lev/Desktop/ZeroBlindSpot/data/2025-05-25_22-39-34\no_bucket\frame_0688.jpg
2025-05-25 23:00:22,750 - INFO - Added no-bucket frame: C:/Users/Lev/Desktop/ZeroBlindSpot/data/2025-05-25_22-39-34\no_bucket\frame_0689.jpg
2025-05-25 23:00:22,750 - INFO - Added no-bucket frame: C:/Users/Lev/Desktop/ZeroBlindSpot/data/2025-05-25_22-39-34\no_bucket\frame_0695.jpg
2025-05-25 23:00:22,750 - INFO - Added no-bucket frame: C:/Users/Lev/Desktop/ZeroBlindSpot/data/2025-05-25_22-39-34\no_bucket\frame_0700.jpg
2025-05-25 23:00:22,750 - INFO - Added no-bucket frame: C:/Users/Lev/Desktop/ZeroBlindSpot/data/2025-05-25_22-39-34\no_bucket\frame_0701.jpg
2025-05-25 23:00:22,750 - INFO - Added no-bucket frame: C:/Users/Lev/Desktop/ZeroBlindSpot/data/2025-05-25_22-39-34\no_bucket\frame_0702.jpg
2025-05-25 23:00:22,750 - INFO - Added no-bucket frame: C:/Users/Lev/Desktop/ZeroBlindSpot/data/2025-05-25_22-39-34\no_bucket\frame_0703.jpg
2025-05-25 23:00:22,750 - INFO - Added no-bucket frame: C:/Users/Lev/Desktop/ZeroBlindSpot/data/2025-05-25_22-39-34\no_bucket\frame_0705.jpg
2025-05-25 23:00:22,750 - INFO - Added no-bucket frame: C:/Users/Lev/Desktop/ZeroBlindSpot/data/2025-05-25_22-39-34\no_bucket\frame_0706.jpg
2025-05-25 23:00:22,750 - INFO - Added no-bucket frame: C:/Users/Lev/Desktop/ZeroBlindSpot/data/2025-05-25_22-39-34\no_bucket\frame_0707.jpg
2025-05-25 23:00:22,750 - INFO - Added no-bucket frame: C:/Users/Lev/Desktop/ZeroBlindSpot/data/2025-05-25_22-39-34\no_bucket\frame_0709.jpg
2025-05-25 23:00:22,750 - INFO - Added no-bucket frame: C:/Users/Lev/Desktop/ZeroBlindSpot/data/2025-05-25_22-39-34\no_bucket\frame_0711.jpg
2025-05-25 23:00:22,750 - INFO - Added no-bucket frame: C:/Users/Lev/Desktop/ZeroBlindSpot/data/2025-05-25_22-39-34\no_bucket\frame_0712.jpg
2025-05-25 23:00:22,750 - INFO - Added no-bucket frame: C:/Users/Lev/Desktop/ZeroBlindSpot/data/2025-05-25_22-39-34\no_bucket\frame_0713.jpg
2025-05-25 23:00:22,750 - INFO - Added no-bucket frame: C:/Users/Lev/Desktop/ZeroBlindSpot/data/2025-05-25_22-39-34\no_bucket\frame_0715.jpg
2025-05-25 23:00:22,750 - INFO - Added no-bucket frame: C:/Users/Lev/Desktop/ZeroBlindSpot/data/2025-05-25_22-39-34\no_bucket\frame_0716.jpg
2025-05-25 23:00:22,750 - INFO - Added no-bucket frame: C:/Users/Lev/Desktop/ZeroBlindSpot/data/2025-05-25_22-39-34\no_bucket\frame_0717.jpg
2025-05-25 23:00:22,750 - INFO - Added no-bucket frame: C:/Users/Lev/Desktop/ZeroBlindSpot/data/2025-05-25_22-39-34\no_bucket\frame_0718.jpg
2025-05-25 23:00:22,751 - INFO - Added no-bucket frame: C:/Users/Lev/Desktop/ZeroBlindSpot/data/2025-05-25_22-39-34\no_bucket\frame_0719.jpg
2025-05-25 23:00:22,751 - INFO - Added no-bucket frame: C:/Users/Lev/Desktop/ZeroBlindSpot/data/2025-05-25_22-39-34\no_bucket\frame_0720.jpg
2025-05-25 23:00:22,751 - INFO - Added no-bucket frame: C:/Users/Lev/Desktop/ZeroBlindSpot/data/2025-05-25_22-39-34\no_bucket\frame_0721.jpg
2025-05-25 23:00:22,751 - INFO - Added no-bucket frame: C:/Users/Lev/Desktop/ZeroBlindSpot/data/2025-05-25_22-39-34\no_bucket\frame_0724.jpg
2025-05-25 23:00:22,751 - INFO - Added no-bucket frame: C:/Users/Lev/Desktop/ZeroBlindSpot/data/2025-05-25_22-39-34\no_bucket\frame_0725.jpg
2025-05-25 23:00:22,751 - INFO - Added no-bucket frame: C:/Users/Lev/Desktop/ZeroBlindSpot/data/2025-05-25_22-39-34\no_bucket\frame_0726.jpg
2025-05-25 23:00:22,751 - INFO - Added no-bucket frame: C:/Users/Lev/Desktop/ZeroBlindSpot/data/2025-05-25_22-39-34\no_bucket\frame_0728.jpg
2025-05-25 23:00:22,751 - INFO - Added no-bucket frame: C:/Users/Lev/Desktop/ZeroBlindSpot/data/2025-05-25_22-39-34\no_bucket\frame_0729.jpg
2025-05-25 23:00:22,751 - INFO - Added no-bucket frame: C:/Users/Lev/Desktop/ZeroBlindSpot/data/2025-05-25_22-39-34\no_bucket\frame_0730.jpg
2025-05-25 23:00:22,751 - INFO - Added no-bucket frame: C:/Users/Lev/Desktop/ZeroBlindSpot/data/2025-05-25_22-39-34\no_bucket\frame_0731.jpg
2025-05-25 23:00:22,751 - INFO - Added no-bucket frame: C:/Users/Lev/Desktop/ZeroBlindSpot/data/2025-05-25_22-39-34\no_bucket\frame_0732.jpg
2025-05-25 23:00:22,751 - INFO - Added no-bucket frame: C:/Users/Lev/Desktop/ZeroBlindSpot/data/2025-05-25_22-39-34\no_bucket\frame_0733.jpg
2025-05-25 23:00:22,751 - INFO - Added no-bucket frame: C:/Users/Lev/Desktop/ZeroBlindSpot/data/2025-05-25_22-39-34\no_bucket\frame_0734.jpg
2025-05-25 23:00:22,751 - INFO - Added no-bucket frame: C:/Users/Lev/Desktop/ZeroBlindSpot/data/2025-05-25_22-39-34\no_bucket\frame_0735.jpg
2025-05-25 23:00:22,751 - INFO - Added no-bucket frame: C:/Users/Lev/Desktop/ZeroBlindSpot/data/2025-05-25_22-39-34\no_bucket\frame_0736.jpg
2025-05-25 23:00:22,751 - INFO - Added no-bucket frame: C:/Users/Lev/Desktop/ZeroBlindSpot/data/2025-05-25_22-39-34\no_bucket\frame_0737.jpg
2025-05-25 23:00:22,751 - INFO - Added no-bucket frame: C:/Users/Lev/Desktop/ZeroBlindSpot/data/2025-05-25_22-39-34\no_bucket\frame_0738.jpg
2025-05-25 23:00:22,751 - INFO - Added no-bucket frame: C:/Users/Lev/Desktop/ZeroBlindSpot/data/2025-05-25_22-39-34\no_bucket\frame_0740.jpg
2025-05-25 23:00:22,751 - INFO - Added no-bucket frame: C:/Users/Lev/Desktop/ZeroBlindSpot/data/2025-05-25_22-39-34\no_bucket\frame_0741.jpg
2025-05-25 23:00:22,751 - INFO - Added no-bucket frame: C:/Users/Lev/Desktop/ZeroBlindSpot/data/2025-05-25_22-39-34\no_bucket\frame_0742.jpg
2025-05-25 23:00:22,751 - INFO - Added no-bucket frame: C:/Users/Lev/Desktop/ZeroBlindSpot/data/2025-05-25_22-39-34\no_bucket\frame_0743.jpg
2025-05-25 23:00:22,751 - INFO - Added no-bucket frame: C:/Users/Lev/Desktop/ZeroBlindSpot/data/2025-05-25_22-39-34\no_bucket\frame_0744.jpg
2025-05-25 23:00:22,751 - INFO - Added no-bucket frame: C:/Users/Lev/Desktop/ZeroBlindSpot/data/2025-05-25_22-39-34\no_bucket\frame_0745.jpg
2025-05-25 23:00:22,751 - INFO - Added no-bucket frame: C:/Users/Lev/Desktop/ZeroBlindSpot/data/2025-05-25_22-39-34\no_bucket\frame_0746.jpg
2025-05-25 23:00:22,751 - INFO - Added no-bucket frame: C:/Users/Lev/Desktop/ZeroBlindSpot/data/2025-05-25_22-39-34\no_bucket\frame_0747.jpg
2025-05-25 23:00:22,751 - INFO - Added no-bucket frame: C:/Users/Lev/Desktop/ZeroBlindSpot/data/2025-05-25_22-39-34\no_bucket\frame_0749.jpg
2025-05-25 23:00:22,751 - INFO - Added no-bucket frame: C:/Users/Lev/Desktop/ZeroBlindSpot/data/2025-05-25_22-39-34\no_bucket\frame_0750.jpg
2025-05-25 23:00:22,751 - INFO - Added no-bucket frame: C:/Users/Lev/Desktop/ZeroBlindSpot/data/2025-05-25_22-39-34\no_bucket\frame_0751.jpg
2025-05-25 23:00:22,752 - INFO - Added no-bucket frame: C:/Users/Lev/Desktop/ZeroBlindSpot/data/2025-05-25_22-39-34\no_bucket\frame_0752.jpg
2025-05-25 23:00:22,752 - INFO - Added no-bucket frame: C:/Users/Lev/Desktop/ZeroBlindSpot/data/2025-05-25_22-39-34\no_bucket\frame_0753.jpg
2025-05-25 23:00:22,752 - INFO - Added no-bucket frame: C:/Users/Lev/Desktop/ZeroBlindSpot/data/2025-05-25_22-39-34\no_bucket\frame_0754.jpg
2025-05-25 23:00:22,752 - INFO - Added no-bucket frame: C:/Users/Lev/Desktop/ZeroBlindSpot/data/2025-05-25_22-39-34\no_bucket\frame_0755.jpg
2025-05-25 23:00:22,752 - INFO - Added no-bucket frame: C:/Users/Lev/Desktop/ZeroBlindSpot/data/2025-05-25_22-39-34\no_bucket\frame_0756.jpg
2025-05-25 23:00:22,752 - INFO - Added no-bucket frame: C:/Users/Lev/Desktop/ZeroBlindSpot/data/2025-05-25_22-39-34\no_bucket\frame_0757.jpg
2025-05-25 23:00:22,752 - INFO - Added no-bucket frame: C:/Users/Lev/Desktop/ZeroBlindSpot/data/2025-05-25_22-39-34\no_bucket\frame_0758.jpg
2025-05-25 23:00:22,752 - INFO - Added no-bucket frame: C:/Users/Lev/Desktop/ZeroBlindSpot/data/2025-05-25_22-39-34\no_bucket\frame_0759.jpg
2025-05-25 23:00:22,752 - INFO - Added no-bucket frame: C:/Users/Lev/Desktop/ZeroBlindSpot/data/2025-05-25_22-39-34\no_bucket\frame_0760.jpg
2025-05-25 23:00:22,752 - INFO - Added no-bucket frame: C:/Users/Lev/Desktop/ZeroBlindSpot/data/2025-05-25_22-39-34\no_bucket\frame_0761.jpg
2025-05-25 23:00:22,752 - INFO - Added no-bucket frame: C:/Users/Lev/Desktop/ZeroBlindSpot/data/2025-05-25_22-39-34\no_bucket\frame_0762.jpg
2025-05-25 23:00:22,752 - INFO - Added no-bucket frame: C:/Users/Lev/Desktop/ZeroBlindSpot/data/2025-05-25_22-39-34\no_bucket\frame_0763.jpg
2025-05-25 23:00:22,752 - INFO - Added no-bucket frame: C:/Users/Lev/Desktop/ZeroBlindSpot/data/2025-05-25_22-39-34\no_bucket\frame_0764.jpg
2025-05-25 23:00:22,752 - INFO - Added no-bucket frame: C:/Users/Lev/Desktop/ZeroBlindSpot/data/2025-05-25_22-39-34\no_bucket\frame_0765.jpg
2025-05-25 23:00:22,752 - INFO - Added no-bucket frame: C:/Users/Lev/Desktop/ZeroBlindSpot/data/2025-05-25_22-39-34\no_bucket\frame_0766.jpg
2025-05-25 23:00:22,752 - INFO - Added no-bucket frame: C:/Users/Lev/Desktop/ZeroBlindSpot/data/2025-05-25_22-39-34\no_bucket\frame_0767.jpg
2025-05-25 23:00:22,752 - INFO - Added no-bucket frame: C:/Users/Lev/Desktop/ZeroBlindSpot/data/2025-05-25_22-39-34\no_bucket\frame_0768.jpg
2025-05-25 23:00:22,752 - INFO - Added no-bucket frame: C:/Users/Lev/Desktop/ZeroBlindSpot/data/2025-05-25_22-39-34\no_bucket\frame_0769.jpg
2025-05-25 23:00:22,752 - INFO - Added no-bucket frame: C:/Users/Lev/Desktop/ZeroBlindSpot/data/2025-05-25_22-39-34\no_bucket\frame_0770.jpg
2025-05-25 23:00:22,752 - INFO - Added no-bucket frame: C:/Users/Lev/Desktop/ZeroBlindSpot/data/2025-05-25_22-39-34\no_bucket\frame_0771.jpg
2025-05-25 23:00:22,752 - INFO - Added no-bucket frame: C:/Users/Lev/Desktop/ZeroBlindSpot/data/2025-05-25_22-39-34\no_bucket\frame_0773.jpg
2025-05-25 23:00:22,752 - INFO - Added no-bucket frame: C:/Users/Lev/Desktop/ZeroBlindSpot/data/2025-05-25_22-39-34\no_bucket\frame_0774.jpg
2025-05-25 23:00:22,752 - INFO - Added no-bucket frame: C:/Users/Lev/Desktop/ZeroBlindSpot/data/2025-05-25_22-39-34\no_bucket\frame_0776.jpg
2025-05-25 23:00:22,752 - INFO - Added no-bucket frame: C:/Users/Lev/Desktop/ZeroBlindSpot/data/2025-05-25_22-39-34\no_bucket\frame_0777.jpg
2025-05-25 23:00:22,752 - INFO - Added no-bucket frame: C:/Users/Lev/Desktop/ZeroBlindSpot/data/2025-05-25_22-39-34\no_bucket\frame_0779.jpg
2025-05-25 23:00:22,752 - INFO - Added no-bucket frame: C:/Users/Lev/Desktop/ZeroBlindSpot/data/2025-05-25_22-39-34\no_bucket\frame_0780.jpg
2025-05-25 23:00:22,752 - INFO - Added no-bucket frame: C:/Users/Lev/Desktop/ZeroBlindSpot/data/2025-05-25_22-39-34\no_bucket\frame_0781.jpg
2025-05-25 23:00:22,753 - INFO - Added no-bucket frame: C:/Users/Lev/Desktop/ZeroBlindSpot/data/2025-05-25_22-39-34\no_bucket\frame_0782.jpg
2025-05-25 23:00:22,753 - INFO - Added no-bucket frame: C:/Users/Lev/Desktop/ZeroBlindSpot/data/2025-05-25_22-39-34\no_bucket\frame_0783.jpg
2025-05-25 23:00:22,753 - INFO - Added no-bucket frame: C:/Users/Lev/Desktop/ZeroBlindSpot/data/2025-05-25_22-39-34\no_bucket\frame_0784.jpg
2025-05-25 23:00:22,753 - INFO - Added no-bucket frame: C:/Users/Lev/Desktop/ZeroBlindSpot/data/2025-05-25_22-39-34\no_bucket\frame_0785.jpg
2025-05-25 23:00:22,753 - INFO - Added no-bucket frame: C:/Users/Lev/Desktop/ZeroBlindSpot/data/2025-05-25_22-39-34\no_bucket\frame_0786.jpg
2025-05-25 23:00:22,753 - INFO - Added no-bucket frame: C:/Users/Lev/Desktop/ZeroBlindSpot/data/2025-05-25_22-39-34\no_bucket\frame_0787.jpg
2025-05-25 23:00:22,753 - INFO - Added no-bucket frame: C:/Users/Lev/Desktop/ZeroBlindSpot/data/2025-05-25_22-39-34\no_bucket\frame_0788.jpg
2025-05-25 23:00:22,753 - INFO - Added no-bucket frame: C:/Users/Lev/Desktop/ZeroBlindSpot/data/2025-05-25_22-39-34\no_bucket\frame_0789.jpg
2025-05-25 23:00:22,753 - INFO - Added no-bucket frame: C:/Users/Lev/Desktop/ZeroBlindSpot/data/2025-05-25_22-39-34\no_bucket\frame_0790.jpg
2025-05-25 23:00:22,753 - INFO - Added no-bucket frame: C:/Users/Lev/Desktop/ZeroBlindSpot/data/2025-05-25_22-39-34\no_bucket\frame_0791.jpg
2025-05-25 23:00:22,753 - INFO - Added no-bucket frame: C:/Users/Lev/Desktop/ZeroBlindSpot/data/2025-05-25_22-39-34\no_bucket\frame_0794.jpg
2025-05-25 23:00:22,753 - INFO - Added no-bucket frame: C:/Users/Lev/Desktop/ZeroBlindSpot/data/2025-05-25_22-39-34\no_bucket\frame_0795.jpg
2025-05-25 23:00:22,753 - INFO - Added no-bucket frame: C:/Users/Lev/Desktop/ZeroBlindSpot/data/2025-05-25_22-39-34\no_bucket\frame_0796.jpg
2025-05-25 23:00:22,753 - INFO - Added no-bucket frame: C:/Users/Lev/Desktop/ZeroBlindSpot/data/2025-05-25_22-39-34\no_bucket\frame_0797.jpg
2025-05-25 23:00:22,753 - INFO - Added no-bucket frame: C:/Users/Lev/Desktop/ZeroBlindSpot/data/2025-05-25_22-39-34\no_bucket\frame_0798.jpg
2025-05-25 23:00:22,753 - INFO - Added no-bucket frame: C:/Users/Lev/Desktop/ZeroBlindSpot/data/2025-05-25_22-39-34\no_bucket\frame_0799.jpg
2025-05-25 23:00:22,753 - INFO - Added no-bucket frame: C:/Users/Lev/Desktop/ZeroBlindSpot/data/2025-05-25_22-39-34\no_bucket\frame_0800.jpg
2025-05-25 23:00:22,753 - INFO - Added no-bucket frame: C:/Users/Lev/Desktop/ZeroBlindSpot/data/2025-05-25_22-39-34\no_bucket\frame_0801.jpg
2025-05-25 23:00:22,753 - INFO - Added no-bucket frame: C:/Users/Lev/Desktop/ZeroBlindSpot/data/2025-05-25_22-39-34\no_bucket\frame_0803.jpg
2025-05-25 23:00:22,753 - INFO - Added no-bucket frame: C:/Users/Lev/Desktop/ZeroBlindSpot/data/2025-05-25_22-39-34\no_bucket\frame_0805.jpg
2025-05-25 23:00:22,753 - INFO - Added no-bucket frame: C:/Users/Lev/Desktop/ZeroBlindSpot/data/2025-05-25_22-39-34\no_bucket\frame_0806.jpg
2025-05-25 23:00:22,753 - INFO - Added no-bucket frame: C:/Users/Lev/Desktop/ZeroBlindSpot/data/2025-05-25_22-39-34\no_bucket\frame_0807.jpg
2025-05-25 23:00:22,753 - INFO - Added no-bucket frame: C:/Users/Lev/Desktop/ZeroBlindSpot/data/2025-05-25_22-39-34\no_bucket\frame_0808.jpg
2025-05-25 23:00:22,753 - INFO - Added no-bucket frame: C:/Users/Lev/Desktop/ZeroBlindSpot/data/2025-05-25_22-39-34\no_bucket\frame_0809.jpg
2025-05-25 23:00:22,753 - INFO - Added no-bucket frame: C:/Users/Lev/Desktop/ZeroBlindSpot/data/2025-05-25_22-39-34\no_bucket\frame_0810.jpg
2025-05-25 23:00:22,753 - INFO - Added no-bucket frame: C:/Users/Lev/Desktop/ZeroBlindSpot/data/2025-05-25_22-39-34\no_bucket\frame_0811.jpg
2025-05-25 23:00:22,753 - INFO - Added no-bucket frame: C:/Users/Lev/Desktop/ZeroBlindSpot/data/2025-05-25_22-39-34\no_bucket\frame_0812.jpg
2025-05-25 23:00:22,753 - INFO - Added no-bucket frame: C:/Users/Lev/Desktop/ZeroBlindSpot/data/2025-05-25_22-39-34\no_bucket\frame_0813.jpg
2025-05-25 23:00:22,754 - INFO - Added no-bucket frame: C:/Users/Lev/Desktop/ZeroBlindSpot/data/2025-05-25_22-39-34\no_bucket\frame_0814.jpg
2025-05-25 23:00:22,754 - INFO - Added no-bucket frame: C:/Users/Lev/Desktop/ZeroBlindSpot/data/2025-05-25_22-39-34\no_bucket\frame_0815.jpg
2025-05-25 23:00:22,754 - INFO - Added no-bucket frame: C:/Users/Lev/Desktop/ZeroBlindSpot/data/2025-05-25_22-39-34\no_bucket\frame_0816.jpg
2025-05-25 23:00:22,754 - INFO - Added no-bucket frame: C:/Users/Lev/Desktop/ZeroBlindSpot/data/2025-05-25_22-39-34\no_bucket\frame_0817.jpg
2025-05-25 23:00:22,754 - INFO - Added no-bucket frame: C:/Users/Lev/Desktop/ZeroBlindSpot/data/2025-05-25_22-39-34\no_bucket\frame_0818.jpg
2025-05-25 23:00:22,754 - INFO - Added no-bucket frame: C:/Users/Lev/Desktop/ZeroBlindSpot/data/2025-05-25_22-39-34\no_bucket\frame_0819.jpg
2025-05-25 23:00:22,754 - INFO - Added no-bucket frame: C:/Users/Lev/Desktop/ZeroBlindSpot/data/2025-05-25_22-39-34\no_bucket\frame_0820.jpg
2025-05-25 23:00:22,754 - INFO - Added no-bucket frame: C:/Users/Lev/Desktop/ZeroBlindSpot/data/2025-05-25_22-39-34\no_bucket\frame_0821.jpg
2025-05-25 23:00:22,754 - INFO - Added no-bucket frame: C:/Users/Lev/Desktop/ZeroBlindSpot/data/2025-05-25_22-39-34\no_bucket\frame_0822.jpg
2025-05-25 23:00:22,754 - INFO - Added no-bucket frame: C:/Users/Lev/Desktop/ZeroBlindSpot/data/2025-05-25_22-39-34\no_bucket\frame_0823.jpg
2025-05-25 23:00:22,754 - INFO - Added no-bucket frame: C:/Users/Lev/Desktop/ZeroBlindSpot/data/2025-05-25_22-39-34\no_bucket\frame_0824.jpg
2025-05-25 23:00:22,754 - INFO - Added no-bucket frame: C:/Users/Lev/Desktop/ZeroBlindSpot/data/2025-05-25_22-39-34\no_bucket\frame_0825.jpg
2025-05-25 23:00:22,754 - INFO - Added no-bucket frame: C:/Users/Lev/Desktop/ZeroBlindSpot/data/2025-05-25_22-39-34\no_bucket\frame_0826.jpg
2025-05-25 23:00:22,754 - INFO - Added no-bucket frame: C:/Users/Lev/Desktop/ZeroBlindSpot/data/2025-05-25_22-39-34\no_bucket\frame_0827.jpg
2025-05-25 23:00:22,754 - INFO - Added no-bucket frame: C:/Users/Lev/Desktop/ZeroBlindSpot/data/2025-05-25_22-39-34\no_bucket\frame_0828.jpg
2025-05-25 23:00:22,754 - INFO - Added no-bucket frame: C:/Users/Lev/Desktop/ZeroBlindSpot/data/2025-05-25_22-39-34\no_bucket\frame_0829.jpg
2025-05-25 23:00:22,754 - INFO - Added no-bucket frame: C:/Users/Lev/Desktop/ZeroBlindSpot/data/2025-05-25_22-39-34\no_bucket\frame_0830.jpg
2025-05-25 23:00:22,754 - INFO - Added no-bucket frame: C:/Users/Lev/Desktop/ZeroBlindSpot/data/2025-05-25_22-39-34\no_bucket\frame_0831.jpg
2025-05-25 23:00:22,754 - INFO - Added no-bucket frame: C:/Users/Lev/Desktop/ZeroBlindSpot/data/2025-05-25_22-39-34\no_bucket\frame_0832.jpg
2025-05-25 23:00:22,754 - INFO - Added no-bucket frame: C:/Users/Lev/Desktop/ZeroBlindSpot/data/2025-05-25_22-39-34\no_bucket\frame_0833.jpg
2025-05-25 23:00:22,754 - INFO - Added no-bucket frame: C:/Users/Lev/Desktop/ZeroBlindSpot/data/2025-05-25_22-39-34\no_bucket\frame_0834.jpg
2025-05-25 23:00:22,754 - INFO - Added no-bucket frame: C:/Users/Lev/Desktop/ZeroBlindSpot/data/2025-05-25_22-39-34\no_bucket\frame_0835.jpg
2025-05-25 23:00:22,754 - INFO - Added no-bucket frame: C:/Users/Lev/Desktop/ZeroBlindSpot/data/2025-05-25_22-39-34\no_bucket\frame_0836.jpg
2025-05-25 23:00:22,754 - INFO - Added no-bucket frame: C:/Users/Lev/Desktop/ZeroBlindSpot/data/2025-05-25_22-39-34\no_bucket\frame_0837.jpg
2025-05-25 23:00:22,754 - INFO - Added no-bucket frame: C:/Users/Lev/Desktop/ZeroBlindSpot/data/2025-05-25_22-39-34\no_bucket\frame_0838.jpg
2025-05-25 23:00:22,754 - INFO - Added no-bucket frame: C:/Users/Lev/Desktop/ZeroBlindSpot/data/2025-05-25_22-39-34\no_bucket\frame_0839.jpg
2025-05-25 23:00:22,754 - INFO - Added no-bucket frame: C:/Users/Lev/Desktop/ZeroBlindSpot/data/2025-05-25_22-39-34\no_bucket\frame_0840.jpg
2025-05-25 23:00:22,754 - INFO - Added no-bucket frame: C:/Users/Lev/Desktop/ZeroBlindSpot/data/2025-05-25_22-39-34\no_bucket\frame_0841.jpg
2025-05-25 23:00:22,755 - INFO - Added no-bucket frame: C:/Users/Lev/Desktop/ZeroBlindSpot/data/2025-05-25_22-39-34\no_bucket\frame_0842.jpg
2025-05-25 23:00:22,755 - INFO - Added no-bucket frame: C:/Users/Lev/Desktop/ZeroBlindSpot/data/2025-05-25_22-39-34\no_bucket\frame_0843.jpg
2025-05-25 23:00:22,755 - INFO - Added no-bucket frame: C:/Users/Lev/Desktop/ZeroBlindSpot/data/2025-05-25_22-39-34\no_bucket\frame_0844.jpg
2025-05-25 23:00:22,755 - INFO - Added no-bucket frame: C:/Users/Lev/Desktop/ZeroBlindSpot/data/2025-05-25_22-39-34\no_bucket\frame_0845.jpg
2025-05-25 23:00:22,755 - INFO - Added no-bucket frame: C:/Users/Lev/Desktop/ZeroBlindSpot/data/2025-05-25_22-39-34\no_bucket\frame_0846.jpg
2025-05-25 23:00:22,755 - INFO - Added no-bucket frame: C:/Users/Lev/Desktop/ZeroBlindSpot/data/2025-05-25_22-39-34\no_bucket\frame_0847.jpg
2025-05-25 23:00:22,755 - INFO - Added no-bucket frame: C:/Users/Lev/Desktop/ZeroBlindSpot/data/2025-05-25_22-39-34\no_bucket\frame_0848.jpg
2025-05-25 23:00:22,755 - INFO - Added no-bucket frame: C:/Users/Lev/Desktop/ZeroBlindSpot/data/2025-05-25_22-39-34\no_bucket\frame_0849.jpg
2025-05-25 23:00:22,755 - INFO - Added no-bucket frame: C:/Users/Lev/Desktop/ZeroBlindSpot/data/2025-05-25_22-39-34\no_bucket\frame_0850.jpg
2025-05-25 23:00:22,755 - INFO - Added no-bucket frame: C:/Users/Lev/Desktop/ZeroBlindSpot/data/2025-05-25_22-39-34\no_bucket\frame_0851.jpg
2025-05-25 23:00:22,755 - INFO - Added no-bucket frame: C:/Users/Lev/Desktop/ZeroBlindSpot/data/2025-05-25_22-39-34\no_bucket\frame_0854.jpg
2025-05-25 23:00:22,755 - INFO - Added no-bucket frame: C:/Users/Lev/Desktop/ZeroBlindSpot/data/2025-05-25_22-39-34\no_bucket\frame_0855.jpg
2025-05-25 23:00:22,755 - INFO - Added no-bucket frame: C:/Users/Lev/Desktop/ZeroBlindSpot/data/2025-05-25_22-39-34\no_bucket\frame_0856.jpg
2025-05-25 23:00:22,755 - INFO - Added no-bucket frame: C:/Users/Lev/Desktop/ZeroBlindSpot/data/2025-05-25_22-39-34\no_bucket\frame_0857.jpg
2025-05-25 23:00:22,755 - INFO - Added no-bucket frame: C:/Users/Lev/Desktop/ZeroBlindSpot/data/2025-05-25_22-39-34\no_bucket\frame_0858.jpg
2025-05-25 23:00:22,755 - INFO - Added no-bucket frame: C:/Users/Lev/Desktop/ZeroBlindSpot/data/2025-05-25_22-39-34\no_bucket\frame_0859.jpg
2025-05-25 23:00:22,755 - INFO - Added no-bucket frame: C:/Users/Lev/Desktop/ZeroBlindSpot/data/2025-05-25_22-39-34\no_bucket\frame_0860.jpg
2025-05-25 23:00:22,755 - INFO - Added no-bucket frame: C:/Users/Lev/Desktop/ZeroBlindSpot/data/2025-05-25_22-39-34\no_bucket\frame_0861.jpg
2025-05-25 23:00:22,755 - INFO - Added no-bucket frame: C:/Users/Lev/Desktop/ZeroBlindSpot/data/2025-05-25_22-39-34\no_bucket\frame_0862.jpg
2025-05-25 23:00:22,755 - INFO - Added no-bucket frame: C:/Users/Lev/Desktop/ZeroBlindSpot/data/2025-05-25_22-39-34\no_bucket\frame_0863.jpg
2025-05-25 23:00:22,755 - INFO - Added no-bucket frame: C:/Users/Lev/Desktop/ZeroBlindSpot/data/2025-05-25_22-39-34\no_bucket\frame_0864.jpg
2025-05-25 23:00:22,755 - INFO - Added no-bucket frame: C:/Users/Lev/Desktop/ZeroBlindSpot/data/2025-05-25_22-39-34\no_bucket\frame_0865.jpg
2025-05-25 23:00:22,755 - INFO - Added no-bucket frame: C:/Users/Lev/Desktop/ZeroBlindSpot/data/2025-05-25_22-39-34\no_bucket\frame_0866.jpg
2025-05-25 23:00:22,755 - INFO - Added no-bucket frame: C:/Users/Lev/Desktop/ZeroBlindSpot/data/2025-05-25_22-39-34\no_bucket\frame_0867.jpg
2025-05-25 23:00:22,755 - INFO - Added no-bucket frame: C:/Users/Lev/Desktop/ZeroBlindSpot/data/2025-05-25_22-39-34\no_bucket\frame_0868.jpg
2025-05-25 23:00:22,755 - INFO - Added no-bucket frame: C:/Users/Lev/Desktop/ZeroBlindSpot/data/2025-05-25_22-39-34\no_bucket\frame_0869.jpg
2025-05-25 23:00:22,755 - INFO - Added no-bucket frame: C:/Users/Lev/Desktop/ZeroBlindSpot/data/2025-05-25_22-39-34\no_bucket\frame_0870.jpg
2025-05-25 23:00:22,755 - INFO - Added no-bucket frame: C:/Users/Lev/Desktop/ZeroBlindSpot/data/2025-05-25_22-39-34\no_bucket\frame_0871.jpg
2025-05-25 23:00:22,756 - INFO - Added no-bucket frame: C:/Users/Lev/Desktop/ZeroBlindSpot/data/2025-05-25_22-39-34\no_bucket\frame_0872.jpg
2025-05-25 23:00:22,756 - INFO - Added no-bucket frame: C:/Users/Lev/Desktop/ZeroBlindSpot/data/2025-05-25_22-39-34\no_bucket\frame_0873.jpg
2025-05-25 23:00:22,756 - INFO - Added no-bucket frame: C:/Users/Lev/Desktop/ZeroBlindSpot/data/2025-05-25_22-39-34\no_bucket\frame_0874.jpg
2025-05-25 23:00:22,756 - INFO - Added no-bucket frame: C:/Users/Lev/Desktop/ZeroBlindSpot/data/2025-05-25_22-39-34\no_bucket\frame_0875.jpg
2025-05-25 23:00:22,756 - INFO - Added no-bucket frame: C:/Users/Lev/Desktop/ZeroBlindSpot/data/2025-05-25_22-39-34\no_bucket\frame_0876.jpg
2025-05-25 23:00:22,756 - INFO - Added no-bucket frame: C:/Users/Lev/Desktop/ZeroBlindSpot/data/2025-05-25_22-39-34\no_bucket\frame_0878.jpg
2025-05-25 23:00:22,756 - INFO - Added no-bucket frame: C:/Users/Lev/Desktop/ZeroBlindSpot/data/2025-05-25_22-39-34\no_bucket\frame_0879.jpg
2025-05-25 23:00:22,756 - INFO - Added no-bucket frame: C:/Users/Lev/Desktop/ZeroBlindSpot/data/2025-05-25_22-39-34\no_bucket\frame_0880.jpg
2025-05-25 23:00:22,756 - INFO - Added no-bucket frame: C:/Users/Lev/Desktop/ZeroBlindSpot/data/2025-05-25_22-39-34\no_bucket\frame_0881.jpg
2025-05-25 23:00:22,756 - INFO - Added no-bucket frame: C:/Users/Lev/Desktop/ZeroBlindSpot/data/2025-05-25_22-39-34\no_bucket\frame_0882.jpg
2025-05-25 23:00:22,756 - INFO - Added no-bucket frame: C:/Users/Lev/Desktop/ZeroBlindSpot/data/2025-05-25_22-39-34\no_bucket\frame_0883.jpg
2025-05-25 23:00:22,756 - INFO - Added no-bucket frame: C:/Users/Lev/Desktop/ZeroBlindSpot/data/2025-05-25_22-39-34\no_bucket\frame_0884.jpg
2025-05-25 23:00:22,756 - INFO - Added no-bucket frame: C:/Users/Lev/Desktop/ZeroBlindSpot/data/2025-05-25_22-39-34\no_bucket\frame_0885.jpg
2025-05-25 23:00:22,756 - INFO - Added no-bucket frame: C:/Users/Lev/Desktop/ZeroBlindSpot/data/2025-05-25_22-39-34\no_bucket\frame_0886.jpg
2025-05-25 23:00:22,756 - INFO - Added no-bucket frame: C:/Users/Lev/Desktop/ZeroBlindSpot/data/2025-05-25_22-39-34\no_bucket\frame_0887.jpg
2025-05-25 23:00:22,756 - INFO - Added no-bucket frame: C:/Users/Lev/Desktop/ZeroBlindSpot/data/2025-05-25_22-39-34\no_bucket\frame_0888.jpg
2025-05-25 23:00:22,756 - INFO - Added no-bucket frame: C:/Users/Lev/Desktop/ZeroBlindSpot/data/2025-05-25_22-39-34\no_bucket\frame_0889.jpg
2025-05-25 23:00:22,756 - INFO - Added no-bucket frame: C:/Users/Lev/Desktop/ZeroBlindSpot/data/2025-05-25_22-39-34\no_bucket\frame_0890.jpg
2025-05-25 23:00:22,756 - INFO - Added no-bucket frame: C:/Users/Lev/Desktop/ZeroBlindSpot/data/2025-05-25_22-39-34\no_bucket\frame_0891.jpg
2025-05-25 23:00:22,756 - INFO - Added no-bucket frame: C:/Users/Lev/Desktop/ZeroBlindSpot/data/2025-05-25_22-39-34\no_bucket\frame_0892.jpg
2025-05-25 23:00:22,756 - INFO - Added no-bucket frame: C:/Users/Lev/Desktop/ZeroBlindSpot/data/2025-05-25_22-39-34\no_bucket\frame_0893.jpg
2025-05-25 23:00:22,756 - INFO - Added no-bucket frame: C:/Users/Lev/Desktop/ZeroBlindSpot/data/2025-05-25_22-39-34\no_bucket\frame_0894.jpg
2025-05-25 23:00:22,756 - INFO - Added no-bucket frame: C:/Users/Lev/Desktop/ZeroBlindSpot/data/2025-05-25_22-39-34\no_bucket\frame_0895.jpg
2025-05-25 23:00:22,756 - INFO - Added no-bucket frame: C:/Users/Lev/Desktop/ZeroBlindSpot/data/2025-05-25_22-39-34\no_bucket\frame_0896.jpg
2025-05-25 23:00:22,756 - INFO - Added no-bucket frame: C:/Users/Lev/Desktop/ZeroBlindSpot/data/2025-05-25_22-39-34\no_bucket\frame_0897.jpg
2025-05-25 23:00:22,756 - INFO - Added no-bucket frame: C:/Users/Lev/Desktop/ZeroBlindSpot/data/2025-05-25_22-39-34\no_bucket\frame_0898.jpg
2025-05-25 23:00:22,756 - INFO - Added no-bucket frame: C:/Users/Lev/Desktop/ZeroBlindSpot/data/2025-05-25_22-39-34\no_bucket\frame_0899.jpg
2025-05-25 23:00:22,757 - INFO - Added no-bucket frame: C:/Users/Lev/Desktop/ZeroBlindSpot/data/2025-05-25_22-39-34\no_bucket\frame_0900.jpg
2025-05-25 23:00:22,757 - INFO - Added no-bucket frame: C:/Users/Lev/Desktop/ZeroBlindSpot/data/2025-05-25_22-39-34\no_bucket\frame_0901.jpg
2025-05-25 23:00:22,757 - INFO - Added no-bucket frame: C:/Users/Lev/Desktop/ZeroBlindSpot/data/2025-05-25_22-39-34\no_bucket\frame_0902.jpg
2025-05-25 23:00:22,757 - INFO - Added no-bucket frame: C:/Users/Lev/Desktop/ZeroBlindSpot/data/2025-05-25_22-39-34\no_bucket\frame_0903.jpg
2025-05-25 23:00:22,757 - INFO - Added no-bucket frame: C:/Users/Lev/Desktop/ZeroBlindSpot/data/2025-05-25_22-39-34\no_bucket\frame_0904.jpg
2025-05-25 23:00:22,757 - INFO - Added no-bucket frame: C:/Users/Lev/Desktop/ZeroBlindSpot/data/2025-05-25_22-39-34\no_bucket\frame_0905.jpg
2025-05-25 23:00:22,757 - INFO - Added no-bucket frame: C:/Users/Lev/Desktop/ZeroBlindSpot/data/2025-05-25_22-39-34\no_bucket\frame_0906.jpg
2025-05-25 23:00:22,757 - INFO - Added no-bucket frame: C:/Users/Lev/Desktop/ZeroBlindSpot/data/2025-05-25_22-39-34\no_bucket\frame_0907.jpg
2025-05-25 23:00:24,628 - INFO - Loaded 0 low-conf frames, 672 no-bucket frames
2025-05-25 23:00:29,270 - INFO - Review mode 
2025-05-25 23:00:31,236 - INFO - Annotation mode 
2025-05-25 23:00:34,422 - INFO - Added annotation: (642.5, 187.0, 171, 146)
2025-05-25 23:00:47,639 - INFO - Added annotation: (640.0, 183.0, 168, 150)
2025-05-25 23:01:21,055 - INFO - Added annotation: (644.5, 184.5, 179, 151)
2025-05-25 23:01:31,044 - INFO - Added annotation: (640.5, 177.5, 175, 155)
2025-05-25 23:01:38,214 - INFO - Added annotation: (678.5, 77.0, 193, 142)
