2025-05-25 18:31:32,717 - INFO - Device updated to cpu
2025-05-25 18:31:32,880 - INFO - YOLO model loaded successfully
2025-05-25 18:31:32,881 - INFO - CNN model disabled until architecture is provided
2025-05-25 18:31:51,941 - INFO - Selected video: C:/Users/Lev/Desktop/covsh/test/videos/7.mp4
2025-05-25 18:32:11,515 - INFO - Video split into frames in data/frames
2025-05-25 18:32:14,267 - INFO - Processed frame frame_0009.jpg: bucket, conf: 0.73
2025-05-25 18:32:15,354 - INFO - Processed frame frame_0019.jpg: bucket, conf: 0.88
2025-05-25 18:32:15,458 - INFO - Processed frame frame_0020.jpg: bucket, conf: 0.86
2025-05-25 18:32:17,587 - INFO - Processed frame frame_0040.jpg: bucket, conf: 0.71
2025-05-25 18:32:17,697 - INFO - Processed frame frame_0041.jpg: bucket, conf: 0.67
2025-05-25 18:32:18,021 - INFO - Processed frame frame_0044.jpg: bucket, conf: 0.63
2025-05-25 18:32:18,988 - INFO - Processed frame frame_0053.jpg: bucket, conf: 0.57
2025-05-25 18:32:19,216 - INFO - Processed frame frame_0055.jpg: bucket, conf: 0.50
2025-05-25 18:32:19,326 - INFO - Processed frame frame_0056.jpg: bucket, conf: 0.69
2025-05-25 18:32:20,451 - INFO - Processed frame frame_0066.jpg: bucket, conf: 0.83
2025-05-25 18:32:20,569 - INFO - Processed frame frame_0067.jpg: bucket, conf: 0.90
2025-05-25 18:32:20,689 - INFO - Processed frame frame_0068.jpg: bucket, conf: 0.83
2025-05-25 18:32:21,260 - INFO - Processed frame frame_0073.jpg: bucket, conf: 0.79
2025-05-25 18:32:21,817 - INFO - Processed frame frame_0078.jpg: bucket, conf: 0.75
2025-05-25 18:32:21,925 - INFO - Processed frame frame_0079.jpg: bucket, conf: 0.66
2025-05-25 18:32:22,149 - INFO - Processed frame frame_0081.jpg: bucket, conf: 0.84
2025-05-25 18:32:22,578 - INFO - Processed frame frame_0085.jpg: bucket, conf: 0.81
2025-05-25 18:32:22,789 - INFO - Processed frame frame_0087.jpg: bucket, conf: 0.55
2025-05-25 18:32:23,414 - INFO - Processed frame frame_0093.jpg: bucket, conf: 0.68
2025-05-25 18:32:23,742 - INFO - Processed frame frame_0096.jpg: bucket, conf: 0.85
2025-05-25 18:32:23,851 - INFO - Processed frame frame_0097.jpg: bucket, conf: 0.89
2025-05-25 18:32:24,389 - INFO - Processed frame frame_0102.jpg: bucket, conf: 0.66
2025-05-25 18:32:24,496 - INFO - Processed frame frame_0103.jpg: bucket, conf: 0.76
2025-05-25 18:32:24,825 - INFO - Processed frame frame_0106.jpg: bucket, conf: 0.83
2025-05-25 18:32:24,934 - INFO - Processed frame frame_0107.jpg: bucket, conf: 0.87
2025-05-25 18:32:25,045 - INFO - Processed frame frame_0108.jpg: bucket, conf: 0.85
2025-05-25 18:32:25,145 - INFO - Processed frame frame_0109.jpg: bucket, conf: 0.87
2025-05-25 18:32:25,246 - INFO - Processed frame frame_0110.jpg: bucket, conf: 0.89
2025-05-25 18:32:25,357 - INFO - Processed frame frame_0111.jpg: bucket, conf: 0.87
2025-05-25 18:32:25,467 - INFO - Processed frame frame_0112.jpg: bucket, conf: 0.84
2025-05-25 18:32:25,575 - INFO - Processed frame frame_0113.jpg: bucket, conf: 0.88
2025-05-25 18:32:25,682 - INFO - Processed frame frame_0114.jpg: bucket, conf: 0.88
2025-05-25 18:32:25,793 - INFO - Processed frame frame_0115.jpg: bucket, conf: 0.87
2025-05-25 18:32:25,899 - INFO - Processed frame frame_0116.jpg: bucket, conf: 0.83
2025-05-25 18:32:26,553 - INFO - Processed frame frame_0122.jpg: bucket, conf: 0.61
2025-05-25 18:32:26,997 - INFO - Processed frame frame_0126.jpg: bucket, conf: 0.84
2025-05-25 18:32:27,110 - INFO - Processed frame frame_0127.jpg: bucket, conf: 0.82
2025-05-25 18:32:27,669 - INFO - Processed frame frame_0132.jpg: bucket, conf: 0.78
2025-05-25 18:32:27,779 - INFO - Processed frame frame_0133.jpg: bucket, conf: 0.53
2025-05-25 18:32:28,108 - INFO - Processed frame frame_0136.jpg: bucket, conf: 0.88
2025-05-25 18:32:28,214 - INFO - Processed frame frame_0137.jpg: bucket, conf: 0.88
2025-05-25 18:32:28,320 - INFO - Processed frame frame_0138.jpg: bucket, conf: 0.72
2025-05-25 18:32:29,077 - INFO - Processed frame frame_0145.jpg: bucket, conf: 0.51
2025-05-25 18:32:29,493 - INFO - Processed frame frame_0149.jpg: bucket, conf: 0.87
2025-05-25 18:32:30,039 - INFO - Processed frame frame_0154.jpg: bucket, conf: 0.79
2025-05-25 18:32:30,255 - INFO - Processed frame frame_0156.jpg: bucket, conf: 0.54
2025-05-25 18:32:30,362 - INFO - Processed frame frame_0157.jpg: bucket, conf: 0.74
2025-05-25 18:32:30,468 - INFO - Processed frame frame_0158.jpg: bucket, conf: 0.85
2025-05-25 18:32:30,577 - INFO - Processed frame frame_0159.jpg: bucket, conf: 0.53
2025-05-25 18:32:30,794 - INFO - Processed frame frame_0161.jpg: bucket, conf: 0.58
2025-05-25 18:32:31,010 - INFO - Processed frame frame_0163.jpg: bucket, conf: 0.50
2025-05-25 18:32:32,314 - INFO - Processed frame frame_0175.jpg: bucket, conf: 0.76
2025-05-25 18:32:32,422 - INFO - Processed frame frame_0176.jpg: bucket, conf: 0.79
2025-05-25 18:32:32,853 - INFO - Processed frame frame_0180.jpg: bucket, conf: 0.68
2025-05-25 18:32:32,961 - INFO - Processed frame frame_0181.jpg: bucket, conf: 0.72
2025-05-25 18:32:33,072 - INFO - Processed frame frame_0182.jpg: bucket, conf: 0.80
2025-05-25 18:32:33,180 - INFO - Processed frame frame_0183.jpg: bucket, conf: 0.79
2025-05-25 18:32:33,611 - INFO - Processed frame frame_0187.jpg: bucket, conf: 0.61
2025-05-25 18:32:34,045 - INFO - Processed frame frame_0191.jpg: bucket, conf: 0.56
2025-05-25 18:32:34,268 - INFO - Processed frame frame_0193.jpg: bucket, conf: 0.84
2025-05-25 18:32:34,379 - INFO - Processed frame frame_0194.jpg: bucket, conf: 0.83
2025-05-25 18:32:34,816 - INFO - Processed frame frame_0198.jpg: bucket, conf: 0.67
2025-05-25 18:32:34,923 - INFO - Processed frame frame_0199.jpg: bucket, conf: 0.89
2025-05-25 18:32:35,568 - INFO - Processed frame frame_0205.jpg: bucket, conf: 0.84
2025-05-25 18:32:36,214 - INFO - Processed frame frame_0211.jpg: bucket, conf: 0.83
2025-05-25 18:32:36,765 - INFO - Processed frame frame_0216.jpg: bucket, conf: 0.88
2025-05-25 18:32:36,985 - INFO - Processed frame frame_0218.jpg: bucket, conf: 0.54
2025-05-25 18:32:37,759 - INFO - Processed frame frame_0225.jpg: bucket, conf: 0.68
2025-05-25 18:32:38,055 - INFO - Processed frame frame_0228.jpg: bucket, conf: 0.52
2025-05-25 18:32:39,233 - INFO - Processed frame frame_0239.jpg: bucket, conf: 0.85
2025-05-25 18:32:39,761 - INFO - Processed frame frame_0244.jpg: bucket, conf: 0.59
2025-05-25 18:32:40,080 - INFO - Processed frame frame_0247.jpg: bucket, conf: 0.76
2025-05-25 18:32:40,731 - INFO - Processed frame frame_0253.jpg: bucket, conf: 0.82
2025-05-25 18:32:40,838 - INFO - Processed frame frame_0254.jpg: bucket, conf: 0.58
2025-05-25 18:32:41,481 - INFO - Processed frame frame_0260.jpg: bucket, conf: 0.64
2025-05-25 18:32:42,027 - INFO - Processed frame frame_0265.jpg: bucket, conf: 0.89
2025-05-25 18:32:42,131 - INFO - Processed frame frame_0266.jpg: bucket, conf: 0.69
2025-05-25 18:32:43,443 - INFO - Processed frame frame_0278.jpg: bucket, conf: 0.65
2025-05-25 18:32:43,552 - INFO - Processed frame frame_0279.jpg: bucket, conf: 0.85
2025-05-25 18:32:43,660 - INFO - Processed frame frame_0280.jpg: bucket, conf: 0.58
2025-05-25 18:32:43,984 - INFO - Processed frame frame_0283.jpg: bucket, conf: 0.75
2025-05-25 18:32:44,094 - INFO - Processed frame frame_0284.jpg: bucket, conf: 0.76
2025-05-25 18:32:44,207 - INFO - Processed frame frame_0285.jpg: bucket, conf: 0.88
2025-05-25 18:32:44,428 - INFO - Processed frame frame_0287.jpg: bucket, conf: 0.67
2025-05-25 18:32:44,540 - INFO - Processed frame frame_0288.jpg: bucket, conf: 0.78
2025-05-25 18:32:44,651 - INFO - Processed frame frame_0289.jpg: bucket, conf: 0.83
2025-05-25 18:32:44,760 - INFO - Processed frame frame_0290.jpg: bucket, conf: 0.76
2025-05-25 18:32:44,975 - INFO - Processed frame frame_0292.jpg: bucket, conf: 0.89
2025-05-25 18:32:45,087 - INFO - Processed frame frame_0293.jpg: bucket, conf: 0.76
2025-05-25 18:32:45,194 - INFO - Processed frame frame_0294.jpg: bucket, conf: 0.81
2025-05-25 18:32:45,530 - INFO - Processed frame frame_0297.jpg: bucket, conf: 0.66
2025-05-25 18:32:45,641 - INFO - Processed frame frame_0298.jpg: bucket, conf: 0.50
2025-05-25 18:32:45,751 - INFO - Processed frame frame_0299.jpg: bucket, conf: 0.61
2025-05-25 18:32:45,860 - INFO - Processed frame frame_0300.jpg: bucket, conf: 0.79
2025-05-25 18:32:47,057 - INFO - Processed frame frame_0311.jpg: bucket, conf: 0.55
2025-05-25 18:32:47,716 - INFO - Processed frame frame_0317.jpg: bucket, conf: 0.57
2025-05-25 18:32:47,826 - INFO - Processed frame frame_0318.jpg: bucket, conf: 0.81
2025-05-25 18:32:48,694 - INFO - Processed frame frame_0326.jpg: bucket, conf: 0.66
2025-05-25 18:32:49,021 - INFO - Processed frame frame_0329.jpg: bucket, conf: 0.81
2025-05-25 18:32:49,128 - INFO - Processed frame frame_0330.jpg: bucket, conf: 0.85
2025-05-25 18:32:49,565 - INFO - Processed frame frame_0334.jpg: bucket, conf: 0.66
2025-05-25 18:32:50,108 - INFO - Processed frame frame_0339.jpg: bucket, conf: 0.84
2025-05-25 18:32:50,647 - INFO - Processed frame frame_0344.jpg: bucket, conf: 0.76
2025-05-25 18:32:51,733 - INFO - Processed frame frame_0354.jpg: bucket, conf: 0.68
2025-05-25 18:32:53,017 - INFO - Processed frame frame_0366.jpg: bucket, conf: 0.88
2025-05-25 18:32:53,791 - INFO - Processed frame frame_0373.jpg: bucket, conf: 0.67
2025-05-25 18:32:53,902 - INFO - Processed frame frame_0374.jpg: bucket, conf: 0.54
2025-05-25 18:32:54,012 - INFO - Processed frame frame_0375.jpg: bucket, conf: 0.71
2025-05-25 18:32:54,123 - INFO - Processed frame frame_0376.jpg: bucket, conf: 0.84
2025-05-25 18:32:54,233 - INFO - Processed frame frame_0377.jpg: bucket, conf: 0.62
2025-05-25 18:32:54,343 - INFO - Processed frame frame_0378.jpg: bucket, conf: 0.69
2025-05-25 18:32:54,449 - INFO - Processed frame frame_0379.jpg: bucket, conf: 0.84
2025-05-25 18:32:54,555 - INFO - Processed frame frame_0380.jpg: bucket, conf: 0.79
2025-05-25 18:32:54,881 - INFO - Processed frame frame_0383.jpg: bucket, conf: 0.85
2025-05-25 18:32:54,985 - INFO - Processed frame frame_0384.jpg: bucket, conf: 0.80
2025-05-25 18:32:55,098 - INFO - Processed frame frame_0385.jpg: bucket, conf: 0.83
2025-05-25 18:32:55,324 - INFO - Processed frame frame_0387.jpg: bucket, conf: 0.88
2025-05-25 18:32:55,435 - INFO - Processed frame frame_0388.jpg: bucket, conf: 0.79
2025-05-25 18:32:55,544 - INFO - Processed frame frame_0389.jpg: bucket, conf: 0.87
2025-05-25 18:32:55,765 - INFO - Processed frame frame_0391.jpg: bucket, conf: 0.55
2025-05-25 18:32:55,874 - INFO - Processed frame frame_0392.jpg: bucket, conf: 0.62
2025-05-25 18:32:55,981 - INFO - Processed frame frame_0393.jpg: bucket, conf: 0.76
2025-05-25 18:32:55,982 - INFO - Processed frame frame_0393.jpg: bucket, conf: 0.64
2025-05-25 18:32:56,300 - INFO - Processed frame frame_0396.jpg: bucket, conf: 0.85
2025-05-25 18:32:56,413 - INFO - Processed frame frame_0397.jpg: bucket, conf: 0.87
2025-05-25 18:32:56,520 - INFO - Processed frame frame_0398.jpg: bucket, conf: 0.84
2025-05-25 18:32:56,630 - INFO - Processed frame frame_0399.jpg: bucket, conf: 0.86
2025-05-25 18:32:56,741 - INFO - Processed frame frame_0400.jpg: bucket, conf: 0.54
2025-05-25 18:32:57,075 - INFO - Processed frame frame_0403.jpg: bucket, conf: 0.76
2025-05-25 18:32:57,395 - INFO - Processed frame frame_0406.jpg: bucket, conf: 0.77
2025-05-25 18:32:57,506 - INFO - Processed frame frame_0407.jpg: bucket, conf: 0.84
2025-05-25 18:32:57,617 - INFO - Processed frame frame_0408.jpg: bucket, conf: 0.82
2025-05-25 18:32:58,495 - INFO - Processed frame frame_0416.jpg: bucket, conf: 0.79
2025-05-25 18:32:58,732 - INFO - Processed frame frame_0418.jpg: bucket, conf: 0.69
2025-05-25 18:32:58,840 - INFO - Processed frame frame_0419.jpg: bucket, conf: 0.79
2025-05-25 18:32:58,951 - INFO - Processed frame frame_0420.jpg: bucket, conf: 0.79
2025-05-25 18:32:59,059 - INFO - Processed frame frame_0421.jpg: bucket, conf: 0.55
2025-05-25 18:32:59,502 - INFO - Processed frame frame_0425.jpg: bucket, conf: 0.67
2025-05-25 18:32:59,835 - INFO - Processed frame frame_0428.jpg: bucket, conf: 0.52
2025-05-25 18:32:59,945 - INFO - Processed frame frame_0429.jpg: bucket, conf: 0.80
2025-05-25 18:33:00,057 - INFO - Processed frame frame_0430.jpg: bucket, conf: 0.67
2025-05-25 18:33:00,279 - INFO - Processed frame frame_0432.jpg: bucket, conf: 0.74
2025-05-25 18:33:00,390 - INFO - Processed frame frame_0433.jpg: bucket, conf: 0.85
2025-05-25 18:33:00,608 - INFO - Processed frame frame_0435.jpg: bucket, conf: 0.83
2025-05-25 18:33:01,154 - INFO - Processed frame frame_0440.jpg: bucket, conf: 0.78
2025-05-25 18:33:01,261 - INFO - Processed frame frame_0441.jpg: bucket, conf: 0.77
2025-05-25 18:33:01,372 - INFO - Processed frame frame_0442.jpg: bucket, conf: 0.89
2025-05-25 18:33:01,482 - INFO - Processed frame frame_0443.jpg: bucket, conf: 0.86
2025-05-25 18:33:01,593 - INFO - Processed frame frame_0444.jpg: bucket, conf: 0.88
2025-05-25 18:33:01,703 - INFO - Processed frame frame_0445.jpg: bucket, conf: 0.80
2025-05-25 18:33:01,811 - INFO - Processed frame frame_0446.jpg: bucket, conf: 0.88
2025-05-25 18:33:01,920 - INFO - Processed frame frame_0447.jpg: bucket, conf: 0.77
2025-05-25 18:33:02,031 - INFO - Processed frame frame_0448.jpg: bucket, conf: 0.89
2025-05-25 18:33:02,143 - INFO - Processed frame frame_0449.jpg: bucket, conf: 0.81
2025-05-25 18:33:02,366 - INFO - Processed frame frame_0451.jpg: bucket, conf: 0.86
2025-05-25 18:33:03,017 - INFO - Processed frame frame_0457.jpg: bucket, conf: 0.67
2025-05-25 18:33:03,128 - INFO - Processed frame frame_0458.jpg: bucket, conf: 0.85
2025-05-25 18:33:03,237 - INFO - Processed frame frame_0459.jpg: bucket, conf: 0.78
2025-05-25 18:33:03,566 - INFO - Processed frame frame_0462.jpg: bucket, conf: 0.61
2025-05-25 18:33:03,677 - INFO - Processed frame frame_0463.jpg: bucket, conf: 0.52
2025-05-25 18:33:03,912 - INFO - Processed frame frame_0465.jpg: bucket, conf: 0.66
2025-05-25 18:33:04,240 - INFO - Processed frame frame_0468.jpg: bucket, conf: 0.70
2025-05-25 18:33:04,462 - INFO - Processed frame frame_0470.jpg: bucket, conf: 0.77
2025-05-25 18:33:04,570 - INFO - Processed frame frame_0471.jpg: bucket, conf: 0.78
2025-05-25 18:33:05,003 - INFO - Processed frame frame_0475.jpg: bucket, conf: 0.86
2025-05-25 18:33:05,117 - INFO - Processed frame frame_0476.jpg: bucket, conf: 0.85
2025-05-25 18:33:05,229 - INFO - Processed frame frame_0477.jpg: bucket, conf: 0.68
2025-05-25 18:33:05,777 - INFO - Processed frame frame_0482.jpg: bucket, conf: 0.73
2025-05-25 18:33:05,885 - INFO - Processed frame frame_0483.jpg: bucket, conf: 0.52
2025-05-25 18:33:06,213 - INFO - Processed frame frame_0486.jpg: bucket, conf: 0.81
2025-05-25 18:33:06,316 - INFO - Processed frame frame_0487.jpg: bucket, conf: 0.80
2025-05-25 18:33:06,532 - INFO - Processed frame frame_0489.jpg: bucket, conf: 0.84
2025-05-25 18:33:06,860 - INFO - Processed frame frame_0492.jpg: bucket, conf: 0.81
2025-05-25 18:33:06,974 - INFO - Processed frame frame_0493.jpg: bucket, conf: 0.83
2025-05-25 18:33:07,195 - INFO - Processed frame frame_0495.jpg: bucket, conf: 0.72
2025-05-25 18:33:07,412 - INFO - Processed frame frame_0497.jpg: bucket, conf: 0.66
2025-05-25 18:33:07,525 - INFO - Processed frame frame_0498.jpg: bucket, conf: 0.75
2025-05-25 18:33:07,639 - INFO - Processed frame frame_0499.jpg: bucket, conf: 0.89
2025-05-25 18:33:07,750 - INFO - Processed frame frame_0500.jpg: bucket, conf: 0.91
2025-05-25 18:33:07,857 - INFO - Processed frame frame_0501.jpg: bucket, conf: 0.89
2025-05-25 18:33:07,963 - INFO - Processed frame frame_0502.jpg: bucket, conf: 0.89
2025-05-25 18:33:08,076 - INFO - Processed frame frame_0503.jpg: bucket, conf: 0.88
2025-05-25 18:33:09,280 - INFO - Processed frame frame_0514.jpg: bucket, conf: 0.59
2025-05-25 18:33:09,389 - INFO - Processed frame frame_0515.jpg: bucket, conf: 0.70
2025-05-25 18:33:09,495 - INFO - Processed frame frame_0516.jpg: bucket, conf: 0.71
2025-05-25 18:33:09,717 - INFO - Processed frame frame_0518.jpg: bucket, conf: 0.54
2025-05-25 18:33:10,477 - INFO - Processed frame frame_0525.jpg: bucket, conf: 0.84
2025-05-25 18:33:10,587 - INFO - Processed frame frame_0526.jpg: bucket, conf: 0.89
2025-05-25 18:33:10,907 - INFO - Processed frame frame_0529.jpg: bucket, conf: 0.91
2025-05-25 18:33:11,019 - INFO - Processed frame frame_0530.jpg: bucket, conf: 0.91
2025-05-25 18:33:11,124 - INFO - Processed frame frame_0531.jpg: bucket, conf: 0.90
2025-05-25 18:33:11,232 - INFO - Processed frame frame_0532.jpg: bucket, conf: 0.91
2025-05-25 18:33:11,775 - INFO - Processed frame frame_0537.jpg: bucket, conf: 0.81
2025-05-25 18:33:11,775 - INFO - Processed frame frame_0537.jpg: bucket, conf: 0.77
2025-05-25 18:33:11,883 - INFO - Processed frame frame_0538.jpg: bucket, conf: 0.90
2025-05-25 18:33:11,884 - INFO - Processed frame frame_0538.jpg: bucket, conf: 0.80
2025-05-25 18:33:11,998 - INFO - Processed frame frame_0539.jpg: bucket, conf: 0.86
2025-05-25 18:33:12,107 - INFO - Processed frame frame_0540.jpg: bucket, conf: 0.67
2025-05-25 18:33:15,192 - INFO - Processed frame frame_0568.jpg: bucket, conf: 0.74
2025-05-25 18:33:15,952 - INFO - Processed frame frame_0575.jpg: bucket, conf: 0.77
2025-05-25 18:33:16,166 - INFO - Processed frame frame_0577.jpg: bucket, conf: 0.77
2025-05-25 18:33:16,824 - INFO - Processed frame frame_0583.jpg: bucket, conf: 0.54
2025-05-25 18:33:16,933 - INFO - Processed frame frame_0584.jpg: bucket, conf: 0.71
2025-05-25 18:33:17,047 - INFO - Processed frame frame_0585.jpg: bucket, conf: 0.61
2025-05-25 18:33:19,844 - INFO - Processed frame frame_0611.jpg: bucket, conf: 0.54
2025-05-25 18:33:22,266 - INFO - Processed frame frame_0633.jpg: bucket, conf: 0.86
2025-05-25 18:33:24,860 - INFO - Processed frame frame_0657.jpg: bucket, conf: 0.65
2025-05-25 18:33:26,167 - INFO - Processed frame frame_0669.jpg: bucket, conf: 0.68
2025-05-25 18:33:26,492 - INFO - Processed frame frame_0672.jpg: bucket, conf: 0.51
2025-05-25 18:33:26,837 - INFO - Processed frame frame_0675.jpg: bucket, conf: 0.81
2025-05-25 18:33:28,451 - INFO - Processed frame frame_0690.jpg: bucket, conf: 0.51
2025-05-25 18:33:28,559 - INFO - Processed frame frame_0691.jpg: bucket, conf: 0.82
2025-05-25 18:33:28,671 - INFO - Processed frame frame_0692.jpg: bucket, conf: 0.85
2025-05-25 18:33:28,781 - INFO - Processed frame frame_0693.jpg: bucket, conf: 0.87
2025-05-25 18:33:28,893 - INFO - Processed frame frame_0694.jpg: bucket, conf: 0.87
2025-05-25 18:33:29,112 - INFO - Processed frame frame_0696.jpg: bucket, conf: 0.71
2025-05-25 18:33:29,224 - INFO - Processed frame frame_0697.jpg: bucket, conf: 0.72
2025-05-25 18:33:29,330 - INFO - Processed frame frame_0698.jpg: bucket, conf: 0.78
2025-05-25 18:33:29,438 - INFO - Processed frame frame_0699.jpg: bucket, conf: 0.88
2025-05-25 18:33:29,983 - INFO - Processed frame frame_0704.jpg: bucket, conf: 0.86
2025-05-25 18:33:30,431 - INFO - Processed frame frame_0708.jpg: bucket, conf: 0.82
2025-05-25 18:33:30,654 - INFO - Processed frame frame_0710.jpg: bucket, conf: 0.57
2025-05-25 18:33:31,086 - INFO - Processed frame frame_0714.jpg: bucket, conf: 0.71
2025-05-25 18:33:31,962 - INFO - Processed frame frame_0722.jpg: bucket, conf: 0.55
2025-05-25 18:33:32,073 - INFO - Processed frame frame_0723.jpg: bucket, conf: 0.81
2025-05-25 18:33:32,526 - INFO - Processed frame frame_0727.jpg: bucket, conf: 0.82
2025-05-25 18:33:33,833 - INFO - Processed frame frame_0739.jpg: bucket, conf: 0.67
2025-05-25 18:33:34,799 - INFO - Processed frame frame_0748.jpg: bucket, conf: 0.87
2025-05-25 18:33:37,382 - INFO - Processed frame frame_0772.jpg: bucket, conf: 0.75
2025-05-25 18:33:37,710 - INFO - Processed frame frame_0775.jpg: bucket, conf: 0.82
2025-05-25 18:33:38,039 - INFO - Processed frame frame_0778.jpg: bucket, conf: 0.63
2025-05-25 18:33:39,574 - INFO - Processed frame frame_0792.jpg: bucket, conf: 0.85
2025-05-25 18:33:39,683 - INFO - Processed frame frame_0793.jpg: bucket, conf: 0.84
2025-05-25 18:33:40,640 - INFO - Processed frame frame_0802.jpg: bucket, conf: 0.54
2025-05-25 18:33:40,861 - INFO - Processed frame frame_0804.jpg: bucket, conf: 0.52
2025-05-25 18:33:46,090 - INFO - Processed frame frame_0852.jpg: bucket, conf: 0.79
2025-05-25 18:33:46,202 - INFO - Processed frame frame_0853.jpg: bucket, conf: 0.54
2025-05-25 18:33:48,803 - INFO - Processed frame frame_0877.jpg: bucket, conf: 0.85
2025-05-25 18:33:52,052 - INFO - Video processing completed
2025-05-25 18:47:00,926 - INFO - Device updated to cpu
2025-05-25 18:47:01,270 - INFO - YOLO model loaded successfully
2025-05-25 18:47:01,270 - INFO - CNN model disabled until architecture is provided
2025-05-25 18:48:07,701 - INFO - Device updated to auto
2025-05-25 18:48:10,511 - INFO - Device updated to cpu
2025-05-25 18:48:16,930 - INFO - Selected video: C:/Users/Lev/Desktop/covsh/test/videos/1study.mp4
2025-05-25 18:48:34,734 - INFO - Video split into frames in data/frames
2025-05-25 18:48:42,148 - INFO - Processed frame frame_0001.jpg: bucket, conf: 0.88
2025-05-25 18:48:42,255 - INFO - Processed frame frame_0002.jpg: bucket, conf: 0.88
2025-05-25 18:48:42,360 - INFO - Processed frame frame_0003.jpg: bucket, conf: 0.88
2025-05-25 18:48:42,464 - INFO - Processed frame frame_0004.jpg: bucket, conf: 0.89
2025-05-25 18:48:42,569 - INFO - Processed frame frame_0005.jpg: bucket, conf: 0.88
2025-05-25 18:48:42,676 - INFO - Processed frame frame_0006.jpg: bucket, conf: 0.88
2025-05-25 18:48:42,798 - INFO - Processed frame frame_0007.jpg: bucket, conf: 0.88
2025-05-25 18:48:42,908 - INFO - Processed frame frame_0008.jpg: bucket, conf: 0.90
2025-05-25 18:48:43,014 - INFO - Processed frame frame_0009.jpg: bucket, conf: 0.89
2025-05-25 18:48:43,121 - INFO - Processed frame frame_0010.jpg: bucket, conf: 0.87
2025-05-25 18:48:43,230 - INFO - Processed frame frame_0011.jpg: bucket, conf: 0.89
2025-05-25 18:48:43,340 - INFO - Processed frame frame_0012.jpg: bucket, conf: 0.87
2025-05-25 18:48:43,446 - INFO - Processed frame frame_0013.jpg: bucket, conf: 0.87
2025-05-25 18:48:43,552 - INFO - Processed frame frame_0014.jpg: bucket, conf: 0.88
2025-05-25 18:48:43,661 - INFO - Processed frame frame_0015.jpg: bucket, conf: 0.88
2025-05-25 18:48:44,094 - INFO - Processed frame frame_0019.jpg: bucket, conf: 0.77
2025-05-25 18:48:44,424 - INFO - Processed frame frame_0022.jpg: bucket, conf: 0.86
2025-05-25 18:48:44,535 - INFO - Processed frame frame_0023.jpg: bucket, conf: 0.63
2025-05-25 18:48:44,971 - INFO - Processed frame frame_0027.jpg: bucket, conf: 0.84
2025-05-25 18:48:45,083 - INFO - Processed frame frame_0028.jpg: bucket, conf: 0.85
2025-05-25 18:48:45,190 - INFO - Processed frame frame_0029.jpg: bucket, conf: 0.88
2025-05-25 18:48:45,301 - INFO - Processed frame frame_0030.jpg: bucket, conf: 0.88
2025-05-25 18:48:45,410 - INFO - Processed frame frame_0031.jpg: bucket, conf: 0.80
2025-05-25 18:48:45,746 - INFO - Processed frame frame_0034.jpg: bucket, conf: 0.85
2025-05-25 18:48:45,967 - INFO - Processed frame frame_0036.jpg: bucket, conf: 0.81
2025-05-25 18:48:46,281 - INFO - Processed frame frame_0039.jpg: bucket, conf: 0.80
2025-05-25 18:48:46,393 - INFO - Processed frame frame_0040.jpg: bucket, conf: 0.80
2025-05-25 18:48:46,496 - INFO - Processed frame frame_0041.jpg: bucket, conf: 0.71
2025-05-25 18:48:46,605 - INFO - Processed frame frame_0042.jpg: bucket, conf: 0.86
2025-05-25 18:48:46,719 - INFO - Processed frame frame_0043.jpg: bucket, conf: 0.75
2025-05-25 18:48:46,833 - INFO - Processed frame frame_0044.jpg: bucket, conf: 0.80
2025-05-25 18:48:47,053 - INFO - Processed frame frame_0046.jpg: bucket, conf: 0.58
2025-05-25 18:48:47,288 - INFO - Processed frame frame_0048.jpg: bucket, conf: 0.70
2025-05-25 18:48:47,401 - INFO - Processed frame frame_0049.jpg: bucket, conf: 0.87
2025-05-25 18:48:47,513 - INFO - Processed frame frame_0050.jpg: bucket, conf: 0.78
2025-05-25 18:48:47,736 - INFO - Processed frame frame_0052.jpg: bucket, conf: 0.86
2025-05-25 18:48:48,227 - INFO - Processed frame frame_0056.jpg: bucket, conf: 0.82
2025-05-25 18:48:48,354 - INFO - Processed frame frame_0057.jpg: bucket, conf: 0.90
2025-05-25 18:48:48,477 - INFO - Processed frame frame_0058.jpg: bucket, conf: 0.87
2025-05-25 18:48:48,590 - INFO - Processed frame frame_0059.jpg: bucket, conf: 0.85
2025-05-25 18:48:48,702 - INFO - Processed frame frame_0060.jpg: bucket, conf: 0.80
2025-05-25 18:48:48,818 - INFO - Processed frame frame_0061.jpg: bucket, conf: 0.56
2025-05-25 18:48:49,178 - INFO - Processed frame frame_0064.jpg: bucket, conf: 0.82
2025-05-25 18:48:49,298 - INFO - Processed frame frame_0065.jpg: bucket, conf: 0.79
2025-05-25 18:48:49,427 - INFO - Processed frame frame_0066.jpg: bucket, conf: 0.57
2025-05-25 18:48:50,058 - INFO - Processed frame frame_0071.jpg: bucket, conf: 0.84
2025-05-25 18:48:50,174 - INFO - Processed frame frame_0072.jpg: bucket, conf: 0.89
2025-05-25 18:48:50,285 - INFO - Processed frame frame_0073.jpg: bucket, conf: 0.90
2025-05-25 18:48:50,402 - INFO - Processed frame frame_0074.jpg: bucket, conf: 0.86
2025-05-25 18:48:50,512 - INFO - Processed frame frame_0075.jpg: bucket, conf: 0.82
2025-05-25 18:48:50,622 - INFO - Processed frame frame_0076.jpg: bucket, conf: 0.83
2025-05-25 18:48:50,980 - INFO - Processed frame frame_0079.jpg: bucket, conf: 0.85
2025-05-25 18:48:51,095 - INFO - Processed frame frame_0080.jpg: bucket, conf: 0.81
2025-05-25 18:48:51,319 - INFO - Processed frame frame_0082.jpg: bucket, conf: 0.70
2025-05-25 18:48:51,545 - INFO - Processed frame frame_0084.jpg: bucket, conf: 0.84
2025-05-25 18:48:51,782 - INFO - Processed frame frame_0086.jpg: bucket, conf: 0.57
2025-05-25 18:48:52,256 - INFO - Processed frame frame_0090.jpg: bucket, conf: 0.81
2025-05-25 18:48:52,501 - INFO - Processed frame frame_0092.jpg: bucket, conf: 0.82
2025-05-25 18:48:52,608 - INFO - Processed frame frame_0093.jpg: bucket, conf: 0.79
2025-05-25 18:48:52,728 - INFO - Processed frame frame_0094.jpg: bucket, conf: 0.71
2025-05-25 18:48:53,186 - INFO - Processed frame frame_0098.jpg: bucket, conf: 0.88
2025-05-25 18:48:53,625 - INFO - Processed frame frame_0102.jpg: bucket, conf: 0.85
2025-05-25 18:48:53,852 - INFO - Processed frame frame_0104.jpg: bucket, conf: 0.89
2025-05-25 18:48:53,956 - INFO - Processed frame frame_0105.jpg: bucket, conf: 0.85
2025-05-25 18:48:54,067 - INFO - Processed frame frame_0106.jpg: bucket, conf: 0.77
2025-05-25 18:48:54,180 - INFO - Processed frame frame_0107.jpg: bucket, conf: 0.60
2025-05-25 18:48:54,296 - INFO - Processed frame frame_0108.jpg: bucket, conf: 0.79
2025-05-25 18:48:54,406 - INFO - Processed frame frame_0109.jpg: bucket, conf: 0.85
2025-05-25 18:48:54,738 - INFO - Processed frame frame_0112.jpg: bucket, conf: 0.90
2025-05-25 18:48:54,852 - INFO - Processed frame frame_0113.jpg: bucket, conf: 0.75
2025-05-25 18:48:55,193 - INFO - Processed frame frame_0116.jpg: bucket, conf: 0.63
2025-05-25 18:48:55,307 - INFO - Processed frame frame_0117.jpg: bucket, conf: 0.81
2025-05-25 18:48:55,420 - INFO - Processed frame frame_0118.jpg: bucket, conf: 0.88
2025-05-25 18:48:55,533 - INFO - Processed frame frame_0119.jpg: bucket, conf: 0.82
2025-05-25 18:48:55,644 - INFO - Processed frame frame_0120.jpg: bucket, conf: 0.53
2025-05-25 18:48:55,867 - INFO - Processed frame frame_0122.jpg: bucket, conf: 0.57
2025-05-25 18:48:55,975 - INFO - Processed frame frame_0123.jpg: bucket, conf: 0.82
2025-05-25 18:48:56,532 - INFO - Processed frame frame_0128.jpg: bucket, conf: 0.89
2025-05-25 18:48:56,760 - INFO - Processed frame frame_0130.jpg: bucket, conf: 0.57
2025-05-25 18:48:56,979 - INFO - Processed frame frame_0132.jpg: bucket, conf: 0.85
2025-05-25 18:48:57,088 - INFO - Processed frame frame_0133.jpg: bucket, conf: 0.69
2025-05-25 18:48:57,200 - INFO - Processed frame frame_0134.jpg: bucket, conf: 0.88
2025-05-25 18:48:57,313 - INFO - Processed frame frame_0135.jpg: bucket, conf: 0.73
2025-05-25 18:48:58,406 - INFO - Processed frame frame_0144.jpg: bucket, conf: 0.89
2025-05-25 18:48:58,865 - INFO - Processed frame frame_0148.jpg: bucket, conf: 0.85
2025-05-25 18:48:58,978 - INFO - Processed frame frame_0149.jpg: bucket, conf: 0.80
2025-05-25 18:48:59,090 - INFO - Processed frame frame_0150.jpg: bucket, conf: 0.90
2025-05-25 18:48:59,205 - INFO - Processed frame frame_0151.jpg: bucket, conf: 0.88
2025-05-25 18:48:59,323 - INFO - Processed frame frame_0152.jpg: bucket, conf: 0.84
2025-05-25 18:48:59,439 - INFO - Processed frame frame_0153.jpg: bucket, conf: 0.82
2025-05-25 18:48:59,795 - INFO - Processed frame frame_0156.jpg: bucket, conf: 0.76
2025-05-25 18:48:59,904 - INFO - Processed frame frame_0157.jpg: bucket, conf: 0.61
2025-05-25 18:49:00,775 - INFO - Processed frame frame_0165.jpg: bucket, conf: 0.59
2025-05-25 18:49:00,885 - INFO - Processed frame frame_0166.jpg: bucket, conf: 0.75
2025-05-25 18:49:00,993 - INFO - Processed frame frame_0167.jpg: bucket, conf: 0.80
2025-05-25 18:49:01,099 - INFO - Processed frame frame_0168.jpg: bucket, conf: 0.88
2025-05-25 18:49:01,206 - INFO - Processed frame frame_0169.jpg: bucket, conf: 0.74
2025-05-25 18:49:01,536 - INFO - Processed frame frame_0172.jpg: bucket, conf: 0.86
2025-05-25 18:49:01,648 - INFO - Processed frame frame_0173.jpg: bucket, conf: 0.89
2025-05-25 18:49:01,762 - INFO - Processed frame frame_0174.jpg: bucket, conf: 0.87
2025-05-25 18:49:02,189 - INFO - Processed frame frame_0178.jpg: bucket, conf: 0.86
2025-05-25 18:49:02,301 - INFO - Processed frame frame_0179.jpg: bucket, conf: 0.87
2025-05-25 18:49:03,281 - INFO - Processed frame frame_0188.jpg: bucket, conf: 0.86
2025-05-25 18:49:03,840 - INFO - Processed frame frame_0193.jpg: bucket, conf: 0.89
2025-05-25 18:49:04,172 - INFO - Processed frame frame_0196.jpg: bucket, conf: 0.67
2025-05-25 18:49:04,280 - INFO - Processed frame frame_0197.jpg: bucket, conf: 0.85
2025-05-25 18:49:04,389 - INFO - Processed frame frame_0198.jpg: bucket, conf: 0.56
2025-05-25 18:49:04,500 - INFO - Processed frame frame_0199.jpg: bucket, conf: 0.88
2025-05-25 18:49:04,610 - INFO - Processed frame frame_0200.jpg: bucket, conf: 0.82
2025-05-25 18:49:05,483 - INFO - Processed frame frame_0208.jpg: bucket, conf: 0.84
2025-05-25 18:49:05,592 - INFO - Processed frame frame_0209.jpg: bucket, conf: 0.76
2025-05-25 18:49:05,706 - INFO - Processed frame frame_0210.jpg: bucket, conf: 0.88
2025-05-25 18:49:05,819 - INFO - Processed frame frame_0211.jpg: bucket, conf: 0.71
2025-05-25 18:49:06,375 - INFO - Processed frame frame_0216.jpg: bucket, conf: 0.82
2025-05-25 18:49:06,484 - INFO - Processed frame frame_0217.jpg: bucket, conf: 0.88
2025-05-25 18:49:06,593 - INFO - Processed frame frame_0218.jpg: bucket, conf: 0.85
2025-05-25 18:49:06,706 - INFO - Processed frame frame_0219.jpg: bucket, conf: 0.86
2025-05-25 18:49:07,469 - INFO - Processed frame frame_0226.jpg: bucket, conf: 0.88
2025-05-25 18:49:07,580 - INFO - Processed frame frame_0227.jpg: bucket, conf: 0.89
2025-05-25 18:49:07,693 - INFO - Processed frame frame_0228.jpg: bucket, conf: 0.79
2025-05-25 18:49:07,802 - INFO - Processed frame frame_0229.jpg: bucket, conf: 0.87
2025-05-25 18:49:07,914 - INFO - Processed frame frame_0230.jpg: bucket, conf: 0.85
2025-05-25 18:49:08,025 - INFO - Processed frame frame_0231.jpg: bucket, conf: 0.88
2025-05-25 18:49:08,134 - INFO - Processed frame frame_0232.jpg: bucket, conf: 0.85
2025-05-25 18:49:08,243 - INFO - Processed frame frame_0233.jpg: bucket, conf: 0.79
2025-05-25 18:49:08,355 - INFO - Processed frame frame_0234.jpg: bucket, conf: 0.85
2025-05-25 18:49:08,463 - INFO - Processed frame frame_0235.jpg: bucket, conf: 0.76
2025-05-25 18:49:08,572 - INFO - Processed frame frame_0236.jpg: bucket, conf: 0.87
2025-05-25 18:49:08,682 - INFO - Processed frame frame_0237.jpg: bucket, conf: 0.89
2025-05-25 18:49:08,789 - INFO - Processed frame frame_0238.jpg: bucket, conf: 0.78
2025-05-25 18:49:09,240 - INFO - Processed frame frame_0242.jpg: bucket, conf: 0.88
2025-05-25 18:49:09,347 - INFO - Processed frame frame_0243.jpg: bucket, conf: 0.81
2025-05-25 18:49:09,786 - INFO - Processed frame frame_0247.jpg: bucket, conf: 0.71
2025-05-25 18:49:10,107 - INFO - Processed frame frame_0250.jpg: bucket, conf: 0.90
2025-05-25 18:49:10,217 - INFO - Processed frame frame_0251.jpg: bucket, conf: 0.87
2025-05-25 18:49:10,327 - INFO - Processed frame frame_0252.jpg: bucket, conf: 0.89
2025-05-25 18:49:10,435 - INFO - Processed frame frame_0253.jpg: bucket, conf: 0.89
2025-05-25 18:49:10,546 - INFO - Processed frame frame_0254.jpg: bucket, conf: 0.88
2025-05-25 18:49:10,656 - INFO - Processed frame frame_0255.jpg: bucket, conf: 0.89
2025-05-25 18:49:10,766 - INFO - Processed frame frame_0256.jpg: bucket, conf: 0.89
2025-05-25 18:49:10,877 - INFO - Processed frame frame_0257.jpg: bucket, conf: 0.89
2025-05-25 18:49:10,987 - INFO - Processed frame frame_0258.jpg: bucket, conf: 0.90
2025-05-25 18:49:11,102 - INFO - Processed frame frame_0259.jpg: bucket, conf: 0.90
2025-05-25 18:49:11,211 - INFO - Processed frame frame_0260.jpg: bucket, conf: 0.92
2025-05-25 18:49:11,322 - INFO - Processed frame frame_0261.jpg: bucket, conf: 0.90
2025-05-25 18:49:11,432 - INFO - Processed frame frame_0262.jpg: bucket, conf: 0.91
2025-05-25 18:49:11,545 - INFO - Processed frame frame_0263.jpg: bucket, conf: 0.90
2025-05-25 18:49:11,658 - INFO - Processed frame frame_0264.jpg: bucket, conf: 0.90
2025-05-25 18:49:11,774 - INFO - Processed frame frame_0265.jpg: bucket, conf: 0.88
2025-05-25 18:49:11,887 - INFO - Processed frame frame_0266.jpg: bucket, conf: 0.90
2025-05-25 18:49:11,996 - INFO - Processed frame frame_0267.jpg: bucket, conf: 0.90
2025-05-25 18:49:12,103 - INFO - Processed frame frame_0268.jpg: bucket, conf: 0.90
2025-05-25 18:49:12,215 - INFO - Processed frame frame_0269.jpg: bucket, conf: 0.89
2025-05-25 18:49:12,323 - INFO - Processed frame frame_0270.jpg: bucket, conf: 0.88
2025-05-25 18:49:12,436 - INFO - Processed frame frame_0271.jpg: bucket, conf: 0.90
2025-05-25 18:49:12,564 - INFO - Processed frame frame_0272.jpg: bucket, conf: 0.90
2025-05-25 18:49:12,676 - INFO - Processed frame frame_0273.jpg: bucket, conf: 0.90
2025-05-25 18:49:12,786 - INFO - Processed frame frame_0274.jpg: bucket, conf: 0.89
2025-05-25 18:49:12,897 - INFO - Processed frame frame_0275.jpg: bucket, conf: 0.90
2025-05-25 18:49:13,007 - INFO - Processed frame frame_0276.jpg: bucket, conf: 0.90
2025-05-25 18:49:13,116 - INFO - Processed frame frame_0277.jpg: bucket, conf: 0.72
2025-05-25 18:49:13,232 - INFO - Processed frame frame_0278.jpg: bucket, conf: 0.81
2025-05-25 18:49:13,350 - INFO - Processed frame frame_0279.jpg: bucket, conf: 0.87
2025-05-25 18:49:13,572 - INFO - Processed frame frame_0281.jpg: bucket, conf: 0.72
2025-05-25 18:49:13,686 - INFO - Processed frame frame_0282.jpg: bucket, conf: 0.90
2025-05-25 18:49:13,795 - INFO - Processed frame frame_0283.jpg: bucket, conf: 0.85
2025-05-25 18:49:13,907 - INFO - Processed frame frame_0284.jpg: bucket, conf: 0.81
2025-05-25 18:49:14,013 - INFO - Processed frame frame_0285.jpg: bucket, conf: 0.89
2025-05-25 18:49:14,124 - INFO - Processed frame frame_0286.jpg: bucket, conf: 0.89
2025-05-25 18:49:14,231 - INFO - Processed frame frame_0287.jpg: bucket, conf: 0.88
2025-05-25 18:49:14,671 - INFO - Processed frame frame_0291.jpg: bucket, conf: 0.81
2025-05-25 18:49:21,747 - INFO - Processed frame frame_0356.jpg: bucket, conf: 0.66
2025-05-25 18:49:22,073 - INFO - Processed frame frame_0359.jpg: bucket, conf: 0.54
2025-05-25 18:49:28,378 - INFO - Processed frame frame_0415.jpg: bucket, conf: 0.58
2025-05-25 18:49:42,360 - INFO - Processed frame frame_0540.jpg: bucket, conf: 0.85
2025-05-25 18:49:42,487 - INFO - Processed frame frame_0541.jpg: bucket, conf: 0.85
2025-05-25 18:49:42,601 - INFO - Processed frame frame_0542.jpg: bucket, conf: 0.75
2025-05-25 18:49:42,717 - INFO - Processed frame frame_0543.jpg: bucket, conf: 0.82
2025-05-25 18:49:42,832 - INFO - Processed frame frame_0544.jpg: bucket, conf: 0.87
2025-05-25 18:49:42,945 - INFO - Processed frame frame_0545.jpg: bucket, conf: 0.87
2025-05-25 18:49:43,066 - INFO - Processed frame frame_0546.jpg: bucket, conf: 0.83
2025-05-25 18:49:43,180 - INFO - Processed frame frame_0547.jpg: bucket, conf: 0.80
2025-05-25 18:49:43,296 - INFO - Processed frame frame_0548.jpg: bucket, conf: 0.84
2025-05-25 18:49:43,410 - INFO - Processed frame frame_0549.jpg: bucket, conf: 0.90
2025-05-25 18:49:43,525 - INFO - Processed frame frame_0550.jpg: bucket, conf: 0.87
2025-05-25 18:49:43,638 - INFO - Processed frame frame_0551.jpg: bucket, conf: 0.90
2025-05-25 18:49:43,755 - INFO - Processed frame frame_0552.jpg: bucket, conf: 0.84
2025-05-25 18:49:43,870 - INFO - Processed frame frame_0553.jpg: bucket, conf: 0.84
2025-05-25 18:49:43,985 - INFO - Processed frame frame_0554.jpg: bucket, conf: 0.62
2025-05-25 18:49:44,229 - INFO - Processed frame frame_0556.jpg: bucket, conf: 0.86
2025-05-25 18:49:44,354 - INFO - Processed frame frame_0557.jpg: bucket, conf: 0.75
2025-05-25 18:49:44,925 - INFO - Processed frame frame_0562.jpg: bucket, conf: 0.88
2025-05-25 18:49:45,037 - INFO - Processed frame frame_0563.jpg: bucket, conf: 0.77
2025-05-25 18:49:45,148 - INFO - Processed frame frame_0564.jpg: bucket, conf: 0.85
2025-05-25 18:49:45,258 - INFO - Processed frame frame_0565.jpg: bucket, conf: 0.82
2025-05-25 18:49:45,582 - INFO - Processed frame frame_0568.jpg: bucket, conf: 0.88
2025-05-25 18:49:45,694 - INFO - Processed frame frame_0569.jpg: bucket, conf: 0.81
2025-05-25 18:49:46,024 - INFO - Processed frame frame_0572.jpg: bucket, conf: 0.86
2025-05-25 18:49:46,250 - INFO - Processed frame frame_0574.jpg: bucket, conf: 0.89
2025-05-25 18:49:46,361 - INFO - Processed frame frame_0575.jpg: bucket, conf: 0.78
2025-05-25 18:49:46,589 - INFO - Processed frame frame_0577.jpg: bucket, conf: 0.81
2025-05-25 18:49:46,698 - INFO - Processed frame frame_0578.jpg: bucket, conf: 0.74
2025-05-25 18:49:46,810 - INFO - Processed frame frame_0579.jpg: bucket, conf: 0.71
2025-05-25 18:49:47,571 - INFO - Processed frame frame_0586.jpg: bucket, conf: 0.67
2025-05-25 18:49:47,684 - INFO - Processed frame frame_0587.jpg: bucket, conf: 0.90
2025-05-25 18:49:47,792 - INFO - Processed frame frame_0588.jpg: bucket, conf: 0.83
2025-05-25 18:49:48,006 - INFO - Processed frame frame_0590.jpg: bucket, conf: 0.56
2025-05-25 18:49:48,228 - INFO - Processed frame frame_0592.jpg: bucket, conf: 0.68
2025-05-25 18:49:48,337 - INFO - Processed frame frame_0593.jpg: bucket, conf: 0.82
2025-05-25 18:49:48,995 - INFO - Processed frame frame_0599.jpg: bucket, conf: 0.85
2025-05-25 18:49:49,216 - INFO - Processed frame frame_0601.jpg: bucket, conf: 0.85
2025-05-25 18:49:49,329 - INFO - Processed frame frame_0602.jpg: bucket, conf: 0.84
2025-05-25 18:49:49,444 - INFO - Processed frame frame_0603.jpg: bucket, conf: 0.89
2025-05-25 18:49:49,551 - INFO - Processed frame frame_0604.jpg: bucket, conf: 0.81
2025-05-25 18:49:49,659 - INFO - Processed frame frame_0605.jpg: bucket, conf: 0.70
2025-05-25 18:49:50,338 - INFO - Processed frame frame_0611.jpg: bucket, conf: 0.81
2025-05-25 18:49:50,551 - INFO - Processed frame frame_0613.jpg: bucket, conf: 0.86
2025-05-25 18:49:50,663 - INFO - Processed frame frame_0614.jpg: bucket, conf: 0.85
2025-05-25 18:49:50,778 - INFO - Processed frame frame_0615.jpg: bucket, conf: 0.82
2025-05-25 18:49:50,888 - INFO - Processed frame frame_0616.jpg: bucket, conf: 0.80
2025-05-25 18:49:50,998 - INFO - Processed frame frame_0617.jpg: bucket, conf: 0.62
2025-05-25 18:49:51,309 - INFO - Processed frame frame_0620.jpg: bucket, conf: 0.75
2025-05-25 18:49:51,862 - INFO - Processed frame frame_0625.jpg: bucket, conf: 0.87
2025-05-25 18:49:51,972 - INFO - Processed frame frame_0626.jpg: bucket, conf: 0.87
2025-05-25 18:49:52,085 - INFO - Processed frame frame_0627.jpg: bucket, conf: 0.90
2025-05-25 18:49:52,194 - INFO - Processed frame frame_0628.jpg: bucket, conf: 0.86
2025-05-25 18:49:52,305 - INFO - Processed frame frame_0629.jpg: bucket, conf: 0.87
2025-05-25 18:49:52,414 - INFO - Processed frame frame_0630.jpg: bucket, conf: 0.87
2025-05-25 18:49:52,752 - INFO - Processed frame frame_0633.jpg: bucket, conf: 0.82
2025-05-25 18:49:52,861 - INFO - Processed frame frame_0634.jpg: bucket, conf: 0.79
2025-05-25 18:49:53,079 - INFO - Processed frame frame_0636.jpg: bucket, conf: 0.74
2025-05-25 18:49:53,193 - INFO - Processed frame frame_0637.jpg: bucket, conf: 0.73
2025-05-25 18:49:53,305 - INFO - Processed frame frame_0638.jpg: bucket, conf: 0.89
2025-05-25 18:49:53,412 - INFO - Processed frame frame_0639.jpg: bucket, conf: 0.91
2025-05-25 18:49:53,525 - INFO - Processed frame frame_0640.jpg: bucket, conf: 0.90
2025-05-25 18:49:53,634 - INFO - Processed frame frame_0641.jpg: bucket, conf: 0.88
2025-05-25 18:49:53,748 - INFO - Processed frame frame_0642.jpg: bucket, conf: 0.87
2025-05-25 18:49:53,856 - INFO - Processed frame frame_0643.jpg: bucket, conf: 0.88
2025-05-25 18:49:53,967 - INFO - Processed frame frame_0644.jpg: bucket, conf: 0.89
2025-05-25 18:49:54,077 - INFO - Processed frame frame_0645.jpg: bucket, conf: 0.89
2025-05-25 18:49:54,185 - INFO - Processed frame frame_0646.jpg: bucket, conf: 0.88
2025-05-25 18:49:54,296 - INFO - Processed frame frame_0647.jpg: bucket, conf: 0.87
2025-05-25 18:49:54,406 - INFO - Processed frame frame_0648.jpg: bucket, conf: 0.84
2025-05-25 18:49:54,517 - INFO - Processed frame frame_0649.jpg: bucket, conf: 0.85
2025-05-25 18:49:54,624 - INFO - Processed frame frame_0650.jpg: bucket, conf: 0.70
2025-05-25 18:49:54,759 - INFO - Processed frame frame_0651.jpg: bucket, conf: 0.81
2025-05-25 18:49:55,098 - INFO - Processed frame frame_0654.jpg: bucket, conf: 0.84
2025-05-25 18:49:55,098 - INFO - Processed frame frame_0654.jpg: bucket, conf: 0.80
2025-05-25 18:49:55,214 - INFO - Processed frame frame_0655.jpg: bucket, conf: 0.78
2025-05-25 18:49:55,786 - INFO - Processed frame frame_0660.jpg: bucket, conf: 0.88
2025-05-25 18:49:55,898 - INFO - Processed frame frame_0661.jpg: bucket, conf: 0.81
2025-05-25 18:49:56,231 - INFO - Processed frame frame_0664.jpg: bucket, conf: 0.85
2025-05-25 18:49:56,553 - INFO - Processed frame frame_0667.jpg: bucket, conf: 0.85
2025-05-25 18:49:56,661 - INFO - Processed frame frame_0668.jpg: bucket, conf: 0.89
2025-05-25 18:49:56,884 - INFO - Processed frame frame_0670.jpg: bucket, conf: 0.77
2025-05-25 18:49:57,206 - INFO - Processed frame frame_0673.jpg: bucket, conf: 0.85
2025-05-25 18:49:57,314 - INFO - Processed frame frame_0674.jpg: bucket, conf: 0.87
2025-05-25 18:49:57,423 - INFO - Processed frame frame_0675.jpg: bucket, conf: 0.55
2025-05-25 18:49:57,749 - INFO - Processed frame frame_0678.jpg: bucket, conf: 0.84
2025-05-25 18:49:58,186 - INFO - Processed frame frame_0682.jpg: bucket, conf: 0.90
2025-05-25 18:49:58,298 - INFO - Processed frame frame_0683.jpg: bucket, conf: 0.86
2025-05-25 18:49:58,625 - INFO - Processed frame frame_0686.jpg: bucket, conf: 0.85
2025-05-25 18:49:58,841 - INFO - Processed frame frame_0688.jpg: bucket, conf: 0.87
2025-05-25 18:49:58,950 - INFO - Processed frame frame_0689.jpg: bucket, conf: 0.85
2025-05-25 18:50:00,038 - INFO - Processed frame frame_0699.jpg: bucket, conf: 0.86
2025-05-25 18:50:00,144 - INFO - Processed frame frame_0700.jpg: bucket, conf: 0.89
2025-05-25 18:50:00,382 - INFO - Processed frame frame_0702.jpg: bucket, conf: 0.77
2025-05-25 18:50:00,490 - INFO - Processed frame frame_0703.jpg: bucket, conf: 0.70
2025-05-25 18:50:00,716 - INFO - Processed frame frame_0705.jpg: bucket, conf: 0.86
2025-05-25 18:50:00,827 - INFO - Processed frame frame_0706.jpg: bucket, conf: 0.89
2025-05-25 18:50:00,939 - INFO - Processed frame frame_0707.jpg: bucket, conf: 0.84
2025-05-25 18:50:01,052 - INFO - Processed frame frame_0708.jpg: bucket, conf: 0.87
2025-05-25 18:50:01,161 - INFO - Processed frame frame_0709.jpg: bucket, conf: 0.87
2025-05-25 18:50:01,273 - INFO - Processed frame frame_0710.jpg: bucket, conf: 0.88
2025-05-25 18:50:01,379 - INFO - Processed frame frame_0711.jpg: bucket, conf: 0.85
2025-05-25 18:50:01,486 - INFO - Processed frame frame_0712.jpg: bucket, conf: 0.89
2025-05-25 18:50:01,599 - INFO - Processed frame frame_0713.jpg: bucket, conf: 0.90
2025-05-25 18:50:01,714 - INFO - Processed frame frame_0714.jpg: bucket, conf: 0.89
2025-05-25 18:50:01,827 - INFO - Processed frame frame_0715.jpg: bucket, conf: 0.85
2025-05-25 18:50:01,940 - INFO - Processed frame frame_0716.jpg: bucket, conf: 0.52
2025-05-25 18:50:02,267 - INFO - Processed frame frame_0719.jpg: bucket, conf: 0.87
2025-05-25 18:50:02,379 - INFO - Processed frame frame_0720.jpg: bucket, conf: 0.88
2025-05-25 18:50:02,488 - INFO - Processed frame frame_0721.jpg: bucket, conf: 0.80
2025-05-25 18:50:02,597 - INFO - Processed frame frame_0722.jpg: bucket, conf: 0.90
2025-05-25 18:50:02,708 - INFO - Processed frame frame_0723.jpg: bucket, conf: 0.86
2025-05-25 18:50:02,817 - INFO - Processed frame frame_0724.jpg: bucket, conf: 0.84
2025-05-25 18:50:03,145 - INFO - Processed frame frame_0727.jpg: bucket, conf: 0.89
2025-05-25 18:50:03,257 - INFO - Processed frame frame_0728.jpg: bucket, conf: 0.89
2025-05-25 18:50:03,590 - INFO - Processed frame frame_0731.jpg: bucket, conf: 0.81
2025-05-25 18:50:04,139 - INFO - Processed frame frame_0736.jpg: bucket, conf: 0.90
2025-05-25 18:50:04,250 - INFO - Processed frame frame_0737.jpg: bucket, conf: 0.87
2025-05-25 18:50:04,586 - INFO - Processed frame frame_0740.jpg: bucket, conf: 0.85
2025-05-25 18:50:04,800 - INFO - Processed frame frame_0742.jpg: bucket, conf: 0.85
2025-05-25 18:50:04,911 - INFO - Processed frame frame_0743.jpg: bucket, conf: 0.90
2025-05-25 18:50:05,024 - INFO - Processed frame frame_0744.jpg: bucket, conf: 0.89
2025-05-25 18:50:05,137 - INFO - Processed frame frame_0745.jpg: bucket, conf: 0.88
2025-05-25 18:50:05,266 - INFO - Processed frame frame_0746.jpg: bucket, conf: 0.77
2025-05-25 18:50:06,153 - INFO - Processed frame frame_0754.jpg: bucket, conf: 0.64
2025-05-25 18:50:07,133 - INFO - Processed frame frame_0763.jpg: bucket, conf: 0.78
2025-05-25 18:50:07,241 - INFO - Processed frame frame_0764.jpg: bucket, conf: 0.79
2025-05-25 18:50:07,351 - INFO - Processed frame frame_0765.jpg: bucket, conf: 0.60
2025-05-25 18:50:07,676 - INFO - Processed frame frame_0768.jpg: bucket, conf: 0.89
2025-05-25 18:50:07,785 - INFO - Processed frame frame_0769.jpg: bucket, conf: 0.68
2025-05-25 18:50:08,118 - INFO - Processed frame frame_0772.jpg: bucket, conf: 0.85
2025-05-25 18:50:08,337 - INFO - Processed frame frame_0774.jpg: bucket, conf: 0.85
2025-05-25 18:50:08,443 - INFO - Processed frame frame_0775.jpg: bucket, conf: 0.75
2025-05-25 18:50:08,550 - INFO - Processed frame frame_0776.jpg: bucket, conf: 0.83
2025-05-25 18:50:09,088 - INFO - Processed frame frame_0781.jpg: bucket, conf: 0.76
2025-05-25 18:50:09,202 - INFO - Processed frame frame_0782.jpg: bucket, conf: 0.84
2025-05-25 18:50:09,312 - INFO - Processed frame frame_0783.jpg: bucket, conf: 0.78
2025-05-25 18:50:09,422 - INFO - Processed frame frame_0784.jpg: bucket, conf: 0.89
2025-05-25 18:50:09,523 - INFO - Processed frame frame_0785.jpg: bucket, conf: 0.78
2025-05-25 18:50:09,845 - INFO - Processed frame frame_0788.jpg: bucket, conf: 0.76
2025-05-25 18:50:09,956 - INFO - Processed frame frame_0789.jpg: bucket, conf: 0.89
2025-05-25 18:50:10,069 - INFO - Processed frame frame_0790.jpg: bucket, conf: 0.90
2025-05-25 18:50:10,176 - INFO - Processed frame frame_0791.jpg: bucket, conf: 0.90
2025-05-25 18:50:10,284 - INFO - Processed frame frame_0792.jpg: bucket, conf: 0.91
2025-05-25 18:50:10,392 - INFO - Processed frame frame_0793.jpg: bucket, conf: 0.90
2025-05-25 18:50:10,489 - INFO - Processed frame frame_0794.jpg: bucket, conf: 0.86
2025-05-25 18:50:10,604 - INFO - Processed frame frame_0795.jpg: bucket, conf: 0.63
2025-05-25 18:50:10,741 - INFO - Processed frame frame_0796.jpg: bucket, conf: 0.79
2025-05-25 18:50:10,849 - INFO - Processed frame frame_0797.jpg: bucket, conf: 0.69
2025-05-25 18:50:10,959 - INFO - Processed frame frame_0798.jpg: bucket, conf: 0.71
2025-05-25 18:50:11,069 - INFO - Processed frame frame_0799.jpg: bucket, conf: 0.80
2025-05-25 18:50:11,178 - INFO - Processed frame frame_0800.jpg: bucket, conf: 0.73
2025-05-25 18:50:11,290 - INFO - Processed frame frame_0801.jpg: bucket, conf: 0.78
2025-05-25 18:50:11,397 - INFO - Processed frame frame_0802.jpg: bucket, conf: 0.89
2025-05-25 18:50:11,506 - INFO - Processed frame frame_0803.jpg: bucket, conf: 0.90
2025-05-25 18:50:11,615 - INFO - Processed frame frame_0804.jpg: bucket, conf: 0.88
2025-05-25 18:50:12,588 - INFO - Processed frame frame_0813.jpg: bucket, conf: 0.76
2025-05-25 18:50:12,698 - INFO - Processed frame frame_0814.jpg: bucket, conf: 0.87
2025-05-25 18:50:13,020 - INFO - Processed frame frame_0817.jpg: bucket, conf: 0.82
2025-05-25 18:50:13,133 - INFO - Processed frame frame_0818.jpg: bucket, conf: 0.80
2025-05-25 18:50:13,246 - INFO - Processed frame frame_0819.jpg: bucket, conf: 0.91
2025-05-25 18:50:13,357 - INFO - Processed frame frame_0820.jpg: bucket, conf: 0.90
2025-05-25 18:50:13,465 - INFO - Processed frame frame_0821.jpg: bucket, conf: 0.89
2025-05-25 18:50:13,578 - INFO - Processed frame frame_0822.jpg: bucket, conf: 0.85
2025-05-25 18:50:13,692 - INFO - Processed frame frame_0823.jpg: bucket, conf: 0.82
2025-05-25 18:50:14,016 - INFO - Processed frame frame_0826.jpg: bucket, conf: 0.82
2025-05-25 18:50:14,127 - INFO - Processed frame frame_0827.jpg: bucket, conf: 0.86
2025-05-25 18:50:14,239 - INFO - Processed frame frame_0828.jpg: bucket, conf: 0.86
2025-05-25 18:50:14,356 - INFO - Processed frame frame_0829.jpg: bucket, conf: 0.87
2025-05-25 18:50:14,911 - INFO - Processed frame frame_0834.jpg: bucket, conf: 0.82
2025-05-25 18:50:15,549 - INFO - Processed frame frame_0840.jpg: bucket, conf: 0.62
2025-05-25 18:50:15,881 - INFO - Processed frame frame_0843.jpg: bucket, conf: 0.80
2025-05-25 18:50:16,333 - INFO - Processed frame frame_0847.jpg: bucket, conf: 0.87
2025-05-25 18:50:16,443 - INFO - Processed frame frame_0848.jpg: bucket, conf: 0.88
2025-05-25 18:50:16,550 - INFO - Processed frame frame_0849.jpg: bucket, conf: 0.88
2025-05-25 18:50:16,665 - INFO - Processed frame frame_0850.jpg: bucket, conf: 0.88
2025-05-25 18:50:16,781 - INFO - Processed frame frame_0851.jpg: bucket, conf: 0.90
2025-05-25 18:50:16,891 - INFO - Processed frame frame_0852.jpg: bucket, conf: 0.89
2025-05-25 18:50:17,001 - INFO - Processed frame frame_0853.jpg: bucket, conf: 0.89
2025-05-25 18:50:17,111 - INFO - Processed frame frame_0854.jpg: bucket, conf: 0.88
2025-05-25 18:50:17,220 - INFO - Processed frame frame_0855.jpg: bucket, conf: 0.89
2025-05-25 18:50:19,616 - INFO - Processed frame frame_0877.jpg: bucket, conf: 0.85
2025-05-25 18:50:22,915 - INFO - Video processing completed
2025-05-25 18:51:21,210 - INFO - Annotation mode toggled (not implemented)
