2025-05-25 21:31:50,150 - INFO - Logging initialized successfully
2025-05-25 21:31:50,393 - INFO - Device updated to cpu
2025-05-25 21:31:50,555 - INFO - YOLO model loaded successfully
2025-05-25 21:31:50,556 - INFO - CNN model disabled
2025-05-25 21:31:55,222 - INFO - Loaded project: C:/Users/Lev/Desktop/ZeroBlindSpot/data/2025-05-25_20-19-06
2025-05-25 21:31:55,223 - INFO - Added no-bucket frame: C:/Users/Lev/Desktop/ZeroBlindSpot/data/2025-05-25_20-19-06\no_bucket\frame_0021.jpg
2025-05-25 21:31:55,223 - INFO - Added no-bucket frame: C:/Users/Lev/Desktop/ZeroBlindSpot/data/2025-05-25_20-19-06\no_bucket\frame_0024.jpg
2025-05-25 21:31:55,223 - INFO - Added no-bucket frame: C:/Users/Lev/Desktop/ZeroBlindSpot/data/2025-05-25_20-19-06\no_bucket\frame_0025.jpg
2025-05-25 21:31:55,223 - INFO - Added no-bucket frame: C:/Users/Lev/Desktop/ZeroBlindSpot/data/2025-05-25_20-19-06\no_bucket\frame_0026.jpg
2025-05-25 21:31:55,223 - INFO - Added no-bucket frame: C:/Users/Lev/Desktop/ZeroBlindSpot/data/2025-05-25_20-19-06\no_bucket\frame_0032.jpg
2025-05-25 21:31:55,223 - INFO - Added no-bucket frame: C:/Users/Lev/Desktop/ZeroBlindSpot/data/2025-05-25_20-19-06\no_bucket\frame_0033.jpg
2025-05-25 21:31:55,223 - INFO - Added no-bucket frame: C:/Users/Lev/Desktop/ZeroBlindSpot/data/2025-05-25_20-19-06\no_bucket\frame_0035.jpg
2025-05-25 21:31:55,223 - INFO - Added no-bucket frame: C:/Users/Lev/Desktop/ZeroBlindSpot/data/2025-05-25_20-19-06\no_bucket\frame_0037.jpg
2025-05-25 21:31:55,223 - INFO - Added no-bucket frame: C:/Users/Lev/Desktop/ZeroBlindSpot/data/2025-05-25_20-19-06\no_bucket\frame_0038.jpg
2025-05-25 21:31:55,223 - INFO - Added no-bucket frame: C:/Users/Lev/Desktop/ZeroBlindSpot/data/2025-05-25_20-19-06\no_bucket\frame_0045.jpg
2025-05-25 21:31:55,223 - INFO - Added no-bucket frame: C:/Users/Lev/Desktop/ZeroBlindSpot/data/2025-05-25_20-19-06\no_bucket\frame_0047.jpg
2025-05-25 21:31:55,223 - INFO - Added no-bucket frame: C:/Users/Lev/Desktop/ZeroBlindSpot/data/2025-05-25_20-19-06\no_bucket\frame_0051.jpg
2025-05-25 21:31:55,223 - INFO - Added no-bucket frame: C:/Users/Lev/Desktop/ZeroBlindSpot/data/2025-05-25_20-19-06\no_bucket\frame_0053.jpg
2025-05-25 21:31:55,223 - INFO - Added no-bucket frame: C:/Users/Lev/Desktop/ZeroBlindSpot/data/2025-05-25_20-19-06\no_bucket\frame_0054.jpg
2025-05-25 21:31:55,224 - INFO - Added no-bucket frame: C:/Users/Lev/Desktop/ZeroBlindSpot/data/2025-05-25_20-19-06\no_bucket\frame_0055.jpg
2025-05-25 21:31:55,224 - INFO - Added no-bucket frame: C:/Users/Lev/Desktop/ZeroBlindSpot/data/2025-05-25_20-19-06\no_bucket\frame_0062.jpg
2025-05-25 21:31:55,224 - INFO - Added no-bucket frame: C:/Users/Lev/Desktop/ZeroBlindSpot/data/2025-05-25_20-19-06\no_bucket\frame_0063.jpg
2025-05-25 21:31:55,224 - INFO - Added no-bucket frame: C:/Users/Lev/Desktop/ZeroBlindSpot/data/2025-05-25_20-19-06\no_bucket\frame_0067.jpg
2025-05-25 21:31:55,224 - INFO - Added no-bucket frame: C:/Users/Lev/Desktop/ZeroBlindSpot/data/2025-05-25_20-19-06\no_bucket\frame_0068.jpg
2025-05-25 21:31:55,224 - INFO - Added no-bucket frame: C:/Users/Lev/Desktop/ZeroBlindSpot/data/2025-05-25_20-19-06\no_bucket\frame_0069.jpg
2025-05-25 21:31:55,224 - INFO - Added no-bucket frame: C:/Users/Lev/Desktop/ZeroBlindSpot/data/2025-05-25_20-19-06\no_bucket\frame_0070.jpg
2025-05-25 21:31:55,224 - INFO - Added no-bucket frame: C:/Users/Lev/Desktop/ZeroBlindSpot/data/2025-05-25_20-19-06\no_bucket\frame_0077.jpg
2025-05-25 21:31:55,224 - INFO - Added no-bucket frame: C:/Users/Lev/Desktop/ZeroBlindSpot/data/2025-05-25_20-19-06\no_bucket\frame_0078.jpg
2025-05-25 21:31:55,224 - INFO - Added no-bucket frame: C:/Users/Lev/Desktop/ZeroBlindSpot/data/2025-05-25_20-19-06\no_bucket\frame_0081.jpg
2025-05-25 21:31:55,224 - INFO - Added no-bucket frame: C:/Users/Lev/Desktop/ZeroBlindSpot/data/2025-05-25_20-19-06\no_bucket\frame_0083.jpg
2025-05-25 21:31:55,224 - INFO - Added no-bucket frame: C:/Users/Lev/Desktop/ZeroBlindSpot/data/2025-05-25_20-19-06\no_bucket\frame_0085.jpg
2025-05-25 21:31:55,224 - INFO - Added no-bucket frame: C:/Users/Lev/Desktop/ZeroBlindSpot/data/2025-05-25_20-19-06\no_bucket\frame_0087.jpg
2025-05-25 21:31:55,224 - INFO - Added no-bucket frame: C:/Users/Lev/Desktop/ZeroBlindSpot/data/2025-05-25_20-19-06\no_bucket\frame_0088.jpg
2025-05-25 21:31:55,224 - INFO - Added no-bucket frame: C:/Users/Lev/Desktop/ZeroBlindSpot/data/2025-05-25_20-19-06\no_bucket\frame_0089.jpg
2025-05-25 21:31:55,224 - INFO - Added no-bucket frame: C:/Users/Lev/Desktop/ZeroBlindSpot/data/2025-05-25_20-19-06\no_bucket\frame_0091.jpg
2025-05-25 21:31:55,224 - INFO - Added no-bucket frame: C:/Users/Lev/Desktop/ZeroBlindSpot/data/2025-05-25_20-19-06\no_bucket\frame_0095.jpg
2025-05-25 21:31:55,224 - INFO - Added no-bucket frame: C:/Users/Lev/Desktop/ZeroBlindSpot/data/2025-05-25_20-19-06\no_bucket\frame_0096.jpg
2025-05-25 21:31:55,224 - INFO - Added no-bucket frame: C:/Users/Lev/Desktop/ZeroBlindSpot/data/2025-05-25_20-19-06\no_bucket\frame_0097.jpg
2025-05-25 21:31:55,224 - INFO - Added no-bucket frame: C:/Users/Lev/Desktop/ZeroBlindSpot/data/2025-05-25_20-19-06\no_bucket\frame_0099.jpg
2025-05-25 21:31:55,224 - INFO - Added no-bucket frame: C:/Users/Lev/Desktop/ZeroBlindSpot/data/2025-05-25_20-19-06\no_bucket\frame_0100.jpg
2025-05-25 21:31:55,224 - INFO - Added no-bucket frame: C:/Users/Lev/Desktop/ZeroBlindSpot/data/2025-05-25_20-19-06\no_bucket\frame_0101.jpg
2025-05-25 21:31:55,224 - INFO - Added no-bucket frame: C:/Users/Lev/Desktop/ZeroBlindSpot/data/2025-05-25_20-19-06\no_bucket\frame_0103.jpg
2025-05-25 21:31:55,224 - INFO - Added no-bucket frame: C:/Users/Lev/Desktop/ZeroBlindSpot/data/2025-05-25_20-19-06\no_bucket\frame_0110.jpg
2025-05-25 21:31:55,224 - INFO - Added no-bucket frame: C:/Users/Lev/Desktop/ZeroBlindSpot/data/2025-05-25_20-19-06\no_bucket\frame_0111.jpg
2025-05-25 21:31:55,224 - INFO - Added no-bucket frame: C:/Users/Lev/Desktop/ZeroBlindSpot/data/2025-05-25_20-19-06\no_bucket\frame_0114.jpg
2025-05-25 21:31:55,224 - INFO - Added no-bucket frame: C:/Users/Lev/Desktop/ZeroBlindSpot/data/2025-05-25_20-19-06\no_bucket\frame_0115.jpg
2025-05-25 21:31:55,225 - INFO - Added no-bucket frame: C:/Users/Lev/Desktop/ZeroBlindSpot/data/2025-05-25_20-19-06\no_bucket\frame_0121.jpg
2025-05-25 21:31:55,225 - INFO - Added no-bucket frame: C:/Users/Lev/Desktop/ZeroBlindSpot/data/2025-05-25_20-19-06\no_bucket\frame_0124.jpg
2025-05-25 21:31:55,225 - INFO - Added no-bucket frame: C:/Users/Lev/Desktop/ZeroBlindSpot/data/2025-05-25_20-19-06\no_bucket\frame_0125.jpg
2025-05-25 21:31:55,225 - INFO - Added no-bucket frame: C:/Users/Lev/Desktop/ZeroBlindSpot/data/2025-05-25_20-19-06\no_bucket\frame_0126.jpg
2025-05-25 21:31:55,225 - INFO - Added no-bucket frame: C:/Users/Lev/Desktop/ZeroBlindSpot/data/2025-05-25_20-19-06\no_bucket\frame_0127.jpg
2025-05-25 21:31:55,225 - INFO - Added no-bucket frame: C:/Users/Lev/Desktop/ZeroBlindSpot/data/2025-05-25_20-19-06\no_bucket\frame_0129.jpg
2025-05-25 21:31:55,225 - INFO - Added no-bucket frame: C:/Users/Lev/Desktop/ZeroBlindSpot/data/2025-05-25_20-19-06\no_bucket\frame_0131.jpg
2025-05-25 21:31:55,225 - INFO - Added no-bucket frame: C:/Users/Lev/Desktop/ZeroBlindSpot/data/2025-05-25_20-19-06\no_bucket\frame_0136.jpg
2025-05-25 21:31:55,225 - INFO - Added no-bucket frame: C:/Users/Lev/Desktop/ZeroBlindSpot/data/2025-05-25_20-19-06\no_bucket\frame_0137.jpg
2025-05-25 21:31:55,225 - INFO - Added no-bucket frame: C:/Users/Lev/Desktop/ZeroBlindSpot/data/2025-05-25_20-19-06\no_bucket\frame_0138.jpg
2025-05-25 21:31:55,225 - INFO - Added no-bucket frame: C:/Users/Lev/Desktop/ZeroBlindSpot/data/2025-05-25_20-19-06\no_bucket\frame_0139.jpg
2025-05-25 21:31:55,225 - INFO - Added no-bucket frame: C:/Users/Lev/Desktop/ZeroBlindSpot/data/2025-05-25_20-19-06\no_bucket\frame_0140.jpg
2025-05-25 21:31:55,225 - INFO - Added no-bucket frame: C:/Users/Lev/Desktop/ZeroBlindSpot/data/2025-05-25_20-19-06\no_bucket\frame_0141.jpg
2025-05-25 21:31:55,225 - INFO - Added no-bucket frame: C:/Users/Lev/Desktop/ZeroBlindSpot/data/2025-05-25_20-19-06\no_bucket\frame_0142.jpg
2025-05-25 21:31:55,225 - INFO - Added no-bucket frame: C:/Users/Lev/Desktop/ZeroBlindSpot/data/2025-05-25_20-19-06\no_bucket\frame_0143.jpg
2025-05-25 21:31:55,225 - INFO - Added no-bucket frame: C:/Users/Lev/Desktop/ZeroBlindSpot/data/2025-05-25_20-19-06\no_bucket\frame_0145.jpg
2025-05-25 21:31:55,225 - INFO - Added no-bucket frame: C:/Users/Lev/Desktop/ZeroBlindSpot/data/2025-05-25_20-19-06\no_bucket\frame_0146.jpg
2025-05-25 21:31:55,225 - INFO - Added no-bucket frame: C:/Users/Lev/Desktop/ZeroBlindSpot/data/2025-05-25_20-19-06\no_bucket\frame_0147.jpg
2025-05-25 21:31:55,225 - INFO - Added no-bucket frame: C:/Users/Lev/Desktop/ZeroBlindSpot/data/2025-05-25_20-19-06\no_bucket\frame_0154.jpg
2025-05-25 21:31:55,225 - INFO - Added no-bucket frame: C:/Users/Lev/Desktop/ZeroBlindSpot/data/2025-05-25_20-19-06\no_bucket\frame_0155.jpg
2025-05-25 21:31:55,225 - INFO - Added no-bucket frame: C:/Users/Lev/Desktop/ZeroBlindSpot/data/2025-05-25_20-19-06\no_bucket\frame_0158.jpg
2025-05-25 21:31:55,225 - INFO - Added no-bucket frame: C:/Users/Lev/Desktop/ZeroBlindSpot/data/2025-05-25_20-19-06\no_bucket\frame_0159.jpg
2025-05-25 21:31:55,225 - INFO - Added no-bucket frame: C:/Users/Lev/Desktop/ZeroBlindSpot/data/2025-05-25_20-19-06\no_bucket\frame_0160.jpg
2025-05-25 21:31:55,225 - INFO - Added no-bucket frame: C:/Users/Lev/Desktop/ZeroBlindSpot/data/2025-05-25_20-19-06\no_bucket\frame_0161.jpg
2025-05-25 21:31:55,225 - INFO - Added no-bucket frame: C:/Users/Lev/Desktop/ZeroBlindSpot/data/2025-05-25_20-19-06\no_bucket\frame_0162.jpg
2025-05-25 21:31:55,225 - INFO - Added no-bucket frame: C:/Users/Lev/Desktop/ZeroBlindSpot/data/2025-05-25_20-19-06\no_bucket\frame_0163.jpg
2025-05-25 21:31:55,225 - INFO - Added no-bucket frame: C:/Users/Lev/Desktop/ZeroBlindSpot/data/2025-05-25_20-19-06\no_bucket\frame_0164.jpg
2025-05-25 21:31:55,225 - INFO - Added no-bucket frame: C:/Users/Lev/Desktop/ZeroBlindSpot/data/2025-05-25_20-19-06\no_bucket\frame_0170.jpg
2025-05-25 21:31:55,225 - INFO - Added no-bucket frame: C:/Users/Lev/Desktop/ZeroBlindSpot/data/2025-05-25_20-19-06\no_bucket\frame_0171.jpg
2025-05-25 21:31:55,226 - INFO - Added no-bucket frame: C:/Users/Lev/Desktop/ZeroBlindSpot/data/2025-05-25_20-19-06\no_bucket\frame_0175.jpg
2025-05-25 21:31:55,226 - INFO - Added no-bucket frame: C:/Users/Lev/Desktop/ZeroBlindSpot/data/2025-05-25_20-19-06\no_bucket\frame_0176.jpg
2025-05-25 21:31:55,226 - INFO - Added no-bucket frame: C:/Users/Lev/Desktop/ZeroBlindSpot/data/2025-05-25_20-19-06\no_bucket\frame_0177.jpg
2025-05-25 21:31:55,226 - INFO - Added no-bucket frame: C:/Users/Lev/Desktop/ZeroBlindSpot/data/2025-05-25_20-19-06\no_bucket\frame_0180.jpg
2025-05-25 21:31:55,226 - INFO - Added no-bucket frame: C:/Users/Lev/Desktop/ZeroBlindSpot/data/2025-05-25_20-19-06\no_bucket\frame_0181.jpg
2025-05-25 21:31:55,226 - INFO - Added no-bucket frame: C:/Users/Lev/Desktop/ZeroBlindSpot/data/2025-05-25_20-19-06\no_bucket\frame_0182.jpg
2025-05-25 21:31:55,226 - INFO - Added no-bucket frame: C:/Users/Lev/Desktop/ZeroBlindSpot/data/2025-05-25_20-19-06\no_bucket\frame_0183.jpg
2025-05-25 21:31:55,226 - INFO - Added no-bucket frame: C:/Users/Lev/Desktop/ZeroBlindSpot/data/2025-05-25_20-19-06\no_bucket\frame_0184.jpg
2025-05-25 21:31:55,226 - INFO - Added no-bucket frame: C:/Users/Lev/Desktop/ZeroBlindSpot/data/2025-05-25_20-19-06\no_bucket\frame_0185.jpg
2025-05-25 21:31:55,226 - INFO - Added no-bucket frame: C:/Users/Lev/Desktop/ZeroBlindSpot/data/2025-05-25_20-19-06\no_bucket\frame_0186.jpg
2025-05-25 21:31:55,226 - INFO - Added no-bucket frame: C:/Users/Lev/Desktop/ZeroBlindSpot/data/2025-05-25_20-19-06\no_bucket\frame_0187.jpg
2025-05-25 21:31:55,226 - INFO - Added no-bucket frame: C:/Users/Lev/Desktop/ZeroBlindSpot/data/2025-05-25_20-19-06\no_bucket\frame_0189.jpg
2025-05-25 21:31:55,226 - INFO - Added no-bucket frame: C:/Users/Lev/Desktop/ZeroBlindSpot/data/2025-05-25_20-19-06\no_bucket\frame_0190.jpg
2025-05-25 21:31:55,226 - INFO - Added no-bucket frame: C:/Users/Lev/Desktop/ZeroBlindSpot/data/2025-05-25_20-19-06\no_bucket\frame_0191.jpg
2025-05-25 21:31:55,226 - INFO - Added no-bucket frame: C:/Users/Lev/Desktop/ZeroBlindSpot/data/2025-05-25_20-19-06\no_bucket\frame_0192.jpg
2025-05-25 21:31:55,226 - INFO - Added no-bucket frame: C:/Users/Lev/Desktop/ZeroBlindSpot/data/2025-05-25_20-19-06\no_bucket\frame_0194.jpg
2025-05-25 21:31:55,226 - INFO - Added no-bucket frame: C:/Users/Lev/Desktop/ZeroBlindSpot/data/2025-05-25_20-19-06\no_bucket\frame_0195.jpg
2025-05-25 21:31:55,226 - INFO - Added no-bucket frame: C:/Users/Lev/Desktop/ZeroBlindSpot/data/2025-05-25_20-19-06\no_bucket\frame_0201.jpg
2025-05-25 21:31:55,226 - INFO - Added no-bucket frame: C:/Users/Lev/Desktop/ZeroBlindSpot/data/2025-05-25_20-19-06\no_bucket\frame_0202.jpg
2025-05-25 21:31:55,226 - INFO - Added no-bucket frame: C:/Users/Lev/Desktop/ZeroBlindSpot/data/2025-05-25_20-19-06\no_bucket\frame_0203.jpg
2025-05-25 21:31:55,226 - INFO - Added no-bucket frame: C:/Users/Lev/Desktop/ZeroBlindSpot/data/2025-05-25_20-19-06\no_bucket\frame_0204.jpg
2025-05-25 21:31:55,226 - INFO - Added no-bucket frame: C:/Users/Lev/Desktop/ZeroBlindSpot/data/2025-05-25_20-19-06\no_bucket\frame_0205.jpg
2025-05-25 21:31:55,226 - INFO - Added no-bucket frame: C:/Users/Lev/Desktop/ZeroBlindSpot/data/2025-05-25_20-19-06\no_bucket\frame_0206.jpg
2025-05-25 21:31:55,226 - INFO - Added no-bucket frame: C:/Users/Lev/Desktop/ZeroBlindSpot/data/2025-05-25_20-19-06\no_bucket\frame_0207.jpg
2025-05-25 21:31:55,226 - INFO - Added no-bucket frame: C:/Users/Lev/Desktop/ZeroBlindSpot/data/2025-05-25_20-19-06\no_bucket\frame_0212.jpg
2025-05-25 21:31:55,226 - INFO - Added no-bucket frame: C:/Users/Lev/Desktop/ZeroBlindSpot/data/2025-05-25_20-19-06\no_bucket\frame_0213.jpg
2025-05-25 21:31:55,226 - INFO - Added no-bucket frame: C:/Users/Lev/Desktop/ZeroBlindSpot/data/2025-05-25_20-19-06\no_bucket\frame_0214.jpg
2025-05-25 21:31:55,227 - INFO - Added no-bucket frame: C:/Users/Lev/Desktop/ZeroBlindSpot/data/2025-05-25_20-19-06\no_bucket\frame_0215.jpg
2025-05-25 21:31:55,227 - INFO - Added no-bucket frame: C:/Users/Lev/Desktop/ZeroBlindSpot/data/2025-05-25_20-19-06\no_bucket\frame_0220.jpg
2025-05-25 21:31:55,227 - INFO - Added no-bucket frame: C:/Users/Lev/Desktop/ZeroBlindSpot/data/2025-05-25_20-19-06\no_bucket\frame_0221.jpg
2025-05-25 21:31:55,227 - INFO - Added no-bucket frame: C:/Users/Lev/Desktop/ZeroBlindSpot/data/2025-05-25_20-19-06\no_bucket\frame_0222.jpg
2025-05-25 21:31:55,227 - INFO - Added no-bucket frame: C:/Users/Lev/Desktop/ZeroBlindSpot/data/2025-05-25_20-19-06\no_bucket\frame_0223.jpg
2025-05-25 21:31:55,227 - INFO - Added no-bucket frame: C:/Users/Lev/Desktop/ZeroBlindSpot/data/2025-05-25_20-19-06\no_bucket\frame_0224.jpg
2025-05-25 21:31:55,227 - INFO - Added no-bucket frame: C:/Users/Lev/Desktop/ZeroBlindSpot/data/2025-05-25_20-19-06\no_bucket\frame_0225.jpg
2025-05-25 21:31:55,227 - INFO - Added no-bucket frame: C:/Users/Lev/Desktop/ZeroBlindSpot/data/2025-05-25_20-19-06\no_bucket\frame_0239.jpg
2025-05-25 21:31:55,227 - INFO - Added no-bucket frame: C:/Users/Lev/Desktop/ZeroBlindSpot/data/2025-05-25_20-19-06\no_bucket\frame_0240.jpg
2025-05-25 21:31:55,227 - INFO - Added no-bucket frame: C:/Users/Lev/Desktop/ZeroBlindSpot/data/2025-05-25_20-19-06\no_bucket\frame_0241.jpg
2025-05-25 21:31:55,227 - INFO - Added no-bucket frame: C:/Users/Lev/Desktop/ZeroBlindSpot/data/2025-05-25_20-19-06\no_bucket\frame_0244.jpg
2025-05-25 21:31:55,227 - INFO - Added no-bucket frame: C:/Users/Lev/Desktop/ZeroBlindSpot/data/2025-05-25_20-19-06\no_bucket\frame_0245.jpg
2025-05-25 21:31:55,227 - INFO - Added no-bucket frame: C:/Users/Lev/Desktop/ZeroBlindSpot/data/2025-05-25_20-19-06\no_bucket\frame_0246.jpg
2025-05-25 21:31:55,227 - INFO - Added no-bucket frame: C:/Users/Lev/Desktop/ZeroBlindSpot/data/2025-05-25_20-19-06\no_bucket\frame_0248.jpg
2025-05-25 21:31:55,227 - INFO - Added no-bucket frame: C:/Users/Lev/Desktop/ZeroBlindSpot/data/2025-05-25_20-19-06\no_bucket\frame_0249.jpg
2025-05-25 21:31:55,227 - INFO - Added no-bucket frame: C:/Users/Lev/Desktop/ZeroBlindSpot/data/2025-05-25_20-19-06\no_bucket\frame_0280.jpg
2025-05-25 21:31:55,227 - INFO - Added no-bucket frame: C:/Users/Lev/Desktop/ZeroBlindSpot/data/2025-05-25_20-19-06\no_bucket\frame_0288.jpg
2025-05-25 21:31:55,227 - INFO - Added no-bucket frame: C:/Users/Lev/Desktop/ZeroBlindSpot/data/2025-05-25_20-19-06\no_bucket\frame_0289.jpg
2025-05-25 21:31:55,227 - INFO - Added no-bucket frame: C:/Users/Lev/Desktop/ZeroBlindSpot/data/2025-05-25_20-19-06\no_bucket\frame_0290.jpg
2025-05-25 21:31:55,227 - INFO - Added no-bucket frame: C:/Users/Lev/Desktop/ZeroBlindSpot/data/2025-05-25_20-19-06\no_bucket\frame_0292.jpg
2025-05-25 21:31:55,227 - INFO - Added no-bucket frame: C:/Users/Lev/Desktop/ZeroBlindSpot/data/2025-05-25_20-19-06\no_bucket\frame_0293.jpg
2025-05-25 21:31:55,227 - INFO - Added no-bucket frame: C:/Users/Lev/Desktop/ZeroBlindSpot/data/2025-05-25_20-19-06\no_bucket\frame_0294.jpg
2025-05-25 21:31:55,227 - INFO - Added no-bucket frame: C:/Users/Lev/Desktop/ZeroBlindSpot/data/2025-05-25_20-19-06\no_bucket\frame_0295.jpg
2025-05-25 21:31:55,227 - INFO - Added no-bucket frame: C:/Users/Lev/Desktop/ZeroBlindSpot/data/2025-05-25_20-19-06\no_bucket\frame_0296.jpg
2025-05-25 21:31:55,227 - INFO - Added no-bucket frame: C:/Users/Lev/Desktop/ZeroBlindSpot/data/2025-05-25_20-19-06\no_bucket\frame_0297.jpg
2025-05-25 21:31:55,227 - INFO - Added no-bucket frame: C:/Users/Lev/Desktop/ZeroBlindSpot/data/2025-05-25_20-19-06\no_bucket\frame_0298.jpg
2025-05-25 21:31:55,228 - INFO - Added no-bucket frame: C:/Users/Lev/Desktop/ZeroBlindSpot/data/2025-05-25_20-19-06\no_bucket\frame_0299.jpg
2025-05-25 21:31:55,228 - INFO - Added no-bucket frame: C:/Users/Lev/Desktop/ZeroBlindSpot/data/2025-05-25_20-19-06\no_bucket\frame_0300.jpg
2025-05-25 21:31:55,228 - INFO - Added no-bucket frame: C:/Users/Lev/Desktop/ZeroBlindSpot/data/2025-05-25_20-19-06\no_bucket\frame_0301.jpg
2025-05-25 21:31:55,228 - INFO - Added no-bucket frame: C:/Users/Lev/Desktop/ZeroBlindSpot/data/2025-05-25_20-19-06\no_bucket\frame_0302.jpg
2025-05-25 21:31:55,228 - INFO - Added no-bucket frame: C:/Users/Lev/Desktop/ZeroBlindSpot/data/2025-05-25_20-19-06\no_bucket\frame_0303.jpg
2025-05-25 21:31:55,228 - INFO - Added no-bucket frame: C:/Users/Lev/Desktop/ZeroBlindSpot/data/2025-05-25_20-19-06\no_bucket\frame_0304.jpg
2025-05-25 21:31:55,228 - INFO - Added no-bucket frame: C:/Users/Lev/Desktop/ZeroBlindSpot/data/2025-05-25_20-19-06\no_bucket\frame_0305.jpg
2025-05-25 21:31:55,228 - INFO - Added no-bucket frame: C:/Users/Lev/Desktop/ZeroBlindSpot/data/2025-05-25_20-19-06\no_bucket\frame_0306.jpg
2025-05-25 21:31:55,228 - INFO - Added no-bucket frame: C:/Users/Lev/Desktop/ZeroBlindSpot/data/2025-05-25_20-19-06\no_bucket\frame_0307.jpg
2025-05-25 21:31:55,228 - INFO - Added no-bucket frame: C:/Users/Lev/Desktop/ZeroBlindSpot/data/2025-05-25_20-19-06\no_bucket\frame_0308.jpg
2025-05-25 21:31:55,228 - INFO - Added no-bucket frame: C:/Users/Lev/Desktop/ZeroBlindSpot/data/2025-05-25_20-19-06\no_bucket\frame_0309.jpg
2025-05-25 21:31:55,228 - INFO - Added no-bucket frame: C:/Users/Lev/Desktop/ZeroBlindSpot/data/2025-05-25_20-19-06\no_bucket\frame_0310.jpg
2025-05-25 21:31:55,228 - INFO - Added no-bucket frame: C:/Users/Lev/Desktop/ZeroBlindSpot/data/2025-05-25_20-19-06\no_bucket\frame_0311.jpg
2025-05-25 21:31:55,228 - INFO - Added no-bucket frame: C:/Users/Lev/Desktop/ZeroBlindSpot/data/2025-05-25_20-19-06\no_bucket\frame_0312.jpg
2025-05-25 21:31:55,228 - INFO - Added no-bucket frame: C:/Users/Lev/Desktop/ZeroBlindSpot/data/2025-05-25_20-19-06\no_bucket\frame_0313.jpg
2025-05-25 21:31:55,228 - INFO - Added no-bucket frame: C:/Users/Lev/Desktop/ZeroBlindSpot/data/2025-05-25_20-19-06\no_bucket\frame_0314.jpg
2025-05-25 21:31:55,228 - INFO - Added no-bucket frame: C:/Users/Lev/Desktop/ZeroBlindSpot/data/2025-05-25_20-19-06\no_bucket\frame_0315.jpg
2025-05-25 21:31:55,228 - INFO - Added no-bucket frame: C:/Users/Lev/Desktop/ZeroBlindSpot/data/2025-05-25_20-19-06\no_bucket\frame_0316.jpg
2025-05-25 21:31:55,228 - INFO - Added no-bucket frame: C:/Users/Lev/Desktop/ZeroBlindSpot/data/2025-05-25_20-19-06\no_bucket\frame_0317.jpg
2025-05-25 21:31:55,228 - INFO - Added no-bucket frame: C:/Users/Lev/Desktop/ZeroBlindSpot/data/2025-05-25_20-19-06\no_bucket\frame_0318.jpg
2025-05-25 21:31:55,228 - INFO - Added no-bucket frame: C:/Users/Lev/Desktop/ZeroBlindSpot/data/2025-05-25_20-19-06\no_bucket\frame_0319.jpg
2025-05-25 21:31:55,228 - INFO - Added no-bucket frame: C:/Users/Lev/Desktop/ZeroBlindSpot/data/2025-05-25_20-19-06\no_bucket\frame_0320.jpg
2025-05-25 21:31:55,228 - INFO - Added no-bucket frame: C:/Users/Lev/Desktop/ZeroBlindSpot/data/2025-05-25_20-19-06\no_bucket\frame_0321.jpg
2025-05-25 21:31:55,228 - INFO - Added no-bucket frame: C:/Users/Lev/Desktop/ZeroBlindSpot/data/2025-05-25_20-19-06\no_bucket\frame_0322.jpg
2025-05-25 21:31:55,228 - INFO - Added no-bucket frame: C:/Users/Lev/Desktop/ZeroBlindSpot/data/2025-05-25_20-19-06\no_bucket\frame_0323.jpg
2025-05-25 21:31:55,228 - INFO - Added no-bucket frame: C:/Users/Lev/Desktop/ZeroBlindSpot/data/2025-05-25_20-19-06\no_bucket\frame_0324.jpg
2025-05-25 21:31:55,228 - INFO - Added no-bucket frame: C:/Users/Lev/Desktop/ZeroBlindSpot/data/2025-05-25_20-19-06\no_bucket\frame_0325.jpg
2025-05-25 21:31:55,228 - INFO - Added no-bucket frame: C:/Users/Lev/Desktop/ZeroBlindSpot/data/2025-05-25_20-19-06\no_bucket\frame_0326.jpg
2025-05-25 21:31:55,229 - INFO - Added no-bucket frame: C:/Users/Lev/Desktop/ZeroBlindSpot/data/2025-05-25_20-19-06\no_bucket\frame_0327.jpg
2025-05-25 21:31:55,229 - INFO - Added no-bucket frame: C:/Users/Lev/Desktop/ZeroBlindSpot/data/2025-05-25_20-19-06\no_bucket\frame_0328.jpg
2025-05-25 21:31:55,229 - INFO - Added no-bucket frame: C:/Users/Lev/Desktop/ZeroBlindSpot/data/2025-05-25_20-19-06\no_bucket\frame_0329.jpg
2025-05-25 21:31:55,229 - INFO - Added no-bucket frame: C:/Users/Lev/Desktop/ZeroBlindSpot/data/2025-05-25_20-19-06\no_bucket\frame_0330.jpg
2025-05-25 21:31:55,229 - INFO - Added no-bucket frame: C:/Users/Lev/Desktop/ZeroBlindSpot/data/2025-05-25_20-19-06\no_bucket\frame_0331.jpg
2025-05-25 21:31:55,229 - INFO - Added no-bucket frame: C:/Users/Lev/Desktop/ZeroBlindSpot/data/2025-05-25_20-19-06\no_bucket\frame_0332.jpg
2025-05-25 21:31:55,229 - INFO - Added no-bucket frame: C:/Users/Lev/Desktop/ZeroBlindSpot/data/2025-05-25_20-19-06\no_bucket\frame_0333.jpg
2025-05-25 21:31:55,229 - INFO - Added no-bucket frame: C:/Users/Lev/Desktop/ZeroBlindSpot/data/2025-05-25_20-19-06\no_bucket\frame_0334.jpg
2025-05-25 21:31:55,229 - INFO - Added no-bucket frame: C:/Users/Lev/Desktop/ZeroBlindSpot/data/2025-05-25_20-19-06\no_bucket\frame_0335.jpg
2025-05-25 21:31:55,229 - INFO - Added no-bucket frame: C:/Users/Lev/Desktop/ZeroBlindSpot/data/2025-05-25_20-19-06\no_bucket\frame_0336.jpg
2025-05-25 21:31:55,229 - INFO - Added no-bucket frame: C:/Users/Lev/Desktop/ZeroBlindSpot/data/2025-05-25_20-19-06\no_bucket\frame_0337.jpg
2025-05-25 21:31:55,229 - INFO - Added no-bucket frame: C:/Users/Lev/Desktop/ZeroBlindSpot/data/2025-05-25_20-19-06\no_bucket\frame_0338.jpg
2025-05-25 21:31:55,229 - INFO - Added no-bucket frame: C:/Users/Lev/Desktop/ZeroBlindSpot/data/2025-05-25_20-19-06\no_bucket\frame_0339.jpg
2025-05-25 21:31:55,229 - INFO - Added no-bucket frame: C:/Users/Lev/Desktop/ZeroBlindSpot/data/2025-05-25_20-19-06\no_bucket\frame_0340.jpg
2025-05-25 21:31:55,229 - INFO - Added no-bucket frame: C:/Users/Lev/Desktop/ZeroBlindSpot/data/2025-05-25_20-19-06\no_bucket\frame_0341.jpg
2025-05-25 21:31:55,229 - INFO - Added no-bucket frame: C:/Users/Lev/Desktop/ZeroBlindSpot/data/2025-05-25_20-19-06\no_bucket\frame_0342.jpg
2025-05-25 21:31:55,229 - INFO - Added no-bucket frame: C:/Users/Lev/Desktop/ZeroBlindSpot/data/2025-05-25_20-19-06\no_bucket\frame_0343.jpg
2025-05-25 21:31:55,229 - INFO - Added no-bucket frame: C:/Users/Lev/Desktop/ZeroBlindSpot/data/2025-05-25_20-19-06\no_bucket\frame_0344.jpg
2025-05-25 21:31:55,229 - INFO - Added no-bucket frame: C:/Users/Lev/Desktop/ZeroBlindSpot/data/2025-05-25_20-19-06\no_bucket\frame_0345.jpg
2025-05-25 21:31:55,229 - INFO - Added no-bucket frame: C:/Users/Lev/Desktop/ZeroBlindSpot/data/2025-05-25_20-19-06\no_bucket\frame_0346.jpg
2025-05-25 21:31:55,229 - INFO - Added no-bucket frame: C:/Users/Lev/Desktop/ZeroBlindSpot/data/2025-05-25_20-19-06\no_bucket\frame_0347.jpg
2025-05-25 21:31:55,229 - INFO - Added no-bucket frame: C:/Users/Lev/Desktop/ZeroBlindSpot/data/2025-05-25_20-19-06\no_bucket\frame_0348.jpg
2025-05-25 21:31:55,229 - INFO - Added no-bucket frame: C:/Users/Lev/Desktop/ZeroBlindSpot/data/2025-05-25_20-19-06\no_bucket\frame_0349.jpg
2025-05-25 21:31:55,229 - INFO - Added no-bucket frame: C:/Users/Lev/Desktop/ZeroBlindSpot/data/2025-05-25_20-19-06\no_bucket\frame_0350.jpg
2025-05-25 21:31:55,229 - INFO - Added no-bucket frame: C:/Users/Lev/Desktop/ZeroBlindSpot/data/2025-05-25_20-19-06\no_bucket\frame_0351.jpg
2025-05-25 21:31:55,229 - INFO - Added no-bucket frame: C:/Users/Lev/Desktop/ZeroBlindSpot/data/2025-05-25_20-19-06\no_bucket\frame_0352.jpg
2025-05-25 21:31:55,229 - INFO - Added no-bucket frame: C:/Users/Lev/Desktop/ZeroBlindSpot/data/2025-05-25_20-19-06\no_bucket\frame_0353.jpg
2025-05-25 21:31:55,230 - INFO - Added no-bucket frame: C:/Users/Lev/Desktop/ZeroBlindSpot/data/2025-05-25_20-19-06\no_bucket\frame_0354.jpg
2025-05-25 21:31:55,230 - INFO - Added no-bucket frame: C:/Users/Lev/Desktop/ZeroBlindSpot/data/2025-05-25_20-19-06\no_bucket\frame_0355.jpg
2025-05-25 21:31:55,230 - INFO - Added no-bucket frame: C:/Users/Lev/Desktop/ZeroBlindSpot/data/2025-05-25_20-19-06\no_bucket\frame_0357.jpg
2025-05-25 21:31:55,230 - INFO - Added no-bucket frame: C:/Users/Lev/Desktop/ZeroBlindSpot/data/2025-05-25_20-19-06\no_bucket\frame_0358.jpg
2025-05-25 21:31:55,230 - INFO - Added no-bucket frame: C:/Users/Lev/Desktop/ZeroBlindSpot/data/2025-05-25_20-19-06\no_bucket\frame_0360.jpg
2025-05-25 21:31:55,230 - INFO - Added no-bucket frame: C:/Users/Lev/Desktop/ZeroBlindSpot/data/2025-05-25_20-19-06\no_bucket\frame_0361.jpg
2025-05-25 21:31:55,230 - INFO - Added no-bucket frame: C:/Users/Lev/Desktop/ZeroBlindSpot/data/2025-05-25_20-19-06\no_bucket\frame_0362.jpg
2025-05-25 21:31:55,230 - INFO - Added no-bucket frame: C:/Users/Lev/Desktop/ZeroBlindSpot/data/2025-05-25_20-19-06\no_bucket\frame_0363.jpg
2025-05-25 21:31:55,230 - INFO - Added no-bucket frame: C:/Users/Lev/Desktop/ZeroBlindSpot/data/2025-05-25_20-19-06\no_bucket\frame_0364.jpg
2025-05-25 21:31:55,230 - INFO - Added no-bucket frame: C:/Users/Lev/Desktop/ZeroBlindSpot/data/2025-05-25_20-19-06\no_bucket\frame_0365.jpg
2025-05-25 21:31:55,230 - INFO - Added no-bucket frame: C:/Users/Lev/Desktop/ZeroBlindSpot/data/2025-05-25_20-19-06\no_bucket\frame_0366.jpg
2025-05-25 21:31:55,230 - INFO - Added no-bucket frame: C:/Users/Lev/Desktop/ZeroBlindSpot/data/2025-05-25_20-19-06\no_bucket\frame_0367.jpg
2025-05-25 21:31:55,230 - INFO - Added no-bucket frame: C:/Users/Lev/Desktop/ZeroBlindSpot/data/2025-05-25_20-19-06\no_bucket\frame_0368.jpg
2025-05-25 21:31:55,230 - INFO - Added no-bucket frame: C:/Users/Lev/Desktop/ZeroBlindSpot/data/2025-05-25_20-19-06\no_bucket\frame_0369.jpg
2025-05-25 21:31:55,230 - INFO - Added no-bucket frame: C:/Users/Lev/Desktop/ZeroBlindSpot/data/2025-05-25_20-19-06\no_bucket\frame_0370.jpg
2025-05-25 21:31:55,230 - INFO - Added no-bucket frame: C:/Users/Lev/Desktop/ZeroBlindSpot/data/2025-05-25_20-19-06\no_bucket\frame_0371.jpg
2025-05-25 21:31:55,230 - INFO - Added no-bucket frame: C:/Users/Lev/Desktop/ZeroBlindSpot/data/2025-05-25_20-19-06\no_bucket\frame_0372.jpg
2025-05-25 21:31:55,230 - INFO - Added no-bucket frame: C:/Users/Lev/Desktop/ZeroBlindSpot/data/2025-05-25_20-19-06\no_bucket\frame_0373.jpg
2025-05-25 21:31:55,230 - INFO - Added no-bucket frame: C:/Users/Lev/Desktop/ZeroBlindSpot/data/2025-05-25_20-19-06\no_bucket\frame_0374.jpg
2025-05-25 21:31:55,230 - INFO - Added no-bucket frame: C:/Users/Lev/Desktop/ZeroBlindSpot/data/2025-05-25_20-19-06\no_bucket\frame_0375.jpg
2025-05-25 21:31:55,230 - INFO - Added no-bucket frame: C:/Users/Lev/Desktop/ZeroBlindSpot/data/2025-05-25_20-19-06\no_bucket\frame_0376.jpg
2025-05-25 21:31:55,230 - INFO - Added no-bucket frame: C:/Users/Lev/Desktop/ZeroBlindSpot/data/2025-05-25_20-19-06\no_bucket\frame_0377.jpg
2025-05-25 21:31:55,230 - INFO - Added no-bucket frame: C:/Users/Lev/Desktop/ZeroBlindSpot/data/2025-05-25_20-19-06\no_bucket\frame_0378.jpg
2025-05-25 21:31:55,230 - INFO - Added no-bucket frame: C:/Users/Lev/Desktop/ZeroBlindSpot/data/2025-05-25_20-19-06\no_bucket\frame_0379.jpg
2025-05-25 21:31:55,230 - INFO - Added no-bucket frame: C:/Users/Lev/Desktop/ZeroBlindSpot/data/2025-05-25_20-19-06\no_bucket\frame_0380.jpg
2025-05-25 21:31:55,231 - INFO - Added no-bucket frame: C:/Users/Lev/Desktop/ZeroBlindSpot/data/2025-05-25_20-19-06\no_bucket\frame_0381.jpg
2025-05-25 21:31:55,231 - INFO - Added no-bucket frame: C:/Users/Lev/Desktop/ZeroBlindSpot/data/2025-05-25_20-19-06\no_bucket\frame_0382.jpg
2025-05-25 21:31:55,231 - INFO - Added no-bucket frame: C:/Users/Lev/Desktop/ZeroBlindSpot/data/2025-05-25_20-19-06\no_bucket\frame_0383.jpg
2025-05-25 21:31:55,231 - INFO - Added no-bucket frame: C:/Users/Lev/Desktop/ZeroBlindSpot/data/2025-05-25_20-19-06\no_bucket\frame_0384.jpg
2025-05-25 21:31:55,231 - INFO - Added no-bucket frame: C:/Users/Lev/Desktop/ZeroBlindSpot/data/2025-05-25_20-19-06\no_bucket\frame_0385.jpg
2025-05-25 21:31:55,231 - INFO - Added no-bucket frame: C:/Users/Lev/Desktop/ZeroBlindSpot/data/2025-05-25_20-19-06\no_bucket\frame_0386.jpg
2025-05-25 21:31:55,231 - INFO - Added no-bucket frame: C:/Users/Lev/Desktop/ZeroBlindSpot/data/2025-05-25_20-19-06\no_bucket\frame_0387.jpg
2025-05-25 21:31:55,231 - INFO - Added no-bucket frame: C:/Users/Lev/Desktop/ZeroBlindSpot/data/2025-05-25_20-19-06\no_bucket\frame_0388.jpg
2025-05-25 21:31:55,231 - INFO - Added no-bucket frame: C:/Users/Lev/Desktop/ZeroBlindSpot/data/2025-05-25_20-19-06\no_bucket\frame_0389.jpg
2025-05-25 21:31:55,231 - INFO - Added no-bucket frame: C:/Users/Lev/Desktop/ZeroBlindSpot/data/2025-05-25_20-19-06\no_bucket\frame_0390.jpg
2025-05-25 21:31:55,231 - INFO - Added no-bucket frame: C:/Users/Lev/Desktop/ZeroBlindSpot/data/2025-05-25_20-19-06\no_bucket\frame_0391.jpg
2025-05-25 21:31:55,231 - INFO - Added no-bucket frame: C:/Users/Lev/Desktop/ZeroBlindSpot/data/2025-05-25_20-19-06\no_bucket\frame_0392.jpg
2025-05-25 21:31:55,231 - INFO - Added no-bucket frame: C:/Users/Lev/Desktop/ZeroBlindSpot/data/2025-05-25_20-19-06\no_bucket\frame_0393.jpg
2025-05-25 21:31:55,231 - INFO - Added no-bucket frame: C:/Users/Lev/Desktop/ZeroBlindSpot/data/2025-05-25_20-19-06\no_bucket\frame_0394.jpg
2025-05-25 21:31:55,231 - INFO - Added no-bucket frame: C:/Users/Lev/Desktop/ZeroBlindSpot/data/2025-05-25_20-19-06\no_bucket\frame_0395.jpg
2025-05-25 21:31:55,231 - INFO - Added no-bucket frame: C:/Users/Lev/Desktop/ZeroBlindSpot/data/2025-05-25_20-19-06\no_bucket\frame_0396.jpg
2025-05-25 21:31:55,231 - INFO - Added no-bucket frame: C:/Users/Lev/Desktop/ZeroBlindSpot/data/2025-05-25_20-19-06\no_bucket\frame_0397.jpg
2025-05-25 21:31:55,231 - INFO - Added no-bucket frame: C:/Users/Lev/Desktop/ZeroBlindSpot/data/2025-05-25_20-19-06\no_bucket\frame_0398.jpg
2025-05-25 21:31:55,231 - INFO - Added no-bucket frame: C:/Users/Lev/Desktop/ZeroBlindSpot/data/2025-05-25_20-19-06\no_bucket\frame_0399.jpg
2025-05-25 21:31:55,231 - INFO - Added no-bucket frame: C:/Users/Lev/Desktop/ZeroBlindSpot/data/2025-05-25_20-19-06\no_bucket\frame_0400.jpg
2025-05-25 21:31:55,231 - INFO - Added no-bucket frame: C:/Users/Lev/Desktop/ZeroBlindSpot/data/2025-05-25_20-19-06\no_bucket\frame_0401.jpg
2025-05-25 21:31:55,231 - INFO - Added no-bucket frame: C:/Users/Lev/Desktop/ZeroBlindSpot/data/2025-05-25_20-19-06\no_bucket\frame_0402.jpg
2025-05-25 21:31:55,231 - INFO - Added no-bucket frame: C:/Users/Lev/Desktop/ZeroBlindSpot/data/2025-05-25_20-19-06\no_bucket\frame_0403.jpg
2025-05-25 21:31:55,231 - INFO - Added no-bucket frame: C:/Users/Lev/Desktop/ZeroBlindSpot/data/2025-05-25_20-19-06\no_bucket\frame_0404.jpg
2025-05-25 21:31:55,231 - INFO - Added no-bucket frame: C:/Users/Lev/Desktop/ZeroBlindSpot/data/2025-05-25_20-19-06\no_bucket\frame_0405.jpg
2025-05-25 21:31:55,231 - INFO - Added no-bucket frame: C:/Users/Lev/Desktop/ZeroBlindSpot/data/2025-05-25_20-19-06\no_bucket\frame_0406.jpg
2025-05-25 21:31:55,232 - INFO - Added no-bucket frame: C:/Users/Lev/Desktop/ZeroBlindSpot/data/2025-05-25_20-19-06\no_bucket\frame_0407.jpg
2025-05-25 21:31:55,232 - INFO - Added no-bucket frame: C:/Users/Lev/Desktop/ZeroBlindSpot/data/2025-05-25_20-19-06\no_bucket\frame_0408.jpg
2025-05-25 21:31:55,232 - INFO - Added no-bucket frame: C:/Users/Lev/Desktop/ZeroBlindSpot/data/2025-05-25_20-19-06\no_bucket\frame_0409.jpg
2025-05-25 21:31:55,232 - INFO - Added no-bucket frame: C:/Users/Lev/Desktop/ZeroBlindSpot/data/2025-05-25_20-19-06\no_bucket\frame_0410.jpg
2025-05-25 21:31:55,232 - INFO - Added no-bucket frame: C:/Users/Lev/Desktop/ZeroBlindSpot/data/2025-05-25_20-19-06\no_bucket\frame_0411.jpg
2025-05-25 21:31:55,232 - INFO - Added no-bucket frame: C:/Users/Lev/Desktop/ZeroBlindSpot/data/2025-05-25_20-19-06\no_bucket\frame_0412.jpg
2025-05-25 21:31:55,232 - INFO - Added no-bucket frame: C:/Users/Lev/Desktop/ZeroBlindSpot/data/2025-05-25_20-19-06\no_bucket\frame_0413.jpg
2025-05-25 21:31:55,232 - INFO - Added no-bucket frame: C:/Users/Lev/Desktop/ZeroBlindSpot/data/2025-05-25_20-19-06\no_bucket\frame_0414.jpg
2025-05-25 21:31:55,232 - INFO - Added no-bucket frame: C:/Users/Lev/Desktop/ZeroBlindSpot/data/2025-05-25_20-19-06\no_bucket\frame_0416.jpg
2025-05-25 21:31:55,232 - INFO - Added no-bucket frame: C:/Users/Lev/Desktop/ZeroBlindSpot/data/2025-05-25_20-19-06\no_bucket\frame_0417.jpg
2025-05-25 21:31:55,232 - INFO - Added no-bucket frame: C:/Users/Lev/Desktop/ZeroBlindSpot/data/2025-05-25_20-19-06\no_bucket\frame_0418.jpg
2025-05-25 21:31:55,232 - INFO - Added no-bucket frame: C:/Users/Lev/Desktop/ZeroBlindSpot/data/2025-05-25_20-19-06\no_bucket\frame_0419.jpg
2025-05-25 21:31:55,232 - INFO - Added no-bucket frame: C:/Users/Lev/Desktop/ZeroBlindSpot/data/2025-05-25_20-19-06\no_bucket\frame_0420.jpg
2025-05-25 21:31:55,232 - INFO - Added no-bucket frame: C:/Users/Lev/Desktop/ZeroBlindSpot/data/2025-05-25_20-19-06\no_bucket\frame_0421.jpg
2025-05-25 21:31:55,232 - INFO - Added no-bucket frame: C:/Users/Lev/Desktop/ZeroBlindSpot/data/2025-05-25_20-19-06\no_bucket\frame_0422.jpg
2025-05-25 21:31:55,232 - INFO - Added no-bucket frame: C:/Users/Lev/Desktop/ZeroBlindSpot/data/2025-05-25_20-19-06\no_bucket\frame_0423.jpg
2025-05-25 21:31:55,232 - INFO - Added no-bucket frame: C:/Users/Lev/Desktop/ZeroBlindSpot/data/2025-05-25_20-19-06\no_bucket\frame_0424.jpg
2025-05-25 21:31:55,232 - INFO - Added no-bucket frame: C:/Users/Lev/Desktop/ZeroBlindSpot/data/2025-05-25_20-19-06\no_bucket\frame_0425.jpg
2025-05-25 21:31:55,232 - INFO - Added no-bucket frame: C:/Users/Lev/Desktop/ZeroBlindSpot/data/2025-05-25_20-19-06\no_bucket\frame_0426.jpg
2025-05-25 21:31:55,232 - INFO - Added no-bucket frame: C:/Users/Lev/Desktop/ZeroBlindSpot/data/2025-05-25_20-19-06\no_bucket\frame_0427.jpg
2025-05-25 21:31:55,232 - INFO - Added no-bucket frame: C:/Users/Lev/Desktop/ZeroBlindSpot/data/2025-05-25_20-19-06\no_bucket\frame_0428.jpg
2025-05-25 21:31:55,232 - INFO - Added no-bucket frame: C:/Users/Lev/Desktop/ZeroBlindSpot/data/2025-05-25_20-19-06\no_bucket\frame_0429.jpg
2025-05-25 21:31:55,232 - INFO - Added no-bucket frame: C:/Users/Lev/Desktop/ZeroBlindSpot/data/2025-05-25_20-19-06\no_bucket\frame_0430.jpg
2025-05-25 21:31:55,232 - INFO - Added no-bucket frame: C:/Users/Lev/Desktop/ZeroBlindSpot/data/2025-05-25_20-19-06\no_bucket\frame_0431.jpg
2025-05-25 21:31:55,232 - INFO - Added no-bucket frame: C:/Users/Lev/Desktop/ZeroBlindSpot/data/2025-05-25_20-19-06\no_bucket\frame_0432.jpg
2025-05-25 21:31:55,232 - INFO - Added no-bucket frame: C:/Users/Lev/Desktop/ZeroBlindSpot/data/2025-05-25_20-19-06\no_bucket\frame_0433.jpg
2025-05-25 21:31:55,232 - INFO - Added no-bucket frame: C:/Users/Lev/Desktop/ZeroBlindSpot/data/2025-05-25_20-19-06\no_bucket\frame_0434.jpg
2025-05-25 21:31:55,232 - INFO - Added no-bucket frame: C:/Users/Lev/Desktop/ZeroBlindSpot/data/2025-05-25_20-19-06\no_bucket\frame_0435.jpg
2025-05-25 21:31:55,233 - INFO - Added no-bucket frame: C:/Users/Lev/Desktop/ZeroBlindSpot/data/2025-05-25_20-19-06\no_bucket\frame_0436.jpg
2025-05-25 21:31:55,233 - INFO - Added no-bucket frame: C:/Users/Lev/Desktop/ZeroBlindSpot/data/2025-05-25_20-19-06\no_bucket\frame_0437.jpg
2025-05-25 21:31:55,233 - INFO - Added no-bucket frame: C:/Users/Lev/Desktop/ZeroBlindSpot/data/2025-05-25_20-19-06\no_bucket\frame_0438.jpg
2025-05-25 21:31:55,233 - INFO - Added no-bucket frame: C:/Users/Lev/Desktop/ZeroBlindSpot/data/2025-05-25_20-19-06\no_bucket\frame_0439.jpg
2025-05-25 21:31:55,233 - INFO - Added no-bucket frame: C:/Users/Lev/Desktop/ZeroBlindSpot/data/2025-05-25_20-19-06\no_bucket\frame_0440.jpg
2025-05-25 21:31:55,233 - INFO - Added no-bucket frame: C:/Users/Lev/Desktop/ZeroBlindSpot/data/2025-05-25_20-19-06\no_bucket\frame_0441.jpg
2025-05-25 21:31:55,233 - INFO - Added no-bucket frame: C:/Users/Lev/Desktop/ZeroBlindSpot/data/2025-05-25_20-19-06\no_bucket\frame_0442.jpg
2025-05-25 21:31:55,233 - INFO - Added no-bucket frame: C:/Users/Lev/Desktop/ZeroBlindSpot/data/2025-05-25_20-19-06\no_bucket\frame_0443.jpg
2025-05-25 21:31:55,233 - INFO - Added no-bucket frame: C:/Users/Lev/Desktop/ZeroBlindSpot/data/2025-05-25_20-19-06\no_bucket\frame_0444.jpg
2025-05-25 21:31:55,233 - INFO - Added no-bucket frame: C:/Users/Lev/Desktop/ZeroBlindSpot/data/2025-05-25_20-19-06\no_bucket\frame_0445.jpg
2025-05-25 21:31:55,233 - INFO - Added no-bucket frame: C:/Users/Lev/Desktop/ZeroBlindSpot/data/2025-05-25_20-19-06\no_bucket\frame_0446.jpg
2025-05-25 21:31:55,233 - INFO - Added no-bucket frame: C:/Users/Lev/Desktop/ZeroBlindSpot/data/2025-05-25_20-19-06\no_bucket\frame_0447.jpg
2025-05-25 21:31:55,233 - INFO - Added no-bucket frame: C:/Users/Lev/Desktop/ZeroBlindSpot/data/2025-05-25_20-19-06\no_bucket\frame_0448.jpg
2025-05-25 21:31:55,233 - INFO - Added no-bucket frame: C:/Users/Lev/Desktop/ZeroBlindSpot/data/2025-05-25_20-19-06\no_bucket\frame_0449.jpg
2025-05-25 21:31:55,233 - INFO - Added no-bucket frame: C:/Users/Lev/Desktop/ZeroBlindSpot/data/2025-05-25_20-19-06\no_bucket\frame_0450.jpg
2025-05-25 21:31:55,233 - INFO - Added no-bucket frame: C:/Users/Lev/Desktop/ZeroBlindSpot/data/2025-05-25_20-19-06\no_bucket\frame_0451.jpg
2025-05-25 21:31:55,233 - INFO - Added no-bucket frame: C:/Users/Lev/Desktop/ZeroBlindSpot/data/2025-05-25_20-19-06\no_bucket\frame_0452.jpg
2025-05-25 21:31:55,233 - INFO - Added no-bucket frame: C:/Users/Lev/Desktop/ZeroBlindSpot/data/2025-05-25_20-19-06\no_bucket\frame_0453.jpg
2025-05-25 21:31:55,233 - INFO - Added no-bucket frame: C:/Users/Lev/Desktop/ZeroBlindSpot/data/2025-05-25_20-19-06\no_bucket\frame_0454.jpg
2025-05-25 21:31:55,233 - INFO - Added no-bucket frame: C:/Users/Lev/Desktop/ZeroBlindSpot/data/2025-05-25_20-19-06\no_bucket\frame_0455.jpg
2025-05-25 21:31:55,233 - INFO - Added no-bucket frame: C:/Users/Lev/Desktop/ZeroBlindSpot/data/2025-05-25_20-19-06\no_bucket\frame_0456.jpg
2025-05-25 21:31:55,233 - INFO - Added no-bucket frame: C:/Users/Lev/Desktop/ZeroBlindSpot/data/2025-05-25_20-19-06\no_bucket\frame_0457.jpg
2025-05-25 21:31:55,233 - INFO - Added no-bucket frame: C:/Users/Lev/Desktop/ZeroBlindSpot/data/2025-05-25_20-19-06\no_bucket\frame_0458.jpg
2025-05-25 21:31:55,233 - INFO - Added no-bucket frame: C:/Users/Lev/Desktop/ZeroBlindSpot/data/2025-05-25_20-19-06\no_bucket\frame_0459.jpg
2025-05-25 21:31:55,233 - INFO - Added no-bucket frame: C:/Users/Lev/Desktop/ZeroBlindSpot/data/2025-05-25_20-19-06\no_bucket\frame_0460.jpg
2025-05-25 21:31:55,233 - INFO - Added no-bucket frame: C:/Users/Lev/Desktop/ZeroBlindSpot/data/2025-05-25_20-19-06\no_bucket\frame_0461.jpg
2025-05-25 21:31:55,233 - INFO - Added no-bucket frame: C:/Users/Lev/Desktop/ZeroBlindSpot/data/2025-05-25_20-19-06\no_bucket\frame_0462.jpg
2025-05-25 21:31:55,234 - INFO - Added no-bucket frame: C:/Users/Lev/Desktop/ZeroBlindSpot/data/2025-05-25_20-19-06\no_bucket\frame_0463.jpg
2025-05-25 21:31:55,234 - INFO - Added no-bucket frame: C:/Users/Lev/Desktop/ZeroBlindSpot/data/2025-05-25_20-19-06\no_bucket\frame_0464.jpg
2025-05-25 21:31:55,234 - INFO - Added no-bucket frame: C:/Users/Lev/Desktop/ZeroBlindSpot/data/2025-05-25_20-19-06\no_bucket\frame_0465.jpg
2025-05-25 21:31:55,234 - INFO - Added no-bucket frame: C:/Users/Lev/Desktop/ZeroBlindSpot/data/2025-05-25_20-19-06\no_bucket\frame_0466.jpg
2025-05-25 21:31:55,234 - INFO - Added no-bucket frame: C:/Users/Lev/Desktop/ZeroBlindSpot/data/2025-05-25_20-19-06\no_bucket\frame_0467.jpg
2025-05-25 21:31:55,234 - INFO - Added no-bucket frame: C:/Users/Lev/Desktop/ZeroBlindSpot/data/2025-05-25_20-19-06\no_bucket\frame_0468.jpg
2025-05-25 21:31:55,234 - INFO - Added no-bucket frame: C:/Users/Lev/Desktop/ZeroBlindSpot/data/2025-05-25_20-19-06\no_bucket\frame_0469.jpg
2025-05-25 21:31:55,234 - INFO - Added no-bucket frame: C:/Users/Lev/Desktop/ZeroBlindSpot/data/2025-05-25_20-19-06\no_bucket\frame_0470.jpg
2025-05-25 21:31:55,234 - INFO - Added no-bucket frame: C:/Users/Lev/Desktop/ZeroBlindSpot/data/2025-05-25_20-19-06\no_bucket\frame_0471.jpg
2025-05-25 21:31:55,234 - INFO - Added no-bucket frame: C:/Users/Lev/Desktop/ZeroBlindSpot/data/2025-05-25_20-19-06\no_bucket\frame_0472.jpg
2025-05-25 21:31:55,234 - INFO - Added no-bucket frame: C:/Users/Lev/Desktop/ZeroBlindSpot/data/2025-05-25_20-19-06\no_bucket\frame_0473.jpg
2025-05-25 21:31:55,234 - INFO - Added no-bucket frame: C:/Users/Lev/Desktop/ZeroBlindSpot/data/2025-05-25_20-19-06\no_bucket\frame_0474.jpg
2025-05-25 21:31:55,234 - INFO - Added no-bucket frame: C:/Users/Lev/Desktop/ZeroBlindSpot/data/2025-05-25_20-19-06\no_bucket\frame_0475.jpg
2025-05-25 21:31:55,234 - INFO - Added no-bucket frame: C:/Users/Lev/Desktop/ZeroBlindSpot/data/2025-05-25_20-19-06\no_bucket\frame_0476.jpg
2025-05-25 21:31:55,234 - INFO - Added no-bucket frame: C:/Users/Lev/Desktop/ZeroBlindSpot/data/2025-05-25_20-19-06\no_bucket\frame_0477.jpg
2025-05-25 21:31:55,234 - INFO - Added no-bucket frame: C:/Users/Lev/Desktop/ZeroBlindSpot/data/2025-05-25_20-19-06\no_bucket\frame_0478.jpg
2025-05-25 21:31:55,234 - INFO - Added no-bucket frame: C:/Users/Lev/Desktop/ZeroBlindSpot/data/2025-05-25_20-19-06\no_bucket\frame_0479.jpg
2025-05-25 21:31:55,234 - INFO - Added no-bucket frame: C:/Users/Lev/Desktop/ZeroBlindSpot/data/2025-05-25_20-19-06\no_bucket\frame_0480.jpg
2025-05-25 21:31:55,234 - INFO - Added no-bucket frame: C:/Users/Lev/Desktop/ZeroBlindSpot/data/2025-05-25_20-19-06\no_bucket\frame_0481.jpg
2025-05-25 21:31:55,234 - INFO - Added no-bucket frame: C:/Users/Lev/Desktop/ZeroBlindSpot/data/2025-05-25_20-19-06\no_bucket\frame_0482.jpg
2025-05-25 21:31:55,234 - INFO - Added no-bucket frame: C:/Users/Lev/Desktop/ZeroBlindSpot/data/2025-05-25_20-19-06\no_bucket\frame_0483.jpg
2025-05-25 21:31:55,234 - INFO - Added no-bucket frame: C:/Users/Lev/Desktop/ZeroBlindSpot/data/2025-05-25_20-19-06\no_bucket\frame_0484.jpg
2025-05-25 21:31:55,234 - INFO - Added no-bucket frame: C:/Users/Lev/Desktop/ZeroBlindSpot/data/2025-05-25_20-19-06\no_bucket\frame_0485.jpg
2025-05-25 21:31:55,234 - INFO - Added no-bucket frame: C:/Users/Lev/Desktop/ZeroBlindSpot/data/2025-05-25_20-19-06\no_bucket\frame_0486.jpg
2025-05-25 21:31:55,234 - INFO - Added no-bucket frame: C:/Users/Lev/Desktop/ZeroBlindSpot/data/2025-05-25_20-19-06\no_bucket\frame_0487.jpg
2025-05-25 21:31:55,234 - INFO - Added no-bucket frame: C:/Users/Lev/Desktop/ZeroBlindSpot/data/2025-05-25_20-19-06\no_bucket\frame_0488.jpg
2025-05-25 21:31:55,234 - INFO - Added no-bucket frame: C:/Users/Lev/Desktop/ZeroBlindSpot/data/2025-05-25_20-19-06\no_bucket\frame_0489.jpg
2025-05-25 21:31:55,235 - INFO - Added no-bucket frame: C:/Users/Lev/Desktop/ZeroBlindSpot/data/2025-05-25_20-19-06\no_bucket\frame_0490.jpg
2025-05-25 21:31:55,235 - INFO - Added no-bucket frame: C:/Users/Lev/Desktop/ZeroBlindSpot/data/2025-05-25_20-19-06\no_bucket\frame_0491.jpg
2025-05-25 21:31:55,235 - INFO - Added no-bucket frame: C:/Users/Lev/Desktop/ZeroBlindSpot/data/2025-05-25_20-19-06\no_bucket\frame_0492.jpg
2025-05-25 21:31:55,235 - INFO - Added no-bucket frame: C:/Users/Lev/Desktop/ZeroBlindSpot/data/2025-05-25_20-19-06\no_bucket\frame_0493.jpg
2025-05-25 21:31:55,235 - INFO - Added no-bucket frame: C:/Users/Lev/Desktop/ZeroBlindSpot/data/2025-05-25_20-19-06\no_bucket\frame_0494.jpg
2025-05-25 21:31:55,235 - INFO - Added no-bucket frame: C:/Users/Lev/Desktop/ZeroBlindSpot/data/2025-05-25_20-19-06\no_bucket\frame_0495.jpg
2025-05-25 21:31:55,235 - INFO - Added no-bucket frame: C:/Users/Lev/Desktop/ZeroBlindSpot/data/2025-05-25_20-19-06\no_bucket\frame_0496.jpg
2025-05-25 21:31:55,235 - INFO - Added no-bucket frame: C:/Users/Lev/Desktop/ZeroBlindSpot/data/2025-05-25_20-19-06\no_bucket\frame_0497.jpg
2025-05-25 21:31:55,235 - INFO - Added no-bucket frame: C:/Users/Lev/Desktop/ZeroBlindSpot/data/2025-05-25_20-19-06\no_bucket\frame_0498.jpg
2025-05-25 21:31:55,235 - INFO - Added no-bucket frame: C:/Users/Lev/Desktop/ZeroBlindSpot/data/2025-05-25_20-19-06\no_bucket\frame_0499.jpg
2025-05-25 21:31:55,235 - INFO - Added no-bucket frame: C:/Users/Lev/Desktop/ZeroBlindSpot/data/2025-05-25_20-19-06\no_bucket\frame_0500.jpg
2025-05-25 21:31:55,235 - INFO - Added no-bucket frame: C:/Users/Lev/Desktop/ZeroBlindSpot/data/2025-05-25_20-19-06\no_bucket\frame_0501.jpg
2025-05-25 21:31:55,235 - INFO - Added no-bucket frame: C:/Users/Lev/Desktop/ZeroBlindSpot/data/2025-05-25_20-19-06\no_bucket\frame_0502.jpg
2025-05-25 21:31:55,235 - INFO - Added no-bucket frame: C:/Users/Lev/Desktop/ZeroBlindSpot/data/2025-05-25_20-19-06\no_bucket\frame_0503.jpg
2025-05-25 21:31:55,235 - INFO - Added no-bucket frame: C:/Users/Lev/Desktop/ZeroBlindSpot/data/2025-05-25_20-19-06\no_bucket\frame_0504.jpg
2025-05-25 21:31:55,235 - INFO - Added no-bucket frame: C:/Users/Lev/Desktop/ZeroBlindSpot/data/2025-05-25_20-19-06\no_bucket\frame_0505.jpg
2025-05-25 21:31:55,235 - INFO - Added no-bucket frame: C:/Users/Lev/Desktop/ZeroBlindSpot/data/2025-05-25_20-19-06\no_bucket\frame_0506.jpg
2025-05-25 21:31:55,235 - INFO - Added no-bucket frame: C:/Users/Lev/Desktop/ZeroBlindSpot/data/2025-05-25_20-19-06\no_bucket\frame_0507.jpg
2025-05-25 21:31:55,235 - INFO - Added no-bucket frame: C:/Users/Lev/Desktop/ZeroBlindSpot/data/2025-05-25_20-19-06\no_bucket\frame_0508.jpg
2025-05-25 21:31:55,235 - INFO - Added no-bucket frame: C:/Users/Lev/Desktop/ZeroBlindSpot/data/2025-05-25_20-19-06\no_bucket\frame_0509.jpg
2025-05-25 21:31:55,235 - INFO - Added no-bucket frame: C:/Users/Lev/Desktop/ZeroBlindSpot/data/2025-05-25_20-19-06\no_bucket\frame_0510.jpg
2025-05-25 21:31:55,235 - INFO - Added no-bucket frame: C:/Users/Lev/Desktop/ZeroBlindSpot/data/2025-05-25_20-19-06\no_bucket\frame_0511.jpg
2025-05-25 21:31:55,235 - INFO - Added no-bucket frame: C:/Users/Lev/Desktop/ZeroBlindSpot/data/2025-05-25_20-19-06\no_bucket\frame_0512.jpg
2025-05-25 21:31:55,235 - INFO - Added no-bucket frame: C:/Users/Lev/Desktop/ZeroBlindSpot/data/2025-05-25_20-19-06\no_bucket\frame_0513.jpg
2025-05-25 21:31:55,235 - INFO - Added no-bucket frame: C:/Users/Lev/Desktop/ZeroBlindSpot/data/2025-05-25_20-19-06\no_bucket\frame_0514.jpg
2025-05-25 21:31:55,235 - INFO - Added no-bucket frame: C:/Users/Lev/Desktop/ZeroBlindSpot/data/2025-05-25_20-19-06\no_bucket\frame_0515.jpg
2025-05-25 21:31:55,235 - INFO - Added no-bucket frame: C:/Users/Lev/Desktop/ZeroBlindSpot/data/2025-05-25_20-19-06\no_bucket\frame_0516.jpg
2025-05-25 21:31:55,235 - INFO - Added no-bucket frame: C:/Users/Lev/Desktop/ZeroBlindSpot/data/2025-05-25_20-19-06\no_bucket\frame_0517.jpg
2025-05-25 21:31:55,236 - INFO - Added no-bucket frame: C:/Users/Lev/Desktop/ZeroBlindSpot/data/2025-05-25_20-19-06\no_bucket\frame_0518.jpg
2025-05-25 21:31:55,236 - INFO - Added no-bucket frame: C:/Users/Lev/Desktop/ZeroBlindSpot/data/2025-05-25_20-19-06\no_bucket\frame_0519.jpg
2025-05-25 21:31:55,236 - INFO - Added no-bucket frame: C:/Users/Lev/Desktop/ZeroBlindSpot/data/2025-05-25_20-19-06\no_bucket\frame_0520.jpg
2025-05-25 21:31:55,236 - INFO - Added no-bucket frame: C:/Users/Lev/Desktop/ZeroBlindSpot/data/2025-05-25_20-19-06\no_bucket\frame_0521.jpg
2025-05-25 21:31:55,236 - INFO - Added no-bucket frame: C:/Users/Lev/Desktop/ZeroBlindSpot/data/2025-05-25_20-19-06\no_bucket\frame_0522.jpg
2025-05-25 21:31:55,236 - INFO - Added no-bucket frame: C:/Users/Lev/Desktop/ZeroBlindSpot/data/2025-05-25_20-19-06\no_bucket\frame_0523.jpg
2025-05-25 21:31:55,236 - INFO - Added no-bucket frame: C:/Users/Lev/Desktop/ZeroBlindSpot/data/2025-05-25_20-19-06\no_bucket\frame_0524.jpg
2025-05-25 21:31:55,236 - INFO - Added no-bucket frame: C:/Users/Lev/Desktop/ZeroBlindSpot/data/2025-05-25_20-19-06\no_bucket\frame_0525.jpg
2025-05-25 21:31:55,236 - INFO - Added no-bucket frame: C:/Users/Lev/Desktop/ZeroBlindSpot/data/2025-05-25_20-19-06\no_bucket\frame_0526.jpg
2025-05-25 21:31:55,236 - INFO - Added no-bucket frame: C:/Users/Lev/Desktop/ZeroBlindSpot/data/2025-05-25_20-19-06\no_bucket\frame_0527.jpg
2025-05-25 21:31:55,236 - INFO - Added no-bucket frame: C:/Users/Lev/Desktop/ZeroBlindSpot/data/2025-05-25_20-19-06\no_bucket\frame_0528.jpg
2025-05-25 21:31:55,236 - INFO - Added no-bucket frame: C:/Users/Lev/Desktop/ZeroBlindSpot/data/2025-05-25_20-19-06\no_bucket\frame_0529.jpg
2025-05-25 21:31:55,236 - INFO - Added no-bucket frame: C:/Users/Lev/Desktop/ZeroBlindSpot/data/2025-05-25_20-19-06\no_bucket\frame_0530.jpg
2025-05-25 21:31:55,236 - INFO - Added no-bucket frame: C:/Users/Lev/Desktop/ZeroBlindSpot/data/2025-05-25_20-19-06\no_bucket\frame_0531.jpg
2025-05-25 21:31:55,236 - INFO - Added no-bucket frame: C:/Users/Lev/Desktop/ZeroBlindSpot/data/2025-05-25_20-19-06\no_bucket\frame_0532.jpg
2025-05-25 21:31:55,236 - INFO - Added no-bucket frame: C:/Users/Lev/Desktop/ZeroBlindSpot/data/2025-05-25_20-19-06\no_bucket\frame_0533.jpg
2025-05-25 21:31:55,236 - INFO - Added no-bucket frame: C:/Users/Lev/Desktop/ZeroBlindSpot/data/2025-05-25_20-19-06\no_bucket\frame_0534.jpg
2025-05-25 21:31:55,236 - INFO - Added no-bucket frame: C:/Users/Lev/Desktop/ZeroBlindSpot/data/2025-05-25_20-19-06\no_bucket\frame_0535.jpg
2025-05-25 21:31:55,236 - INFO - Added no-bucket frame: C:/Users/Lev/Desktop/ZeroBlindSpot/data/2025-05-25_20-19-06\no_bucket\frame_0536.jpg
2025-05-25 21:31:55,236 - INFO - Added no-bucket frame: C:/Users/Lev/Desktop/ZeroBlindSpot/data/2025-05-25_20-19-06\no_bucket\frame_0537.jpg
2025-05-25 21:31:55,236 - INFO - Added no-bucket frame: C:/Users/Lev/Desktop/ZeroBlindSpot/data/2025-05-25_20-19-06\no_bucket\frame_0538.jpg
2025-05-25 21:31:55,236 - INFO - Added no-bucket frame: C:/Users/Lev/Desktop/ZeroBlindSpot/data/2025-05-25_20-19-06\no_bucket\frame_0539.jpg
2025-05-25 21:31:55,236 - INFO - Added no-bucket frame: C:/Users/Lev/Desktop/ZeroBlindSpot/data/2025-05-25_20-19-06\no_bucket\frame_0555.jpg
2025-05-25 21:31:55,236 - INFO - Added no-bucket frame: C:/Users/Lev/Desktop/ZeroBlindSpot/data/2025-05-25_20-19-06\no_bucket\frame_0558.jpg
2025-05-25 21:31:55,236 - INFO - Added no-bucket frame: C:/Users/Lev/Desktop/ZeroBlindSpot/data/2025-05-25_20-19-06\no_bucket\frame_0559.jpg
2025-05-25 21:31:55,236 - INFO - Added no-bucket frame: C:/Users/Lev/Desktop/ZeroBlindSpot/data/2025-05-25_20-19-06\no_bucket\frame_0560.jpg
2025-05-25 21:31:55,236 - INFO - Added no-bucket frame: C:/Users/Lev/Desktop/ZeroBlindSpot/data/2025-05-25_20-19-06\no_bucket\frame_0561.jpg
2025-05-25 21:31:55,237 - INFO - Added no-bucket frame: C:/Users/Lev/Desktop/ZeroBlindSpot/data/2025-05-25_20-19-06\no_bucket\frame_0566.jpg
2025-05-25 21:31:55,237 - INFO - Added no-bucket frame: C:/Users/Lev/Desktop/ZeroBlindSpot/data/2025-05-25_20-19-06\no_bucket\frame_0567.jpg
2025-05-25 21:31:55,237 - INFO - Added no-bucket frame: C:/Users/Lev/Desktop/ZeroBlindSpot/data/2025-05-25_20-19-06\no_bucket\frame_0570.jpg
2025-05-25 21:31:55,237 - INFO - Added no-bucket frame: C:/Users/Lev/Desktop/ZeroBlindSpot/data/2025-05-25_20-19-06\no_bucket\frame_0571.jpg
2025-05-25 21:31:55,237 - INFO - Added no-bucket frame: C:/Users/Lev/Desktop/ZeroBlindSpot/data/2025-05-25_20-19-06\no_bucket\frame_0573.jpg
2025-05-25 21:31:55,237 - INFO - Added no-bucket frame: C:/Users/Lev/Desktop/ZeroBlindSpot/data/2025-05-25_20-19-06\no_bucket\frame_0576.jpg
2025-05-25 21:31:55,237 - INFO - Added no-bucket frame: C:/Users/Lev/Desktop/ZeroBlindSpot/data/2025-05-25_20-19-06\no_bucket\frame_0580.jpg
2025-05-25 21:31:55,237 - INFO - Added no-bucket frame: C:/Users/Lev/Desktop/ZeroBlindSpot/data/2025-05-25_20-19-06\no_bucket\frame_0581.jpg
2025-05-25 21:31:55,237 - INFO - Added no-bucket frame: C:/Users/Lev/Desktop/ZeroBlindSpot/data/2025-05-25_20-19-06\no_bucket\frame_0582.jpg
2025-05-25 21:31:55,237 - INFO - Added no-bucket frame: C:/Users/Lev/Desktop/ZeroBlindSpot/data/2025-05-25_20-19-06\no_bucket\frame_0583.jpg
2025-05-25 21:31:55,237 - INFO - Added no-bucket frame: C:/Users/Lev/Desktop/ZeroBlindSpot/data/2025-05-25_20-19-06\no_bucket\frame_0584.jpg
2025-05-25 21:31:55,237 - INFO - Added no-bucket frame: C:/Users/Lev/Desktop/ZeroBlindSpot/data/2025-05-25_20-19-06\no_bucket\frame_0585.jpg
2025-05-25 21:31:55,237 - INFO - Added no-bucket frame: C:/Users/Lev/Desktop/ZeroBlindSpot/data/2025-05-25_20-19-06\no_bucket\frame_0589.jpg
2025-05-25 21:31:55,237 - INFO - Added no-bucket frame: C:/Users/Lev/Desktop/ZeroBlindSpot/data/2025-05-25_20-19-06\no_bucket\frame_0591.jpg
2025-05-25 21:31:55,237 - INFO - Added no-bucket frame: C:/Users/Lev/Desktop/ZeroBlindSpot/data/2025-05-25_20-19-06\no_bucket\frame_0594.jpg
2025-05-25 21:31:55,237 - INFO - Added no-bucket frame: C:/Users/Lev/Desktop/ZeroBlindSpot/data/2025-05-25_20-19-06\no_bucket\frame_0595.jpg
2025-05-25 21:31:55,237 - INFO - Added no-bucket frame: C:/Users/Lev/Desktop/ZeroBlindSpot/data/2025-05-25_20-19-06\no_bucket\frame_0596.jpg
2025-05-25 21:31:55,237 - INFO - Added no-bucket frame: C:/Users/Lev/Desktop/ZeroBlindSpot/data/2025-05-25_20-19-06\no_bucket\frame_0597.jpg
2025-05-25 21:31:55,237 - INFO - Added no-bucket frame: C:/Users/Lev/Desktop/ZeroBlindSpot/data/2025-05-25_20-19-06\no_bucket\frame_0598.jpg
2025-05-25 21:31:55,237 - INFO - Added no-bucket frame: C:/Users/Lev/Desktop/ZeroBlindSpot/data/2025-05-25_20-19-06\no_bucket\frame_0600.jpg
2025-05-25 21:31:55,237 - INFO - Added no-bucket frame: C:/Users/Lev/Desktop/ZeroBlindSpot/data/2025-05-25_20-19-06\no_bucket\frame_0606.jpg
2025-05-25 21:31:55,238 - INFO - Added no-bucket frame: C:/Users/Lev/Desktop/ZeroBlindSpot/data/2025-05-25_20-19-06\no_bucket\frame_0607.jpg
2025-05-25 21:31:55,238 - INFO - Added no-bucket frame: C:/Users/Lev/Desktop/ZeroBlindSpot/data/2025-05-25_20-19-06\no_bucket\frame_0608.jpg
2025-05-25 21:31:55,238 - INFO - Added no-bucket frame: C:/Users/Lev/Desktop/ZeroBlindSpot/data/2025-05-25_20-19-06\no_bucket\frame_0609.jpg
2025-05-25 21:31:55,238 - INFO - Added no-bucket frame: C:/Users/Lev/Desktop/ZeroBlindSpot/data/2025-05-25_20-19-06\no_bucket\frame_0610.jpg
2025-05-25 21:31:55,238 - INFO - Added no-bucket frame: C:/Users/Lev/Desktop/ZeroBlindSpot/data/2025-05-25_20-19-06\no_bucket\frame_0612.jpg
2025-05-25 21:31:55,238 - INFO - Added no-bucket frame: C:/Users/Lev/Desktop/ZeroBlindSpot/data/2025-05-25_20-19-06\no_bucket\frame_0618.jpg
2025-05-25 21:31:55,238 - INFO - Added no-bucket frame: C:/Users/Lev/Desktop/ZeroBlindSpot/data/2025-05-25_20-19-06\no_bucket\frame_0619.jpg
2025-05-25 21:31:55,238 - INFO - Added no-bucket frame: C:/Users/Lev/Desktop/ZeroBlindSpot/data/2025-05-25_20-19-06\no_bucket\frame_0621.jpg
2025-05-25 21:31:55,238 - INFO - Added no-bucket frame: C:/Users/Lev/Desktop/ZeroBlindSpot/data/2025-05-25_20-19-06\no_bucket\frame_0622.jpg
2025-05-25 21:31:55,238 - INFO - Added no-bucket frame: C:/Users/Lev/Desktop/ZeroBlindSpot/data/2025-05-25_20-19-06\no_bucket\frame_0623.jpg
2025-05-25 21:31:55,238 - INFO - Added no-bucket frame: C:/Users/Lev/Desktop/ZeroBlindSpot/data/2025-05-25_20-19-06\no_bucket\frame_0624.jpg
2025-05-25 21:31:55,238 - INFO - Added no-bucket frame: C:/Users/Lev/Desktop/ZeroBlindSpot/data/2025-05-25_20-19-06\no_bucket\frame_0631.jpg
2025-05-25 21:31:55,238 - INFO - Added no-bucket frame: C:/Users/Lev/Desktop/ZeroBlindSpot/data/2025-05-25_20-19-06\no_bucket\frame_0632.jpg
2025-05-25 21:31:55,238 - INFO - Added no-bucket frame: C:/Users/Lev/Desktop/ZeroBlindSpot/data/2025-05-25_20-19-06\no_bucket\frame_0635.jpg
2025-05-25 21:31:55,238 - INFO - Added no-bucket frame: C:/Users/Lev/Desktop/ZeroBlindSpot/data/2025-05-25_20-19-06\no_bucket\frame_0652.jpg
2025-05-25 21:31:55,238 - INFO - Added no-bucket frame: C:/Users/Lev/Desktop/ZeroBlindSpot/data/2025-05-25_20-19-06\no_bucket\frame_0653.jpg
2025-05-25 21:31:55,238 - INFO - Added no-bucket frame: C:/Users/Lev/Desktop/ZeroBlindSpot/data/2025-05-25_20-19-06\no_bucket\frame_0656.jpg
2025-05-25 21:31:55,238 - INFO - Added no-bucket frame: C:/Users/Lev/Desktop/ZeroBlindSpot/data/2025-05-25_20-19-06\no_bucket\frame_0657.jpg
2025-05-25 21:31:55,238 - INFO - Added no-bucket frame: C:/Users/Lev/Desktop/ZeroBlindSpot/data/2025-05-25_20-19-06\no_bucket\frame_0658.jpg
2025-05-25 21:31:55,238 - INFO - Added no-bucket frame: C:/Users/Lev/Desktop/ZeroBlindSpot/data/2025-05-25_20-19-06\no_bucket\frame_0659.jpg
2025-05-25 21:31:55,238 - INFO - Added no-bucket frame: C:/Users/Lev/Desktop/ZeroBlindSpot/data/2025-05-25_20-19-06\no_bucket\frame_0662.jpg
2025-05-25 21:31:55,238 - INFO - Added no-bucket frame: C:/Users/Lev/Desktop/ZeroBlindSpot/data/2025-05-25_20-19-06\no_bucket\frame_0663.jpg
2025-05-25 21:31:55,238 - INFO - Added no-bucket frame: C:/Users/Lev/Desktop/ZeroBlindSpot/data/2025-05-25_20-19-06\no_bucket\frame_0665.jpg
2025-05-25 21:31:55,238 - INFO - Added no-bucket frame: C:/Users/Lev/Desktop/ZeroBlindSpot/data/2025-05-25_20-19-06\no_bucket\frame_0666.jpg
2025-05-25 21:31:55,238 - INFO - Added no-bucket frame: C:/Users/Lev/Desktop/ZeroBlindSpot/data/2025-05-25_20-19-06\no_bucket\frame_0669.jpg
2025-05-25 21:31:55,238 - INFO - Added no-bucket frame: C:/Users/Lev/Desktop/ZeroBlindSpot/data/2025-05-25_20-19-06\no_bucket\frame_0671.jpg
2025-05-25 21:31:55,238 - INFO - Added no-bucket frame: C:/Users/Lev/Desktop/ZeroBlindSpot/data/2025-05-25_20-19-06\no_bucket\frame_0672.jpg
2025-05-25 21:31:55,238 - INFO - Added no-bucket frame: C:/Users/Lev/Desktop/ZeroBlindSpot/data/2025-05-25_20-19-06\no_bucket\frame_0676.jpg
2025-05-25 21:31:55,238 - INFO - Added no-bucket frame: C:/Users/Lev/Desktop/ZeroBlindSpot/data/2025-05-25_20-19-06\no_bucket\frame_0677.jpg
2025-05-25 21:31:55,238 - INFO - Added no-bucket frame: C:/Users/Lev/Desktop/ZeroBlindSpot/data/2025-05-25_20-19-06\no_bucket\frame_0679.jpg
2025-05-25 21:31:55,238 - INFO - Added no-bucket frame: C:/Users/Lev/Desktop/ZeroBlindSpot/data/2025-05-25_20-19-06\no_bucket\frame_0680.jpg
2025-05-25 21:31:55,238 - INFO - Added no-bucket frame: C:/Users/Lev/Desktop/ZeroBlindSpot/data/2025-05-25_20-19-06\no_bucket\frame_0681.jpg
2025-05-25 21:31:55,238 - INFO - Added no-bucket frame: C:/Users/Lev/Desktop/ZeroBlindSpot/data/2025-05-25_20-19-06\no_bucket\frame_0684.jpg
2025-05-25 21:31:55,238 - INFO - Added no-bucket frame: C:/Users/Lev/Desktop/ZeroBlindSpot/data/2025-05-25_20-19-06\no_bucket\frame_0685.jpg
2025-05-25 21:31:55,238 - INFO - Added no-bucket frame: C:/Users/Lev/Desktop/ZeroBlindSpot/data/2025-05-25_20-19-06\no_bucket\frame_0687.jpg
2025-05-25 21:31:55,238 - INFO - Added no-bucket frame: C:/Users/Lev/Desktop/ZeroBlindSpot/data/2025-05-25_20-19-06\no_bucket\frame_0690.jpg
2025-05-25 21:31:55,238 - INFO - Added no-bucket frame: C:/Users/Lev/Desktop/ZeroBlindSpot/data/2025-05-25_20-19-06\no_bucket\frame_0691.jpg
2025-05-25 21:31:55,238 - INFO - Added no-bucket frame: C:/Users/Lev/Desktop/ZeroBlindSpot/data/2025-05-25_20-19-06\no_bucket\frame_0692.jpg
2025-05-25 21:31:55,238 - INFO - Added no-bucket frame: C:/Users/Lev/Desktop/ZeroBlindSpot/data/2025-05-25_20-19-06\no_bucket\frame_0693.jpg
2025-05-25 21:31:55,238 - INFO - Added no-bucket frame: C:/Users/Lev/Desktop/ZeroBlindSpot/data/2025-05-25_20-19-06\no_bucket\frame_0694.jpg
2025-05-25 21:31:55,238 - INFO - Added no-bucket frame: C:/Users/Lev/Desktop/ZeroBlindSpot/data/2025-05-25_20-19-06\no_bucket\frame_0695.jpg
2025-05-25 21:31:55,239 - INFO - Added no-bucket frame: C:/Users/Lev/Desktop/ZeroBlindSpot/data/2025-05-25_20-19-06\no_bucket\frame_0696.jpg
2025-05-25 21:31:55,239 - INFO - Added no-bucket frame: C:/Users/Lev/Desktop/ZeroBlindSpot/data/2025-05-25_20-19-06\no_bucket\frame_0697.jpg
2025-05-25 21:31:55,239 - INFO - Added no-bucket frame: C:/Users/Lev/Desktop/ZeroBlindSpot/data/2025-05-25_20-19-06\no_bucket\frame_0698.jpg
2025-05-25 21:31:55,239 - INFO - Added no-bucket frame: C:/Users/Lev/Desktop/ZeroBlindSpot/data/2025-05-25_20-19-06\no_bucket\frame_0701.jpg
2025-05-25 21:31:55,239 - INFO - Added no-bucket frame: C:/Users/Lev/Desktop/ZeroBlindSpot/data/2025-05-25_20-19-06\no_bucket\frame_0704.jpg
2025-05-25 21:31:55,239 - INFO - Added no-bucket frame: C:/Users/Lev/Desktop/ZeroBlindSpot/data/2025-05-25_20-19-06\no_bucket\frame_0717.jpg
2025-05-25 21:31:55,239 - INFO - Added no-bucket frame: C:/Users/Lev/Desktop/ZeroBlindSpot/data/2025-05-25_20-19-06\no_bucket\frame_0718.jpg
2025-05-25 21:31:55,239 - INFO - Added no-bucket frame: C:/Users/Lev/Desktop/ZeroBlindSpot/data/2025-05-25_20-19-06\no_bucket\frame_0725.jpg
2025-05-25 21:31:55,239 - INFO - Added no-bucket frame: C:/Users/Lev/Desktop/ZeroBlindSpot/data/2025-05-25_20-19-06\no_bucket\frame_0726.jpg
2025-05-25 21:31:55,239 - INFO - Added no-bucket frame: C:/Users/Lev/Desktop/ZeroBlindSpot/data/2025-05-25_20-19-06\no_bucket\frame_0729.jpg
2025-05-25 21:31:55,239 - INFO - Added no-bucket frame: C:/Users/Lev/Desktop/ZeroBlindSpot/data/2025-05-25_20-19-06\no_bucket\frame_0730.jpg
2025-05-25 21:31:55,239 - INFO - Added no-bucket frame: C:/Users/Lev/Desktop/ZeroBlindSpot/data/2025-05-25_20-19-06\no_bucket\frame_0732.jpg
2025-05-25 21:31:55,239 - INFO - Added no-bucket frame: C:/Users/Lev/Desktop/ZeroBlindSpot/data/2025-05-25_20-19-06\no_bucket\frame_0733.jpg
2025-05-25 21:31:55,239 - INFO - Added no-bucket frame: C:/Users/Lev/Desktop/ZeroBlindSpot/data/2025-05-25_20-19-06\no_bucket\frame_0734.jpg
2025-05-25 21:31:55,239 - INFO - Added no-bucket frame: C:/Users/Lev/Desktop/ZeroBlindSpot/data/2025-05-25_20-19-06\no_bucket\frame_0735.jpg
2025-05-25 21:31:55,239 - INFO - Added no-bucket frame: C:/Users/Lev/Desktop/ZeroBlindSpot/data/2025-05-25_20-19-06\no_bucket\frame_0738.jpg
2025-05-25 21:31:55,239 - INFO - Added no-bucket frame: C:/Users/Lev/Desktop/ZeroBlindSpot/data/2025-05-25_20-19-06\no_bucket\frame_0739.jpg
2025-05-25 21:31:55,239 - INFO - Added no-bucket frame: C:/Users/Lev/Desktop/ZeroBlindSpot/data/2025-05-25_20-19-06\no_bucket\frame_0741.jpg
2025-05-25 21:31:55,239 - INFO - Added no-bucket frame: C:/Users/Lev/Desktop/ZeroBlindSpot/data/2025-05-25_20-19-06\no_bucket\frame_0747.jpg
2025-05-25 21:31:55,239 - INFO - Added no-bucket frame: C:/Users/Lev/Desktop/ZeroBlindSpot/data/2025-05-25_20-19-06\no_bucket\frame_0748.jpg
2025-05-25 21:31:55,239 - INFO - Added no-bucket frame: C:/Users/Lev/Desktop/ZeroBlindSpot/data/2025-05-25_20-19-06\no_bucket\frame_0749.jpg
2025-05-25 21:31:55,239 - INFO - Added no-bucket frame: C:/Users/Lev/Desktop/ZeroBlindSpot/data/2025-05-25_20-19-06\no_bucket\frame_0750.jpg
2025-05-25 21:31:55,239 - INFO - Added no-bucket frame: C:/Users/Lev/Desktop/ZeroBlindSpot/data/2025-05-25_20-19-06\no_bucket\frame_0751.jpg
2025-05-25 21:31:55,239 - INFO - Added no-bucket frame: C:/Users/Lev/Desktop/ZeroBlindSpot/data/2025-05-25_20-19-06\no_bucket\frame_0752.jpg
2025-05-25 21:31:55,239 - INFO - Added no-bucket frame: C:/Users/Lev/Desktop/ZeroBlindSpot/data/2025-05-25_20-19-06\no_bucket\frame_0753.jpg
2025-05-25 21:31:55,239 - INFO - Added no-bucket frame: C:/Users/Lev/Desktop/ZeroBlindSpot/data/2025-05-25_20-19-06\no_bucket\frame_0755.jpg
2025-05-25 21:31:55,239 - INFO - Added no-bucket frame: C:/Users/Lev/Desktop/ZeroBlindSpot/data/2025-05-25_20-19-06\no_bucket\frame_0756.jpg
2025-05-25 21:31:55,239 - INFO - Added no-bucket frame: C:/Users/Lev/Desktop/ZeroBlindSpot/data/2025-05-25_20-19-06\no_bucket\frame_0757.jpg
2025-05-25 21:31:55,240 - INFO - Added no-bucket frame: C:/Users/Lev/Desktop/ZeroBlindSpot/data/2025-05-25_20-19-06\no_bucket\frame_0758.jpg
2025-05-25 21:31:55,240 - INFO - Added no-bucket frame: C:/Users/Lev/Desktop/ZeroBlindSpot/data/2025-05-25_20-19-06\no_bucket\frame_0759.jpg
2025-05-25 21:31:55,240 - INFO - Added no-bucket frame: C:/Users/Lev/Desktop/ZeroBlindSpot/data/2025-05-25_20-19-06\no_bucket\frame_0760.jpg
2025-05-25 21:31:55,240 - INFO - Added no-bucket frame: C:/Users/Lev/Desktop/ZeroBlindSpot/data/2025-05-25_20-19-06\no_bucket\frame_0761.jpg
2025-05-25 21:31:55,240 - INFO - Added no-bucket frame: C:/Users/Lev/Desktop/ZeroBlindSpot/data/2025-05-25_20-19-06\no_bucket\frame_0762.jpg
2025-05-25 21:31:55,240 - INFO - Added no-bucket frame: C:/Users/Lev/Desktop/ZeroBlindSpot/data/2025-05-25_20-19-06\no_bucket\frame_0766.jpg
2025-05-25 21:31:55,240 - INFO - Added no-bucket frame: C:/Users/Lev/Desktop/ZeroBlindSpot/data/2025-05-25_20-19-06\no_bucket\frame_0767.jpg
2025-05-25 21:31:55,240 - INFO - Added no-bucket frame: C:/Users/Lev/Desktop/ZeroBlindSpot/data/2025-05-25_20-19-06\no_bucket\frame_0770.jpg
2025-05-25 21:31:55,240 - INFO - Added no-bucket frame: C:/Users/Lev/Desktop/ZeroBlindSpot/data/2025-05-25_20-19-06\no_bucket\frame_0771.jpg
2025-05-25 21:31:55,240 - INFO - Added no-bucket frame: C:/Users/Lev/Desktop/ZeroBlindSpot/data/2025-05-25_20-19-06\no_bucket\frame_0773.jpg
2025-05-25 21:31:55,240 - INFO - Added no-bucket frame: C:/Users/Lev/Desktop/ZeroBlindSpot/data/2025-05-25_20-19-06\no_bucket\frame_0777.jpg
2025-05-25 21:31:55,240 - INFO - Added no-bucket frame: C:/Users/Lev/Desktop/ZeroBlindSpot/data/2025-05-25_20-19-06\no_bucket\frame_0778.jpg
2025-05-25 21:31:55,240 - INFO - Added no-bucket frame: C:/Users/Lev/Desktop/ZeroBlindSpot/data/2025-05-25_20-19-06\no_bucket\frame_0779.jpg
2025-05-25 21:31:55,240 - INFO - Added no-bucket frame: C:/Users/Lev/Desktop/ZeroBlindSpot/data/2025-05-25_20-19-06\no_bucket\frame_0780.jpg
2025-05-25 21:31:55,240 - INFO - Added no-bucket frame: C:/Users/Lev/Desktop/ZeroBlindSpot/data/2025-05-25_20-19-06\no_bucket\frame_0786.jpg
2025-05-25 21:31:55,240 - INFO - Added no-bucket frame: C:/Users/Lev/Desktop/ZeroBlindSpot/data/2025-05-25_20-19-06\no_bucket\frame_0787.jpg
2025-05-25 21:31:55,240 - INFO - Added no-bucket frame: C:/Users/Lev/Desktop/ZeroBlindSpot/data/2025-05-25_20-19-06\no_bucket\frame_0805.jpg
2025-05-25 21:31:55,240 - INFO - Added no-bucket frame: C:/Users/Lev/Desktop/ZeroBlindSpot/data/2025-05-25_20-19-06\no_bucket\frame_0806.jpg
2025-05-25 21:31:55,240 - INFO - Added no-bucket frame: C:/Users/Lev/Desktop/ZeroBlindSpot/data/2025-05-25_20-19-06\no_bucket\frame_0807.jpg
2025-05-25 21:31:55,240 - INFO - Added no-bucket frame: C:/Users/Lev/Desktop/ZeroBlindSpot/data/2025-05-25_20-19-06\no_bucket\frame_0808.jpg
2025-05-25 21:31:55,240 - INFO - Added no-bucket frame: C:/Users/Lev/Desktop/ZeroBlindSpot/data/2025-05-25_20-19-06\no_bucket\frame_0809.jpg
2025-05-25 21:31:55,240 - INFO - Added no-bucket frame: C:/Users/Lev/Desktop/ZeroBlindSpot/data/2025-05-25_20-19-06\no_bucket\frame_0810.jpg
2025-05-25 21:31:55,240 - INFO - Added no-bucket frame: C:/Users/Lev/Desktop/ZeroBlindSpot/data/2025-05-25_20-19-06\no_bucket\frame_0811.jpg
2025-05-25 21:31:55,240 - INFO - Added no-bucket frame: C:/Users/Lev/Desktop/ZeroBlindSpot/data/2025-05-25_20-19-06\no_bucket\frame_0812.jpg
2025-05-25 21:31:55,240 - INFO - Added no-bucket frame: C:/Users/Lev/Desktop/ZeroBlindSpot/data/2025-05-25_20-19-06\no_bucket\frame_0815.jpg
2025-05-25 21:31:55,241 - INFO - Added no-bucket frame: C:/Users/Lev/Desktop/ZeroBlindSpot/data/2025-05-25_20-19-06\no_bucket\frame_0816.jpg
2025-05-25 21:31:55,241 - INFO - Added no-bucket frame: C:/Users/Lev/Desktop/ZeroBlindSpot/data/2025-05-25_20-19-06\no_bucket\frame_0824.jpg
2025-05-25 21:31:55,241 - INFO - Added no-bucket frame: C:/Users/Lev/Desktop/ZeroBlindSpot/data/2025-05-25_20-19-06\no_bucket\frame_0825.jpg
2025-05-25 21:31:55,241 - INFO - Added no-bucket frame: C:/Users/Lev/Desktop/ZeroBlindSpot/data/2025-05-25_20-19-06\no_bucket\frame_0830.jpg
2025-05-25 21:31:55,241 - INFO - Added no-bucket frame: C:/Users/Lev/Desktop/ZeroBlindSpot/data/2025-05-25_20-19-06\no_bucket\frame_0831.jpg
2025-05-25 21:31:55,241 - INFO - Added no-bucket frame: C:/Users/Lev/Desktop/ZeroBlindSpot/data/2025-05-25_20-19-06\no_bucket\frame_0832.jpg
2025-05-25 21:31:55,241 - INFO - Added no-bucket frame: C:/Users/Lev/Desktop/ZeroBlindSpot/data/2025-05-25_20-19-06\no_bucket\frame_0833.jpg
2025-05-25 21:31:55,241 - INFO - Added no-bucket frame: C:/Users/Lev/Desktop/ZeroBlindSpot/data/2025-05-25_20-19-06\no_bucket\frame_0835.jpg
2025-05-25 21:31:55,241 - INFO - Added no-bucket frame: C:/Users/Lev/Desktop/ZeroBlindSpot/data/2025-05-25_20-19-06\no_bucket\frame_0836.jpg
2025-05-25 21:31:55,241 - INFO - Added no-bucket frame: C:/Users/Lev/Desktop/ZeroBlindSpot/data/2025-05-25_20-19-06\no_bucket\frame_0837.jpg
2025-05-25 21:31:55,241 - INFO - Added no-bucket frame: C:/Users/Lev/Desktop/ZeroBlindSpot/data/2025-05-25_20-19-06\no_bucket\frame_0838.jpg
2025-05-25 21:31:55,241 - INFO - Added no-bucket frame: C:/Users/Lev/Desktop/ZeroBlindSpot/data/2025-05-25_20-19-06\no_bucket\frame_0839.jpg
2025-05-25 21:31:55,241 - INFO - Added no-bucket frame: C:/Users/Lev/Desktop/ZeroBlindSpot/data/2025-05-25_20-19-06\no_bucket\frame_0841.jpg
2025-05-25 21:31:55,241 - INFO - Added no-bucket frame: C:/Users/Lev/Desktop/ZeroBlindSpot/data/2025-05-25_20-19-06\no_bucket\frame_0842.jpg
2025-05-25 21:31:55,241 - INFO - Added no-bucket frame: C:/Users/Lev/Desktop/ZeroBlindSpot/data/2025-05-25_20-19-06\no_bucket\frame_0844.jpg
2025-05-25 21:31:55,241 - INFO - Added no-bucket frame: C:/Users/Lev/Desktop/ZeroBlindSpot/data/2025-05-25_20-19-06\no_bucket\frame_0845.jpg
2025-05-25 21:31:55,241 - INFO - Added no-bucket frame: C:/Users/Lev/Desktop/ZeroBlindSpot/data/2025-05-25_20-19-06\no_bucket\frame_0846.jpg
2025-05-25 21:31:55,241 - INFO - Added no-bucket frame: C:/Users/Lev/Desktop/ZeroBlindSpot/data/2025-05-25_20-19-06\no_bucket\frame_0856.jpg
2025-05-25 21:31:55,241 - INFO - Added no-bucket frame: C:/Users/Lev/Desktop/ZeroBlindSpot/data/2025-05-25_20-19-06\no_bucket\frame_0857.jpg
2025-05-25 21:31:55,241 - INFO - Added no-bucket frame: C:/Users/Lev/Desktop/ZeroBlindSpot/data/2025-05-25_20-19-06\no_bucket\frame_0858.jpg
2025-05-25 21:31:55,241 - INFO - Added no-bucket frame: C:/Users/Lev/Desktop/ZeroBlindSpot/data/2025-05-25_20-19-06\no_bucket\frame_0859.jpg
2025-05-25 21:31:55,241 - INFO - Added no-bucket frame: C:/Users/Lev/Desktop/ZeroBlindSpot/data/2025-05-25_20-19-06\no_bucket\frame_0860.jpg
2025-05-25 21:31:55,241 - INFO - Added no-bucket frame: C:/Users/Lev/Desktop/ZeroBlindSpot/data/2025-05-25_20-19-06\no_bucket\frame_0861.jpg
2025-05-25 21:31:55,241 - INFO - Added no-bucket frame: C:/Users/Lev/Desktop/ZeroBlindSpot/data/2025-05-25_20-19-06\no_bucket\frame_0862.jpg
2025-05-25 21:31:55,241 - INFO - Added no-bucket frame: C:/Users/Lev/Desktop/ZeroBlindSpot/data/2025-05-25_20-19-06\no_bucket\frame_0863.jpg
2025-05-25 21:31:55,241 - INFO - Added no-bucket frame: C:/Users/Lev/Desktop/ZeroBlindSpot/data/2025-05-25_20-19-06\no_bucket\frame_0864.jpg
2025-05-25 21:31:55,241 - INFO - Added no-bucket frame: C:/Users/Lev/Desktop/ZeroBlindSpot/data/2025-05-25_20-19-06\no_bucket\frame_0865.jpg
2025-05-25 21:31:55,241 - INFO - Added no-bucket frame: C:/Users/Lev/Desktop/ZeroBlindSpot/data/2025-05-25_20-19-06\no_bucket\frame_0866.jpg
2025-05-25 21:31:55,242 - INFO - Added no-bucket frame: C:/Users/Lev/Desktop/ZeroBlindSpot/data/2025-05-25_20-19-06\no_bucket\frame_0867.jpg
2025-05-25 21:31:55,242 - INFO - Added no-bucket frame: C:/Users/Lev/Desktop/ZeroBlindSpot/data/2025-05-25_20-19-06\no_bucket\frame_0868.jpg
2025-05-25 21:31:55,463 - INFO - Added low-conf frame: C:/Users/Lev/Desktop/ZeroBlindSpot/data/2025-05-25_20-19-06\frames\frame_0046.jpg
2025-05-25 21:31:55,541 - INFO - Added low-conf frame: C:/Users/Lev/Desktop/ZeroBlindSpot/data/2025-05-25_20-19-06\frames\frame_0061.jpg
2025-05-25 21:31:55,559 - INFO - Added low-conf frame: C:/Users/Lev/Desktop/ZeroBlindSpot/data/2025-05-25_20-19-06\frames\frame_0066.jpg
2025-05-25 21:31:55,630 - INFO - Added low-conf frame: C:/Users/Lev/Desktop/ZeroBlindSpot/data/2025-05-25_20-19-06\frames\frame_0086.jpg
2025-05-25 21:31:55,751 - INFO - Added low-conf frame: C:/Users/Lev/Desktop/ZeroBlindSpot/data/2025-05-25_20-19-06\frames\frame_0120.jpg
2025-05-25 21:31:55,762 - INFO - Added low-conf frame: C:/Users/Lev/Desktop/ZeroBlindSpot/data/2025-05-25_20-19-06\frames\frame_0122.jpg
2025-05-25 21:31:55,781 - INFO - Added low-conf frame: C:/Users/Lev/Desktop/ZeroBlindSpot/data/2025-05-25_20-19-06\frames\frame_0130.jpg
2025-05-25 21:31:55,867 - INFO - Added low-conf frame: C:/Users/Lev/Desktop/ZeroBlindSpot/data/2025-05-25_20-19-06\frames\frame_0165.jpg
2025-05-25 21:31:55,958 - INFO - Added low-conf frame: C:/Users/Lev/Desktop/ZeroBlindSpot/data/2025-05-25_20-19-06\frames\frame_0198.jpg
2025-05-25 21:31:56,362 - INFO - Added low-conf frame: C:/Users/Lev/Desktop/ZeroBlindSpot/data/2025-05-25_20-19-06\frames\frame_0359.jpg
2025-05-25 21:31:56,368 - INFO - Added low-conf frame: C:/Users/Lev/Desktop/ZeroBlindSpot/data/2025-05-25_20-19-06\frames\frame_0415.jpg
2025-05-25 21:31:56,570 - INFO - Added low-conf frame: C:/Users/Lev/Desktop/ZeroBlindSpot/data/2025-05-25_20-19-06\frames\frame_0590.jpg
2025-05-25 21:31:56,877 - INFO - Added low-conf frame: C:/Users/Lev/Desktop/ZeroBlindSpot/data/2025-05-25_20-19-06\frames\frame_0675.jpg
2025-05-25 21:31:57,013 - INFO - Added low-conf frame: C:/Users/Lev/Desktop/ZeroBlindSpot/data/2025-05-25_20-19-06\frames\frame_0716.jpg
2025-05-25 21:32:01,050 - INFO - Review mode 
2025-05-25 21:32:03,892 - INFO - Marked frame_0046.jpg as correct
2025-05-25 21:32:05,204 - INFO - Marked frame_0066.jpg as correct
2025-05-25 21:32:06,080 - INFO - Marked frame_0120.jpg as correct
2025-05-25 21:32:06,909 - INFO - Marked frame_0130.jpg as correct
2025-05-25 21:32:07,581 - INFO - Marked frame_0198.jpg as correct
2025-05-25 21:32:09,040 - INFO - Marked frame_0415.jpg as error
2025-05-25 21:32:10,031 - INFO - Marked frame_0675.jpg as error
2025-05-25 21:32:14,381 - INFO - Annotation mode 
2025-05-25 21:32:15,107 - INFO - Review mode 
2025-05-25 21:32:18,225 - INFO - Marked frame_0061.jpg as correct
2025-05-25 21:32:19,282 - INFO - Marked frame_0122.jpg as correct
2025-05-25 21:32:20,759 - INFO - Marked frame_0359.jpg as error
2025-05-25 21:32:22,090 - INFO - Marked frame_0716.jpg as correct
2025-05-25 21:32:28,810 - INFO - Annotation mode 
2025-05-25 21:32:29,436 - INFO - Review mode 
2025-05-25 21:32:31,684 - INFO - Marked frame_0086.jpg as correct
2025-05-25 21:32:32,239 - INFO - Marked frame_0590.jpg as correct
2025-05-25 21:32:34,052 - INFO - Annotation mode 
2025-05-25 21:32:34,453 - INFO - Review mode 
2025-05-25 21:32:36,466 - INFO - Marked frame_0165.jpg as correct
2025-05-25 21:32:37,484 - INFO - Annotation mode 
2025-05-25 21:32:38,024 - INFO - Review mode 
2025-05-25 21:32:42,203 - INFO - Annotation mode 
2025-05-25 21:32:43,366 - INFO - Review mode 
2025-05-25 21:32:43,802 - INFO - Annotation mode 
2025-05-25 21:32:46,659 - INFO - Annotation started at PyQt5.QtCore.QPoint(648, 122)
