2025-06-04 21:49:47,428 - INFO - Logging initialized
2025-06-04 21:50:24,722 - INFO - YOLO model loaded: models/model.pt
2025-06-04 21:50:24,722 - INFO - YOLO loaded
2025-06-04 21:50:24,727 - INFO - Project loaded: data/1st try
2025-06-04 21:50:25,943 - INFO - Frames saved in data/1st try/frames
2025-06-04 21:50:33,927 - INFO - Processing completed
2025-06-04 21:50:40,852 - INFO - Image scale set to 0.28968750000000004
2025-06-04 21:50:43,633 - INFO - Mouse press at PyQt5.QtCore.QPoint(86, 125)
2025-06-04 21:50:44,985 - INFO - Annotation added: x=524.7033441208198, y=270.98166127292336, w=455.6634304207119, h=321.03559870550157
2025-06-04 21:50:44,990 - INFO - Mouse release at PyQt5.QtCore.QPoint(218, 32)
2025-06-04 21:50:48,478 - INFO - Image scale set to 0.28968750000000004
2025-06-04 21:50:49,401 - INFO - Mouse press at PyQt5.QtCore.QPoint(83, 130)
2025-06-04 21:50:50,136 - INFO - Annotation added: x=528.1553398058252, y=267.529665587918, w=483.279395900755, h=362.4595469255663
2025-06-04 21:50:50,141 - INFO - Mouse release at PyQt5.QtCore.QPoint(223, 25)
2025-06-04 21:50:51,028 - INFO - Image scale set to 0.28968750000000004
2025-06-04 21:50:51,616 - INFO - Image scale set to 0.28968750000000004
2025-06-04 21:50:52,150 - INFO - Image scale set to 0.28968750000000004
2025-06-04 21:50:53,104 - INFO - Image scale set to 0.28968750000000004
2025-06-04 21:50:53,611 - INFO - Image scale set to 0.28968750000000004
2025-06-04 21:50:54,036 - INFO - Image scale set to 0.28968750000000004
2025-06-04 21:50:55,029 - INFO - Image scale set to 0.28968750000000004
2025-06-04 21:50:56,888 - INFO - Image scale set to 0.28968750000000004
2025-06-04 21:50:58,280 - INFO - Image scale set to 0.28968750000000004
2025-06-04 21:50:59,292 - INFO - Mouse press at PyQt5.QtCore.QPoint(25, 48)
2025-06-04 21:51:00,633 - INFO - Annotation added: x=179.50377562028044, y=138.07982740021572, w=186.40776699029124, h=55.231930960086274
2025-06-04 21:51:00,638 - INFO - Mouse release at PyQt5.QtCore.QPoint(79, 32)
2025-06-04 21:51:01,974 - INFO - Image scale set to 0.28968750000000004
2025-06-04 21:51:03,309 - INFO - Image scale set to 0.28968750000000004
2025-06-04 21:51:03,650 - INFO - Image scale set to 0.28968750000000004
2025-06-04 21:51:04,482 - INFO - Mouse press at PyQt5.QtCore.QPoint(51, 59)
2025-06-04 21:51:05,439 - INFO - Annotation added: x=286.51564185544765, y=150.1618122977346, w=220.92772384034518, h=107.01186623516719
2025-06-04 21:51:05,445 - INFO - Mouse release at PyQt5.QtCore.QPoint(115, 28)
2025-06-04 21:51:06,371 - INFO - Image scale set to 0.28968750000000004
2025-06-04 21:51:07,292 - INFO - Mouse press at PyQt5.QtCore.QPoint(28, 52)
2025-06-04 21:51:08,004 - INFO - Annotation added: x=184.68176914778854, y=143.2578209277238, w=176.05177993527505, h=72.49190938511325
2025-06-04 21:51:08,009 - INFO - Mouse release at PyQt5.QtCore.QPoint(79, 31)
2025-06-04 21:51:08,850 - INFO - Image scale set to 0.28968750000000004
2025-06-04 21:51:09,231 - INFO - Image scale set to 0.28968750000000004
2025-06-04 21:51:09,604 - INFO - Image scale set to 0.28968750000000004
2025-06-04 21:51:10,192 - INFO - Mouse press at PyQt5.QtCore.QPoint(197, 277)
2025-06-04 21:51:10,282 - INFO - Annotation added: x=680.0431499460625, y=956.2028047464939, w=0.0, h=0.0
2025-06-04 21:51:10,287 - INFO - Mouse release at PyQt5.QtCore.QPoint(197, 277)
