2025-05-25 17:39:58,493 - INFO - YOLO model loaded successfully
2025-05-25 17:39:58,588 - ERROR - Failed to load CNN model: 'collections.OrderedDict' object has no attribute 'eval'
2025-05-25 17:40:24,614 - INFO - Selected video: C:/Users/Lev/Desktop/covsh/test/videos/1study.mp4
2025-05-25 17:40:24,614 - ERROR - Cannot process video: models not loaded
2025-05-25 17:40:39,737 - INFO - Selected video: C:/Users/Lev/Desktop/covsh/test/videos/1study.mp4
2025-05-25 17:40:39,737 - ERROR - Cannot process video: models not loaded
2025-05-25 17:47:59,225 - INFO - YOLO model loaded successfully
2025-05-25 17:47:59,281 - ERROR - Failed to load CNN model: 'collections.OrderedDict' object has no attribute 'to'
2025-05-25 17:48:16,085 - INFO - YOLO model loaded successfully
2025-05-25 17:48:16,129 - ERROR - Failed to load CNN model: 'collections.OrderedDict' object has no attribute 'to'
2025-05-25 17:55:11,495 - INFO - YOLO model loaded successfully
2025-05-25 17:55:11,607 - ERROR - Failed to load CNN model: Error(s) in loading state_dict for SimpleCNN:
	Unexpected key(s) in state_dict: "conv3.weight", "conv3.bias". 
	size mismatch for fc1.weight: copying a param with shape torch.Size([512, 50176]) from checkpoint, the shape in current model is torch.Size([128, 100352]).
	size mismatch for fc1.bias: copying a param with shape torch.Size([512]) from checkpoint, the shape in current model is torch.Size([128]).
	size mismatch for fc2.weight: copying a param with shape torch.Size([3, 512]) from checkpoint, the shape in current model is torch.Size([3, 128]).
2025-05-25 17:55:18,403 - INFO - Device updated to cpu
2025-05-25 17:55:25,777 - INFO - Selected video: C:/Users/Lev/Desktop/covsh/test/videos/1study.mp4
2025-05-25 17:55:44,030 - INFO - Video split into frames in data/frames
2025-05-25 17:55:45,974 - INFO - Processed frame frame_0001.jpg: neutral
2025-05-25 17:55:46,087 - INFO - Processed frame frame_0002.jpg: neutral
2025-05-25 17:55:46,191 - INFO - Processed frame frame_0003.jpg: neutral
2025-05-25 17:55:46,302 - INFO - Processed frame frame_0004.jpg: neutral
2025-05-25 17:55:46,413 - INFO - Processed frame frame_0005.jpg: neutral
2025-05-25 17:55:46,521 - INFO - Processed frame frame_0006.jpg: neutral
2025-05-25 17:55:46,628 - INFO - Processed frame frame_0007.jpg: neutral
2025-05-25 17:55:46,741 - INFO - Processed frame frame_0008.jpg: dump
2025-05-25 17:55:46,852 - INFO - Processed frame frame_0009.jpg: neutral
2025-05-25 17:55:46,988 - INFO - Processed frame frame_0010.jpg: neutral
2025-05-25 17:55:47,102 - INFO - Processed frame frame_0011.jpg: neutral
2025-05-25 17:55:47,215 - INFO - Processed frame frame_0012.jpg: neutral
2025-05-25 17:55:47,328 - INFO - Processed frame frame_0013.jpg: neutral
2025-05-25 17:55:47,427 - INFO - Processed frame frame_0014.jpg: neutral
2025-05-25 17:55:47,541 - INFO - Processed frame frame_0015.jpg: neutral
2025-05-25 17:55:47,655 - INFO - Processed frame frame_0016.jpg: neutral
2025-05-25 17:55:47,859 - INFO - Processed frame frame_0018.jpg: neutral
2025-05-25 17:55:47,963 - INFO - Processed frame frame_0019.jpg: neutral
2025-05-25 17:55:48,284 - INFO - Processed frame frame_0022.jpg: scoop
2025-05-25 17:55:48,385 - INFO - Processed frame frame_0023.jpg: scoop
2025-05-25 17:55:48,493 - INFO - Processed frame frame_0024.jpg: neutral
2025-05-25 17:55:48,795 - INFO - Processed frame frame_0027.jpg: neutral
2025-05-25 17:55:48,893 - INFO - Processed frame frame_0028.jpg: neutral
2025-05-25 17:55:49,009 - INFO - Processed frame frame_0029.jpg: neutral
2025-05-25 17:55:49,123 - INFO - Processed frame frame_0030.jpg: neutral
2025-05-25 17:55:49,232 - INFO - Processed frame frame_0031.jpg: neutral
2025-05-25 17:55:49,559 - INFO - Processed frame frame_0034.jpg: neutral
2025-05-25 17:55:49,776 - INFO - Processed frame frame_0036.jpg: neutral
2025-05-25 17:55:50,100 - INFO - Processed frame frame_0039.jpg: neutral
2025-05-25 17:55:50,201 - INFO - Processed frame frame_0040.jpg: neutral
2025-05-25 17:55:50,314 - INFO - Processed frame frame_0041.jpg: neutral
2025-05-25 17:55:50,425 - INFO - Processed frame frame_0042.jpg: neutral
2025-05-25 17:55:50,534 - INFO - Processed frame frame_0043.jpg: neutral
2025-05-25 17:55:50,649 - INFO - Processed frame frame_0044.jpg: neutral
2025-05-25 17:55:50,854 - INFO - Processed frame frame_0046.jpg: neutral
2025-05-25 17:55:51,070 - INFO - Processed frame frame_0048.jpg: neutral
2025-05-25 17:55:51,201 - INFO - Processed frame frame_0049.jpg: neutral
2025-05-25 17:55:51,305 - INFO - Processed frame frame_0050.jpg: dump
2025-05-25 17:55:51,512 - INFO - Processed frame frame_0052.jpg: neutral
2025-05-25 17:55:51,937 - INFO - Processed frame frame_0056.jpg: neutral
2025-05-25 17:55:52,048 - INFO - Processed frame frame_0057.jpg: neutral
2025-05-25 17:55:52,159 - INFO - Processed frame frame_0058.jpg: neutral
2025-05-25 17:55:52,272 - INFO - Processed frame frame_0059.jpg: neutral
2025-05-25 17:55:52,385 - INFO - Processed frame frame_0060.jpg: neutral
2025-05-25 17:55:52,495 - INFO - Processed frame frame_0061.jpg: neutral
2025-05-25 17:55:52,604 - INFO - Processed frame frame_0062.jpg: neutral
2025-05-25 17:55:52,724 - INFO - Processed frame frame_0063.jpg: neutral
2025-05-25 17:55:52,836 - INFO - Processed frame frame_0064.jpg: dump
2025-05-25 17:55:52,948 - INFO - Processed frame frame_0065.jpg: dump
2025-05-25 17:55:53,060 - INFO - Processed frame frame_0066.jpg: neutral
2025-05-25 17:55:53,578 - INFO - Processed frame frame_0071.jpg: scoop
2025-05-25 17:55:53,690 - INFO - Processed frame frame_0072.jpg: neutral
2025-05-25 17:55:53,804 - INFO - Processed frame frame_0073.jpg: neutral
2025-05-25 17:55:53,904 - INFO - Processed frame frame_0074.jpg: neutral
2025-05-25 17:55:54,012 - INFO - Processed frame frame_0075.jpg: neutral
2025-05-25 17:55:54,125 - INFO - Processed frame frame_0076.jpg: neutral
2025-05-25 17:55:54,448 - INFO - Processed frame frame_0079.jpg: dump
2025-05-25 17:55:54,558 - INFO - Processed frame frame_0080.jpg: neutral
2025-05-25 17:55:54,768 - INFO - Processed frame frame_0082.jpg: scoop
2025-05-25 17:55:54,980 - INFO - Processed frame frame_0084.jpg: neutral
2025-05-25 17:55:55,201 - INFO - Processed frame frame_0086.jpg: neutral
2025-05-25 17:55:55,644 - INFO - Processed frame frame_0090.jpg: neutral
2025-05-25 17:55:55,759 - INFO - Processed frame frame_0091.jpg: neutral
2025-05-25 17:55:55,871 - INFO - Processed frame frame_0092.jpg: neutral
2025-05-25 17:55:55,983 - INFO - Processed frame frame_0093.jpg: neutral
2025-05-25 17:55:56,093 - INFO - Processed frame frame_0094.jpg: neutral
2025-05-25 17:55:56,514 - INFO - Processed frame frame_0098.jpg: neutral
2025-05-25 17:55:56,925 - INFO - Processed frame frame_0102.jpg: neutral
2025-05-25 17:55:57,146 - INFO - Processed frame frame_0104.jpg: neutral
2025-05-25 17:55:57,262 - INFO - Processed frame frame_0105.jpg: neutral
2025-05-25 17:55:57,375 - INFO - Processed frame frame_0106.jpg: neutral
2025-05-25 17:55:57,482 - INFO - Processed frame frame_0107.jpg: neutral
2025-05-25 17:55:57,594 - INFO - Processed frame frame_0108.jpg: neutral
2025-05-25 17:55:57,707 - INFO - Processed frame frame_0109.jpg: neutral
2025-05-25 17:55:58,028 - INFO - Processed frame frame_0112.jpg: neutral
2025-05-25 17:55:58,143 - INFO - Processed frame frame_0113.jpg: neutral
2025-05-25 17:55:58,467 - INFO - Processed frame frame_0116.jpg: neutral
2025-05-25 17:55:58,582 - INFO - Processed frame frame_0117.jpg: dump
2025-05-25 17:55:58,686 - INFO - Processed frame frame_0118.jpg: neutral
2025-05-25 17:55:58,800 - INFO - Processed frame frame_0119.jpg: neutral
2025-05-25 17:55:58,923 - INFO - Processed frame frame_0120.jpg: neutral
2025-05-25 17:55:59,175 - INFO - Processed frame frame_0122.jpg: neutral
2025-05-25 17:55:59,290 - INFO - Processed frame frame_0123.jpg: neutral
2025-05-25 17:55:59,398 - INFO - Processed frame frame_0124.jpg: neutral
2025-05-25 17:55:59,837 - INFO - Processed frame frame_0128.jpg: neutral
2025-05-25 17:56:00,054 - INFO - Processed frame frame_0130.jpg: scoop
2025-05-25 17:56:00,259 - INFO - Processed frame frame_0132.jpg: scoop
2025-05-25 17:56:00,364 - INFO - Processed frame frame_0133.jpg: neutral
2025-05-25 17:56:00,480 - INFO - Processed frame frame_0134.jpg: neutral
2025-05-25 17:56:00,590 - INFO - Processed frame frame_0135.jpg: neutral
2025-05-25 17:56:00,706 - INFO - Processed frame frame_0136.jpg: neutral
2025-05-25 17:56:01,527 - INFO - Processed frame frame_0144.jpg: neutral
2025-05-25 17:56:01,637 - INFO - Processed frame frame_0145.jpg: neutral
2025-05-25 17:56:01,956 - INFO - Processed frame frame_0148.jpg: neutral
2025-05-25 17:56:02,074 - INFO - Processed frame frame_0149.jpg: dump
2025-05-25 17:56:02,189 - INFO - Processed frame frame_0150.jpg: dump
2025-05-25 17:56:02,292 - INFO - Processed frame frame_0151.jpg: dump
2025-05-25 17:56:02,393 - INFO - Processed frame frame_0152.jpg: neutral
2025-05-25 17:56:02,507 - INFO - Processed frame frame_0153.jpg: neutral
2025-05-25 17:56:02,618 - INFO - Processed frame frame_0154.jpg: neutral
2025-05-25 17:56:02,835 - INFO - Processed frame frame_0156.jpg: neutral
2025-05-25 17:56:02,945 - INFO - Processed frame frame_0157.jpg: neutral
2025-05-25 17:56:03,263 - INFO - Processed frame frame_0160.jpg: dump
2025-05-25 17:56:03,376 - INFO - Processed frame frame_0161.jpg: neutral
2025-05-25 17:56:03,799 - INFO - Processed frame frame_0165.jpg: neutral
2025-05-25 17:56:03,910 - INFO - Processed frame frame_0166.jpg: neutral
2025-05-25 17:56:04,020 - INFO - Processed frame frame_0167.jpg: neutral
2025-05-25 17:56:04,154 - INFO - Processed frame frame_0168.jpg: neutral
2025-05-25 17:56:04,269 - INFO - Processed frame frame_0169.jpg: neutral
2025-05-25 17:56:04,567 - INFO - Processed frame frame_0172.jpg: neutral
2025-05-25 17:56:04,682 - INFO - Processed frame frame_0173.jpg: neutral
2025-05-25 17:56:04,793 - INFO - Processed frame frame_0174.jpg: dump
2025-05-25 17:56:04,897 - INFO - Processed frame frame_0175.jpg: neutral
2025-05-25 17:56:05,217 - INFO - Processed frame frame_0178.jpg: dump
2025-05-25 17:56:05,329 - INFO - Processed frame frame_0179.jpg: neutral
2025-05-25 17:56:06,274 - INFO - Processed frame frame_0188.jpg: neutral
2025-05-25 17:56:06,695 - INFO - Processed frame frame_0192.jpg: neutral
2025-05-25 17:56:06,808 - INFO - Processed frame frame_0193.jpg: neutral
2025-05-25 17:56:07,125 - INFO - Processed frame frame_0196.jpg: neutral
2025-05-25 17:56:07,234 - INFO - Processed frame frame_0197.jpg: neutral
2025-05-25 17:56:07,348 - INFO - Processed frame frame_0198.jpg: neutral
2025-05-25 17:56:07,453 - INFO - Processed frame frame_0199.jpg: neutral
2025-05-25 17:56:07,573 - INFO - Processed frame frame_0200.jpg: neutral
2025-05-25 17:56:08,399 - INFO - Processed frame frame_0208.jpg: neutral
2025-05-25 17:56:08,513 - INFO - Processed frame frame_0209.jpg: neutral
2025-05-25 17:56:08,628 - INFO - Processed frame frame_0210.jpg: neutral
2025-05-25 17:56:08,740 - INFO - Processed frame frame_0211.jpg: neutral
2025-05-25 17:56:09,247 - INFO - Processed frame frame_0216.jpg: neutral
2025-05-25 17:56:09,359 - INFO - Processed frame frame_0217.jpg: neutral
2025-05-25 17:56:09,463 - INFO - Processed frame frame_0218.jpg: dump
2025-05-25 17:56:09,576 - INFO - Processed frame frame_0219.jpg: neutral
2025-05-25 17:56:10,271 - INFO - Processed frame frame_0226.jpg: neutral
2025-05-25 17:56:10,372 - INFO - Processed frame frame_0227.jpg: neutral
2025-05-25 17:56:10,487 - INFO - Processed frame frame_0228.jpg: neutral
2025-05-25 17:56:10,600 - INFO - Processed frame frame_0229.jpg: neutral
2025-05-25 17:56:10,712 - INFO - Processed frame frame_0230.jpg: neutral
2025-05-25 17:56:10,819 - INFO - Processed frame frame_0231.jpg: neutral
2025-05-25 17:56:10,927 - INFO - Processed frame frame_0232.jpg: neutral
2025-05-25 17:56:11,041 - INFO - Processed frame frame_0233.jpg: neutral
2025-05-25 17:56:11,152 - INFO - Processed frame frame_0234.jpg: neutral
2025-05-25 17:56:11,263 - INFO - Processed frame frame_0235.jpg: neutral
2025-05-25 17:56:11,372 - INFO - Processed frame frame_0236.jpg: neutral
2025-05-25 17:56:11,485 - INFO - Processed frame frame_0237.jpg: neutral
2025-05-25 17:56:11,598 - INFO - Processed frame frame_0238.jpg: dump
2025-05-25 17:56:11,922 - INFO - Processed frame frame_0241.jpg: dump
2025-05-25 17:56:12,036 - INFO - Processed frame frame_0242.jpg: neutral
2025-05-25 17:56:12,164 - INFO - Processed frame frame_0243.jpg: neutral
2025-05-25 17:56:12,586 - INFO - Processed frame frame_0247.jpg: neutral
2025-05-25 17:56:12,787 - INFO - Processed frame frame_0249.jpg: neutral
2025-05-25 17:56:12,887 - INFO - Processed frame frame_0250.jpg: dump
2025-05-25 17:56:12,995 - INFO - Processed frame frame_0251.jpg: neutral
2025-05-25 17:56:13,112 - INFO - Processed frame frame_0252.jpg: neutral
2025-05-25 17:56:13,227 - INFO - Processed frame frame_0253.jpg: dump
2025-05-25 17:56:13,333 - INFO - Processed frame frame_0254.jpg: neutral
2025-05-25 17:56:13,440 - INFO - Processed frame frame_0255.jpg: neutral
2025-05-25 17:56:13,554 - INFO - Processed frame frame_0256.jpg: neutral
2025-05-25 17:56:13,661 - INFO - Processed frame frame_0257.jpg: neutral
2025-05-25 17:56:13,772 - INFO - Processed frame frame_0258.jpg: dump
2025-05-25 17:56:13,876 - INFO - Processed frame frame_0259.jpg: dump
2025-05-25 17:56:13,979 - INFO - Processed frame frame_0260.jpg: dump
2025-05-25 17:56:14,094 - INFO - Processed frame frame_0261.jpg: neutral
2025-05-25 17:56:14,201 - INFO - Processed frame frame_0262.jpg: dump
2025-05-25 17:56:14,314 - INFO - Processed frame frame_0263.jpg: neutral
2025-05-25 17:56:14,423 - INFO - Processed frame frame_0264.jpg: neutral
2025-05-25 17:56:14,536 - INFO - Processed frame frame_0265.jpg: neutral
2025-05-25 17:56:14,647 - INFO - Processed frame frame_0266.jpg: neutral
2025-05-25 17:56:14,760 - INFO - Processed frame frame_0267.jpg: neutral
2025-05-25 17:56:14,870 - INFO - Processed frame frame_0268.jpg: neutral
2025-05-25 17:56:14,987 - INFO - Processed frame frame_0269.jpg: neutral
2025-05-25 17:56:15,090 - INFO - Processed frame frame_0270.jpg: neutral
2025-05-25 17:56:15,205 - INFO - Processed frame frame_0271.jpg: neutral
2025-05-25 17:56:15,314 - INFO - Processed frame frame_0272.jpg: neutral
2025-05-25 17:56:15,321 - INFO - Processed frame frame_0272.jpg: dump
2025-05-25 17:56:15,432 - INFO - Processed frame frame_0273.jpg: neutral
2025-05-25 17:56:15,532 - INFO - Processed frame frame_0274.jpg: neutral
2025-05-25 17:56:15,647 - INFO - Processed frame frame_0275.jpg: neutral
2025-05-25 17:56:15,763 - INFO - Processed frame frame_0276.jpg: neutral
2025-05-25 17:56:15,876 - INFO - Processed frame frame_0277.jpg: neutral
2025-05-25 17:56:15,995 - INFO - Processed frame frame_0278.jpg: neutral
2025-05-25 17:56:16,098 - INFO - Processed frame frame_0279.jpg: neutral
2025-05-25 17:56:16,337 - INFO - Processed frame frame_0281.jpg: neutral
2025-05-25 17:56:16,448 - INFO - Processed frame frame_0282.jpg: dump
2025-05-25 17:56:16,563 - INFO - Processed frame frame_0283.jpg: neutral
2025-05-25 17:56:16,677 - INFO - Processed frame frame_0284.jpg: neutral
2025-05-25 17:56:16,789 - INFO - Processed frame frame_0285.jpg: dump
2025-05-25 17:56:16,898 - INFO - Processed frame frame_0286.jpg: dump
2025-05-25 17:56:17,005 - INFO - Processed frame frame_0287.jpg: dump
2025-05-25 17:56:17,421 - INFO - Processed frame frame_0291.jpg: dump
2025-05-25 17:56:24,081 - INFO - Processed frame frame_0356.jpg: neutral
2025-05-25 17:56:24,378 - INFO - Processed frame frame_0359.jpg: neutral
2025-05-25 17:56:26,145 - INFO - Processed frame frame_0376.jpg: neutral
2025-05-25 17:56:26,250 - INFO - Processed frame frame_0377.jpg: neutral
2025-05-25 17:56:27,388 - INFO - Processed frame frame_0388.jpg: neutral
2025-05-25 17:56:30,308 - INFO - Processed frame frame_0415.jpg: neutral
2025-05-25 17:56:43,204 - INFO - Processed frame frame_0540.jpg: dump
2025-05-25 17:56:43,318 - INFO - Processed frame frame_0541.jpg: dump
2025-05-25 17:56:43,429 - INFO - Processed frame frame_0542.jpg: neutral
2025-05-25 17:56:43,542 - INFO - Processed frame frame_0543.jpg: neutral
2025-05-25 17:56:43,652 - INFO - Processed frame frame_0544.jpg: neutral
2025-05-25 17:56:43,762 - INFO - Processed frame frame_0545.jpg: neutral
2025-05-25 17:56:43,872 - INFO - Processed frame frame_0546.jpg: neutral
2025-05-25 17:56:43,974 - INFO - Processed frame frame_0547.jpg: neutral
2025-05-25 17:56:44,085 - INFO - Processed frame frame_0548.jpg: neutral
2025-05-25 17:56:44,186 - INFO - Processed frame frame_0549.jpg: dump
2025-05-25 17:56:44,294 - INFO - Processed frame frame_0550.jpg: dump
2025-05-25 17:56:44,407 - INFO - Processed frame frame_0551.jpg: dump
2025-05-25 17:56:44,522 - INFO - Processed frame frame_0552.jpg: neutral
2025-05-25 17:56:44,634 - INFO - Processed frame frame_0553.jpg: neutral
2025-05-25 17:56:44,749 - INFO - Processed frame frame_0554.jpg: neutral
2025-05-25 17:56:44,952 - INFO - Processed frame frame_0556.jpg: neutral
2025-05-25 17:56:45,067 - INFO - Processed frame frame_0557.jpg: neutral
2025-05-25 17:56:45,577 - INFO - Processed frame frame_0562.jpg: neutral
2025-05-25 17:56:45,707 - INFO - Processed frame frame_0563.jpg: neutral
2025-05-25 17:56:45,808 - INFO - Processed frame frame_0564.jpg: neutral
2025-05-25 17:56:45,921 - INFO - Processed frame frame_0565.jpg: neutral
2025-05-25 17:56:46,238 - INFO - Processed frame frame_0568.jpg: neutral
2025-05-25 17:56:46,355 - INFO - Processed frame frame_0569.jpg: neutral
2025-05-25 17:56:46,667 - INFO - Processed frame frame_0572.jpg: neutral
2025-05-25 17:56:46,770 - INFO - Processed frame frame_0573.jpg: neutral
2025-05-25 17:56:46,877 - INFO - Processed frame frame_0574.jpg: dump
2025-05-25 17:56:46,988 - INFO - Processed frame frame_0575.jpg: neutral
2025-05-25 17:56:47,087 - INFO - Processed frame frame_0576.jpg: neutral
2025-05-25 17:56:47,189 - INFO - Processed frame frame_0577.jpg: neutral
2025-05-25 17:56:47,303 - INFO - Processed frame frame_0578.jpg: neutral
2025-05-25 17:56:47,416 - INFO - Processed frame frame_0579.jpg: dump
2025-05-25 17:56:47,841 - INFO - Processed frame frame_0583.jpg: neutral
2025-05-25 17:56:48,165 - INFO - Processed frame frame_0586.jpg: neutral
2025-05-25 17:56:48,271 - INFO - Processed frame frame_0587.jpg: neutral
2025-05-25 17:56:48,384 - INFO - Processed frame frame_0588.jpg: neutral
2025-05-25 17:56:48,499 - INFO - Processed frame frame_0589.jpg: neutral
2025-05-25 17:56:48,614 - INFO - Processed frame frame_0590.jpg: neutral
2025-05-25 17:56:48,727 - INFO - Processed frame frame_0591.jpg: neutral
2025-05-25 17:56:48,839 - INFO - Processed frame frame_0592.jpg: neutral
2025-05-25 17:56:48,948 - INFO - Processed frame frame_0593.jpg: neutral
2025-05-25 17:56:49,058 - INFO - Processed frame frame_0594.jpg: dump
2025-05-25 17:56:49,168 - INFO - Processed frame frame_0595.jpg: dump
2025-05-25 17:56:49,279 - INFO - Processed frame frame_0596.jpg: neutral
2025-05-25 17:56:49,601 - INFO - Processed frame frame_0599.jpg: neutral
2025-05-25 17:56:49,714 - INFO - Processed frame frame_0600.jpg: neutral
2025-05-25 17:56:49,825 - INFO - Processed frame frame_0601.jpg: neutral
2025-05-25 17:56:49,939 - INFO - Processed frame frame_0602.jpg: neutral
2025-05-25 17:56:50,048 - INFO - Processed frame frame_0603.jpg: neutral
2025-05-25 17:56:50,162 - INFO - Processed frame frame_0604.jpg: neutral
2025-05-25 17:56:50,286 - INFO - Processed frame frame_0605.jpg: neutral
2025-05-25 17:56:50,893 - INFO - Processed frame frame_0611.jpg: neutral
2025-05-25 17:56:51,105 - INFO - Processed frame frame_0613.jpg: neutral
2025-05-25 17:56:51,215 - INFO - Processed frame frame_0614.jpg: neutral
2025-05-25 17:56:51,327 - INFO - Processed frame frame_0615.jpg: neutral
2025-05-25 17:56:51,437 - INFO - Processed frame frame_0616.jpg: neutral
2025-05-25 17:56:51,550 - INFO - Processed frame frame_0617.jpg: neutral
2025-05-25 17:56:51,866 - INFO - Processed frame frame_0620.jpg: neutral
2025-05-25 17:56:52,287 - INFO - Processed frame frame_0624.jpg: neutral
2025-05-25 17:56:52,396 - INFO - Processed frame frame_0625.jpg: neutral
2025-05-25 17:56:52,507 - INFO - Processed frame frame_0626.jpg: neutral
2025-05-25 17:56:52,618 - INFO - Processed frame frame_0627.jpg: dump
2025-05-25 17:56:52,726 - INFO - Processed frame frame_0628.jpg: neutral
2025-05-25 17:56:52,836 - INFO - Processed frame frame_0629.jpg: dump
2025-05-25 17:56:52,941 - INFO - Processed frame frame_0630.jpg: neutral
2025-05-25 17:56:53,157 - INFO - Processed frame frame_0632.jpg: neutral
2025-05-25 17:56:53,255 - INFO - Processed frame frame_0633.jpg: neutral
2025-05-25 17:56:53,364 - INFO - Processed frame frame_0634.jpg: neutral
2025-05-25 17:56:53,575 - INFO - Processed frame frame_0636.jpg: neutral
2025-05-25 17:56:53,682 - INFO - Processed frame frame_0637.jpg: neutral
2025-05-25 17:56:53,784 - INFO - Processed frame frame_0638.jpg: neutral
2025-05-25 17:56:53,899 - INFO - Processed frame frame_0639.jpg: dump
2025-05-25 17:56:54,015 - INFO - Processed frame frame_0640.jpg: dump
2025-05-25 17:56:54,134 - INFO - Processed frame frame_0641.jpg: dump
2025-05-25 17:56:54,246 - INFO - Processed frame frame_0642.jpg: dump
2025-05-25 17:56:54,356 - INFO - Processed frame frame_0643.jpg: dump
2025-05-25 17:56:54,459 - INFO - Processed frame frame_0644.jpg: dump
2025-05-25 17:56:54,565 - INFO - Processed frame frame_0645.jpg: dump
2025-05-25 17:56:54,694 - INFO - Processed frame frame_0646.jpg: neutral
2025-05-25 17:56:54,804 - INFO - Processed frame frame_0647.jpg: neutral
2025-05-25 17:56:54,906 - INFO - Processed frame frame_0648.jpg: neutral
2025-05-25 17:56:55,021 - INFO - Processed frame frame_0649.jpg: neutral
2025-05-25 17:56:55,132 - INFO - Processed frame frame_0650.jpg: neutral
2025-05-25 17:56:55,238 - INFO - Processed frame frame_0651.jpg: neutral
2025-05-25 17:56:55,560 - INFO - Processed frame frame_0654.jpg: neutral
2025-05-25 17:56:55,567 - INFO - Processed frame frame_0654.jpg: neutral
2025-05-25 17:56:55,681 - INFO - Processed frame frame_0655.jpg: neutral
2025-05-25 17:56:55,990 - INFO - Processed frame frame_0658.jpg: neutral
2025-05-25 17:56:56,208 - INFO - Processed frame frame_0660.jpg: neutral
2025-05-25 17:56:56,318 - INFO - Processed frame frame_0661.jpg: neutral
2025-05-25 17:56:56,429 - INFO - Processed frame frame_0662.jpg: neutral
2025-05-25 17:56:56,541 - INFO - Processed frame frame_0663.jpg: neutral
2025-05-25 17:56:56,658 - INFO - Processed frame frame_0664.jpg: neutral
2025-05-25 17:56:56,980 - INFO - Processed frame frame_0667.jpg: neutral
2025-05-25 17:56:57,094 - INFO - Processed frame frame_0668.jpg: neutral
2025-05-25 17:56:57,311 - INFO - Processed frame frame_0670.jpg: neutral
2025-05-25 17:56:57,630 - INFO - Processed frame frame_0673.jpg: neutral
2025-05-25 17:56:57,740 - INFO - Processed frame frame_0674.jpg: neutral
2025-05-25 17:56:57,845 - INFO - Processed frame frame_0675.jpg: neutral
2025-05-25 17:56:58,159 - INFO - Processed frame frame_0678.jpg: neutral
2025-05-25 17:56:58,261 - INFO - Processed frame frame_0679.jpg: neutral
2025-05-25 17:56:58,585 - INFO - Processed frame frame_0682.jpg: neutral
2025-05-25 17:56:58,699 - INFO - Processed frame frame_0683.jpg: neutral
2025-05-25 17:56:58,909 - INFO - Processed frame frame_0685.jpg: neutral
2025-05-25 17:56:59,020 - INFO - Processed frame frame_0686.jpg: neutral
2025-05-25 17:56:59,226 - INFO - Processed frame frame_0688.jpg: neutral
2025-05-25 17:56:59,342 - INFO - Processed frame frame_0689.jpg: neutral
2025-05-25 17:56:59,453 - INFO - Processed frame frame_0690.jpg: neutral
2025-05-25 17:56:59,781 - INFO - Processed frame frame_0693.jpg: neutral
2025-05-25 17:57:00,411 - INFO - Processed frame frame_0699.jpg: neutral
2025-05-25 17:57:00,511 - INFO - Processed frame frame_0700.jpg: neutral
2025-05-25 17:57:00,626 - INFO - Processed frame frame_0701.jpg: dump
2025-05-25 17:57:00,741 - INFO - Processed frame frame_0702.jpg: neutral
2025-05-25 17:57:00,841 - INFO - Processed frame frame_0703.jpg: neutral
2025-05-25 17:57:01,051 - INFO - Processed frame frame_0705.jpg: neutral
2025-05-25 17:57:01,166 - INFO - Processed frame frame_0706.jpg: dump
2025-05-25 17:57:01,278 - INFO - Processed frame frame_0707.jpg: neutral
2025-05-25 17:57:01,387 - INFO - Processed frame frame_0708.jpg: dump
2025-05-25 17:57:01,497 - INFO - Processed frame frame_0709.jpg: dump
2025-05-25 17:57:01,611 - INFO - Processed frame frame_0710.jpg: dump
2025-05-25 17:57:01,729 - INFO - Processed frame frame_0711.jpg: neutral
2025-05-25 17:57:01,842 - INFO - Processed frame frame_0712.jpg: neutral
2025-05-25 17:57:01,956 - INFO - Processed frame frame_0713.jpg: dump
2025-05-25 17:57:02,067 - INFO - Processed frame frame_0714.jpg: neutral
2025-05-25 17:57:02,185 - INFO - Processed frame frame_0715.jpg: neutral
2025-05-25 17:57:02,330 - INFO - Processed frame frame_0716.jpg: dump
2025-05-25 17:57:02,665 - INFO - Processed frame frame_0719.jpg: neutral
2025-05-25 17:57:02,779 - INFO - Processed frame frame_0720.jpg: neutral
2025-05-25 17:57:02,894 - INFO - Processed frame frame_0721.jpg: dump
2025-05-25 17:57:02,992 - INFO - Processed frame frame_0722.jpg: dump
2025-05-25 17:57:03,108 - INFO - Processed frame frame_0723.jpg: neutral
2025-05-25 17:57:03,219 - INFO - Processed frame frame_0724.jpg: neutral
2025-05-25 17:57:03,516 - INFO - Processed frame frame_0727.jpg: dump
2025-05-25 17:57:03,620 - INFO - Processed frame frame_0728.jpg: neutral
2025-05-25 17:57:03,736 - INFO - Processed frame frame_0729.jpg: neutral
2025-05-25 17:57:03,950 - INFO - Processed frame frame_0731.jpg: neutral
2025-05-25 17:57:04,061 - INFO - Processed frame frame_0732.jpg: neutral
2025-05-25 17:57:04,474 - INFO - Processed frame frame_0736.jpg: neutral
2025-05-25 17:57:04,585 - INFO - Processed frame frame_0737.jpg: neutral
2025-05-25 17:57:04,906 - INFO - Processed frame frame_0740.jpg: neutral
2025-05-25 17:57:05,122 - INFO - Processed frame frame_0742.jpg: dump
2025-05-25 17:57:05,236 - INFO - Processed frame frame_0743.jpg: dump
2025-05-25 17:57:05,349 - INFO - Processed frame frame_0744.jpg: dump
2025-05-25 17:57:05,460 - INFO - Processed frame frame_0745.jpg: dump
2025-05-25 17:57:05,576 - INFO - Processed frame frame_0746.jpg: neutral
2025-05-25 17:57:05,882 - INFO - Processed frame frame_0749.jpg: neutral
2025-05-25 17:57:06,104 - INFO - Processed frame frame_0751.jpg: neutral
2025-05-25 17:57:06,420 - INFO - Processed frame frame_0754.jpg: neutral
2025-05-25 17:57:07,270 - INFO - Processed frame frame_0762.jpg: neutral
2025-05-25 17:57:07,382 - INFO - Processed frame frame_0763.jpg: neutral
2025-05-25 17:57:07,497 - INFO - Processed frame frame_0764.jpg: neutral
2025-05-25 17:57:07,613 - INFO - Processed frame frame_0765.jpg: neutral
2025-05-25 17:57:07,931 - INFO - Processed frame frame_0768.jpg: neutral
2025-05-25 17:57:08,039 - INFO - Processed frame frame_0769.jpg: neutral
2025-05-25 17:57:08,150 - INFO - Processed frame frame_0770.jpg: scoop
2025-05-25 17:57:08,362 - INFO - Processed frame frame_0772.jpg: scoop
2025-05-25 17:57:08,459 - INFO - Processed frame frame_0773.jpg: neutral
2025-05-25 17:57:08,571 - INFO - Processed frame frame_0774.jpg: neutral
2025-05-25 17:57:08,683 - INFO - Processed frame frame_0775.jpg: neutral
2025-05-25 17:57:08,798 - INFO - Processed frame frame_0776.jpg: neutral
2025-05-25 17:57:09,314 - INFO - Processed frame frame_0781.jpg: neutral
2025-05-25 17:57:09,421 - INFO - Processed frame frame_0782.jpg: dump
2025-05-25 17:57:09,534 - INFO - Processed frame frame_0783.jpg: dump
2025-05-25 17:57:09,649 - INFO - Processed frame frame_0784.jpg: dump
2025-05-25 17:57:09,762 - INFO - Processed frame frame_0785.jpg: dump
2025-05-25 17:57:09,875 - INFO - Processed frame frame_0786.jpg: neutral
2025-05-25 17:57:10,079 - INFO - Processed frame frame_0788.jpg: neutral
2025-05-25 17:57:10,188 - INFO - Processed frame frame_0789.jpg: neutral
2025-05-25 17:57:10,299 - INFO - Processed frame frame_0790.jpg: dump
2025-05-25 17:57:10,412 - INFO - Processed frame frame_0791.jpg: neutral
2025-05-25 17:57:10,525 - INFO - Processed frame frame_0792.jpg: neutral
2025-05-25 17:57:10,637 - INFO - Processed frame frame_0793.jpg: neutral
2025-05-25 17:57:10,747 - INFO - Processed frame frame_0794.jpg: neutral
2025-05-25 17:57:10,865 - INFO - Processed frame frame_0795.jpg: neutral
2025-05-25 17:57:10,965 - INFO - Processed frame frame_0796.jpg: neutral
2025-05-25 17:57:11,082 - INFO - Processed frame frame_0797.jpg: neutral
2025-05-25 17:57:11,196 - INFO - Processed frame frame_0798.jpg: neutral
2025-05-25 17:57:11,308 - INFO - Processed frame frame_0799.jpg: neutral
2025-05-25 17:57:11,424 - INFO - Processed frame frame_0800.jpg: neutral
2025-05-25 17:57:11,549 - INFO - Processed frame frame_0801.jpg: dump
2025-05-25 17:57:11,662 - INFO - Processed frame frame_0802.jpg: neutral
2025-05-25 17:57:11,770 - INFO - Processed frame frame_0803.jpg: dump
2025-05-25 17:57:11,880 - INFO - Processed frame frame_0804.jpg: neutral
2025-05-25 17:57:12,605 - INFO - Processed frame frame_0811.jpg: neutral
2025-05-25 17:57:12,810 - INFO - Processed frame frame_0813.jpg: neutral
2025-05-25 17:57:12,920 - INFO - Processed frame frame_0814.jpg: neutral
2025-05-25 17:57:13,235 - INFO - Processed frame frame_0817.jpg: scoop
2025-05-25 17:57:13,341 - INFO - Processed frame frame_0818.jpg: neutral
2025-05-25 17:57:13,457 - INFO - Processed frame frame_0819.jpg: dump
2025-05-25 17:57:13,566 - INFO - Processed frame frame_0820.jpg: dump
2025-05-25 17:57:13,682 - INFO - Processed frame frame_0821.jpg: neutral
2025-05-25 17:57:13,792 - INFO - Processed frame frame_0822.jpg: neutral
2025-05-25 17:57:13,901 - INFO - Processed frame frame_0823.jpg: dump
2025-05-25 17:57:14,011 - INFO - Processed frame frame_0824.jpg: neutral
2025-05-25 17:57:14,222 - INFO - Processed frame frame_0826.jpg: neutral
2025-05-25 17:57:14,332 - INFO - Processed frame frame_0827.jpg: neutral
2025-05-25 17:57:14,444 - INFO - Processed frame frame_0828.jpg: neutral
2025-05-25 17:57:14,557 - INFO - Processed frame frame_0829.jpg: neutral
2025-05-25 17:57:14,978 - INFO - Processed frame frame_0833.jpg: neutral
2025-05-25 17:57:15,096 - INFO - Processed frame frame_0834.jpg: dump
2025-05-25 17:57:15,649 - INFO - Processed frame frame_0839.jpg: scoop
2025-05-25 17:57:15,767 - INFO - Processed frame frame_0840.jpg: dump
2025-05-25 17:57:16,121 - INFO - Processed frame frame_0843.jpg: scoop
2025-05-25 17:57:16,238 - INFO - Processed frame frame_0844.jpg: neutral
2025-05-25 17:57:16,606 - INFO - Processed frame frame_0847.jpg: dump
2025-05-25 17:57:16,727 - INFO - Processed frame frame_0848.jpg: dump
2025-05-25 17:57:16,847 - INFO - Processed frame frame_0849.jpg: neutral
2025-05-25 17:57:16,969 - INFO - Processed frame frame_0850.jpg: neutral
2025-05-25 17:57:17,092 - INFO - Processed frame frame_0851.jpg: dump
2025-05-25 17:57:17,216 - INFO - Processed frame frame_0852.jpg: dump
2025-05-25 17:57:17,338 - INFO - Processed frame frame_0853.jpg: neutral
2025-05-25 17:57:17,459 - INFO - Processed frame frame_0854.jpg: neutral
2025-05-25 17:57:17,579 - INFO - Processed frame frame_0855.jpg: neutral
2025-05-25 17:57:18,883 - INFO - Video processing completed
2025-05-25 18:09:50,033 - INFO - Device updated to cpu
2025-05-25 18:09:50,192 - INFO - YOLO model loaded successfully
2025-05-25 18:09:50,193 - INFO - CNN model disabled until architecture is provided
2025-05-25 18:10:05,777 - INFO - Selected video: C:/Users/Lev/Desktop/covsh/test/videos/7.mp4
2025-05-25 18:10:25,113 - INFO - Video split into frames in data/frames
2025-05-25 18:10:27,742 - INFO - Processed frame frame_0009.jpg: bucket, conf: 0.73
2025-05-25 18:10:28,470 - INFO - Processed frame frame_0016.jpg: bucket, conf: 0.46
2025-05-25 18:10:28,787 - INFO - Processed frame frame_0019.jpg: bucket, conf: 0.88
2025-05-25 18:10:28,888 - INFO - Processed frame frame_0020.jpg: bucket, conf: 0.86
2025-05-25 18:10:28,996 - INFO - Processed frame frame_0021.jpg: bucket, conf: 0.48
2025-05-25 18:10:29,418 - INFO - Processed frame frame_0025.jpg: bucket, conf: 0.32
2025-05-25 18:10:30,987 - INFO - Processed frame frame_0040.jpg: bucket, conf: 0.71
2025-05-25 18:10:31,089 - INFO - Processed frame frame_0041.jpg: bucket, conf: 0.67
2025-05-25 18:10:31,404 - INFO - Processed frame frame_0044.jpg: bucket, conf: 0.63
2025-05-25 18:10:32,357 - INFO - Processed frame frame_0053.jpg: bucket, conf: 0.57
2025-05-25 18:10:32,463 - INFO - Processed frame frame_0054.jpg: bucket, conf: 0.43
2025-05-25 18:10:32,573 - INFO - Processed frame frame_0055.jpg: bucket, conf: 0.50
2025-05-25 18:10:32,681 - INFO - Processed frame frame_0056.jpg: bucket, conf: 0.69
2025-05-25 18:10:33,016 - INFO - Processed frame frame_0059.jpg: bucket, conf: 0.27
2025-05-25 18:10:33,751 - INFO - Processed frame frame_0066.jpg: bucket, conf: 0.83
2025-05-25 18:10:33,865 - INFO - Processed frame frame_0067.jpg: bucket, conf: 0.90
2025-05-25 18:10:33,972 - INFO - Processed frame frame_0068.jpg: bucket, conf: 0.83
2025-05-25 18:10:34,506 - INFO - Processed frame frame_0073.jpg: bucket, conf: 0.79
2025-05-25 18:10:35,039 - INFO - Processed frame frame_0078.jpg: bucket, conf: 0.75
2025-05-25 18:10:35,143 - INFO - Processed frame frame_0079.jpg: bucket, conf: 0.66
2025-05-25 18:10:35,251 - INFO - Processed frame frame_0080.jpg: bucket, conf: 0.31
2025-05-25 18:10:35,357 - INFO - Processed frame frame_0081.jpg: bucket, conf: 0.84
2025-05-25 18:10:35,570 - INFO - Processed frame frame_0083.jpg: bucket, conf: 0.32
2025-05-25 18:10:35,785 - INFO - Processed frame frame_0085.jpg: bucket, conf: 0.81
2025-05-25 18:10:35,994 - INFO - Processed frame frame_0087.jpg: bucket, conf: 0.55
2025-05-25 18:10:36,631 - INFO - Processed frame frame_0093.jpg: bucket, conf: 0.68
2025-05-25 18:10:36,950 - INFO - Processed frame frame_0096.jpg: bucket, conf: 0.85
2025-05-25 18:10:37,057 - INFO - Processed frame frame_0097.jpg: bucket, conf: 0.89
2025-05-25 18:10:37,477 - INFO - Processed frame frame_0101.jpg: bucket, conf: 0.42
2025-05-25 18:10:37,586 - INFO - Processed frame frame_0102.jpg: bucket, conf: 0.66
2025-05-25 18:10:37,693 - INFO - Processed frame frame_0103.jpg: bucket, conf: 0.76
2025-05-25 18:10:38,014 - INFO - Processed frame frame_0106.jpg: bucket, conf: 0.83
2025-05-25 18:10:38,124 - INFO - Processed frame frame_0107.jpg: bucket, conf: 0.87
2025-05-25 18:10:38,227 - INFO - Processed frame frame_0108.jpg: bucket, conf: 0.85
2025-05-25 18:10:38,359 - INFO - Processed frame frame_0109.jpg: bucket, conf: 0.87
2025-05-25 18:10:38,462 - INFO - Processed frame frame_0110.jpg: bucket, conf: 0.89
2025-05-25 18:10:38,567 - INFO - Processed frame frame_0111.jpg: bucket, conf: 0.87
2025-05-25 18:10:38,666 - INFO - Processed frame frame_0112.jpg: bucket, conf: 0.84
2025-05-25 18:10:38,770 - INFO - Processed frame frame_0113.jpg: bucket, conf: 0.88
2025-05-25 18:10:38,864 - INFO - Processed frame frame_0114.jpg: bucket, conf: 0.88
2025-05-25 18:10:38,967 - INFO - Processed frame frame_0115.jpg: bucket, conf: 0.87
2025-05-25 18:10:39,074 - INFO - Processed frame frame_0116.jpg: bucket, conf: 0.83
2025-05-25 18:10:39,504 - INFO - Processed frame frame_0120.jpg: bucket, conf: 0.30
2025-05-25 18:10:39,717 - INFO - Processed frame frame_0122.jpg: bucket, conf: 0.61
2025-05-25 18:10:40,136 - INFO - Processed frame frame_0126.jpg: bucket, conf: 0.84
2025-05-25 18:10:40,243 - INFO - Processed frame frame_0127.jpg: bucket, conf: 0.82
2025-05-25 18:10:40,561 - INFO - Processed frame frame_0130.jpg: bucket, conf: 0.31
2025-05-25 18:10:40,670 - INFO - Processed frame frame_0131.jpg: bucket, conf: 0.35
2025-05-25 18:10:40,777 - INFO - Processed frame frame_0132.jpg: bucket, conf: 0.78
2025-05-25 18:10:40,884 - INFO - Processed frame frame_0133.jpg: bucket, conf: 0.53
2025-05-25 18:10:41,089 - INFO - Processed frame frame_0135.jpg: bucket, conf: 0.48
2025-05-25 18:10:41,198 - INFO - Processed frame frame_0136.jpg: bucket, conf: 0.88
2025-05-25 18:10:41,303 - INFO - Processed frame frame_0137.jpg: bucket, conf: 0.88
2025-05-25 18:10:41,411 - INFO - Processed frame frame_0138.jpg: bucket, conf: 0.72
2025-05-25 18:10:42,042 - INFO - Processed frame frame_0144.jpg: bucket, conf: 0.31
2025-05-25 18:10:42,150 - INFO - Processed frame frame_0145.jpg: bucket, conf: 0.51
2025-05-25 18:10:42,572 - INFO - Processed frame frame_0149.jpg: bucket, conf: 0.87
2025-05-25 18:10:42,699 - INFO - Processed frame frame_0150.jpg: bucket, conf: 0.50
2025-05-25 18:10:43,115 - INFO - Processed frame frame_0154.jpg: bucket, conf: 0.79
2025-05-25 18:10:43,326 - INFO - Processed frame frame_0156.jpg: bucket, conf: 0.54
2025-05-25 18:10:43,435 - INFO - Processed frame frame_0157.jpg: bucket, conf: 0.74
2025-05-25 18:10:43,544 - INFO - Processed frame frame_0158.jpg: bucket, conf: 0.85
2025-05-25 18:10:43,653 - INFO - Processed frame frame_0159.jpg: bucket, conf: 0.53
2025-05-25 18:10:43,869 - INFO - Processed frame frame_0161.jpg: bucket, conf: 0.58
2025-05-25 18:10:44,081 - INFO - Processed frame frame_0163.jpg: bucket, conf: 0.50
2025-05-25 18:10:44,826 - INFO - Processed frame frame_0170.jpg: bucket, conf: 0.28
2025-05-25 18:10:45,138 - INFO - Processed frame frame_0173.jpg: bucket, conf: 0.48
2025-05-25 18:10:45,346 - INFO - Processed frame frame_0175.jpg: bucket, conf: 0.76
2025-05-25 18:10:45,451 - INFO - Processed frame frame_0176.jpg: bucket, conf: 0.79
2025-05-25 18:10:45,869 - INFO - Processed frame frame_0180.jpg: bucket, conf: 0.68
2025-05-25 18:10:45,972 - INFO - Processed frame frame_0181.jpg: bucket, conf: 0.72
2025-05-25 18:10:46,074 - INFO - Processed frame frame_0182.jpg: bucket, conf: 0.80
2025-05-25 18:10:46,183 - INFO - Processed frame frame_0183.jpg: bucket, conf: 0.79
2025-05-25 18:10:46,608 - INFO - Processed frame frame_0187.jpg: bucket, conf: 0.61
2025-05-25 18:10:47,031 - INFO - Processed frame frame_0191.jpg: bucket, conf: 0.56
2025-05-25 18:10:47,140 - INFO - Processed frame frame_0192.jpg: bucket, conf: 0.46
2025-05-25 18:10:47,235 - INFO - Processed frame frame_0193.jpg: bucket, conf: 0.84
2025-05-25 18:10:47,344 - INFO - Processed frame frame_0194.jpg: bucket, conf: 0.83
2025-05-25 18:10:47,770 - INFO - Processed frame frame_0198.jpg: bucket, conf: 0.67
2025-05-25 18:10:47,877 - INFO - Processed frame frame_0199.jpg: bucket, conf: 0.89
2025-05-25 18:10:48,222 - INFO - Processed frame frame_0202.jpg: bucket, conf: 0.25
2025-05-25 18:10:48,551 - INFO - Processed frame frame_0205.jpg: bucket, conf: 0.84
2025-05-25 18:10:49,181 - INFO - Processed frame frame_0211.jpg: bucket, conf: 0.83
2025-05-25 18:10:49,716 - INFO - Processed frame frame_0216.jpg: bucket, conf: 0.88
2025-05-25 18:10:49,923 - INFO - Processed frame frame_0218.jpg: bucket, conf: 0.54
2025-05-25 18:10:50,660 - INFO - Processed frame frame_0225.jpg: bucket, conf: 0.68
2025-05-25 18:10:50,978 - INFO - Processed frame frame_0228.jpg: bucket, conf: 0.52
2025-05-25 18:10:51,819 - INFO - Processed frame frame_0236.jpg: bucket, conf: 0.28
2025-05-25 18:10:51,929 - INFO - Processed frame frame_0237.jpg: bucket, conf: 0.31
2025-05-25 18:10:52,146 - INFO - Processed frame frame_0239.jpg: bucket, conf: 0.85
2025-05-25 18:10:52,253 - INFO - Processed frame frame_0240.jpg: bucket, conf: 0.45
2025-05-25 18:10:52,574 - INFO - Processed frame frame_0243.jpg: bucket, conf: 0.48
2025-05-25 18:10:52,676 - INFO - Processed frame frame_0244.jpg: bucket, conf: 0.59
2025-05-25 18:10:52,999 - INFO - Processed frame frame_0247.jpg: bucket, conf: 0.76
2025-05-25 18:10:53,651 - INFO - Processed frame frame_0253.jpg: bucket, conf: 0.82
2025-05-25 18:10:53,754 - INFO - Processed frame frame_0254.jpg: bucket, conf: 0.58
2025-05-25 18:10:54,379 - INFO - Processed frame frame_0260.jpg: bucket, conf: 0.64
2025-05-25 18:10:54,907 - INFO - Processed frame frame_0265.jpg: bucket, conf: 0.89
2025-05-25 18:10:54,907 - INFO - Processed frame frame_0265.jpg: bucket, conf: 0.36
2025-05-25 18:10:55,016 - INFO - Processed frame frame_0266.jpg: bucket, conf: 0.69
2025-05-25 18:10:55,445 - INFO - Processed frame frame_0270.jpg: bucket, conf: 0.25
2025-05-25 18:10:55,663 - INFO - Processed frame frame_0272.jpg: bucket, conf: 0.25
2025-05-25 18:10:56,297 - INFO - Processed frame frame_0278.jpg: bucket, conf: 0.65
2025-05-25 18:10:56,407 - INFO - Processed frame frame_0279.jpg: bucket, conf: 0.85
2025-05-25 18:10:56,512 - INFO - Processed frame frame_0280.jpg: bucket, conf: 0.58
2025-05-25 18:10:56,827 - INFO - Processed frame frame_0283.jpg: bucket, conf: 0.75
2025-05-25 18:10:56,935 - INFO - Processed frame frame_0284.jpg: bucket, conf: 0.76
2025-05-25 18:10:57,043 - INFO - Processed frame frame_0285.jpg: bucket, conf: 0.88
2025-05-25 18:10:57,148 - INFO - Processed frame frame_0286.jpg: bucket, conf: 0.40
2025-05-25 18:10:57,148 - INFO - Processed frame frame_0286.jpg: bucket, conf: 0.39
2025-05-25 18:10:57,256 - INFO - Processed frame frame_0287.jpg: bucket, conf: 0.67
2025-05-25 18:10:57,365 - INFO - Processed frame frame_0288.jpg: bucket, conf: 0.78
2025-05-25 18:10:57,466 - INFO - Processed frame frame_0289.jpg: bucket, conf: 0.83
2025-05-25 18:10:57,569 - INFO - Processed frame frame_0290.jpg: bucket, conf: 0.76
2025-05-25 18:10:57,775 - INFO - Processed frame frame_0292.jpg: bucket, conf: 0.89
2025-05-25 18:10:57,880 - INFO - Processed frame frame_0293.jpg: bucket, conf: 0.76
2025-05-25 18:10:57,986 - INFO - Processed frame frame_0294.jpg: bucket, conf: 0.81
2025-05-25 18:10:58,301 - INFO - Processed frame frame_0297.jpg: bucket, conf: 0.66
2025-05-25 18:10:58,402 - INFO - Processed frame frame_0298.jpg: bucket, conf: 0.50
2025-05-25 18:10:58,506 - INFO - Processed frame frame_0299.jpg: bucket, conf: 0.61
2025-05-25 18:10:58,613 - INFO - Processed frame frame_0300.jpg: bucket, conf: 0.79
2025-05-25 18:10:58,719 - INFO - Processed frame frame_0301.jpg: bucket, conf: 0.36
2025-05-25 18:10:59,043 - INFO - Processed frame frame_0304.jpg: bucket, conf: 0.46
2025-05-25 18:10:59,786 - INFO - Processed frame frame_0311.jpg: bucket, conf: 0.55
2025-05-25 18:11:00,308 - INFO - Processed frame frame_0316.jpg: bucket, conf: 0.26
2025-05-25 18:11:00,417 - INFO - Processed frame frame_0317.jpg: bucket, conf: 0.57
2025-05-25 18:11:00,526 - INFO - Processed frame frame_0318.jpg: bucket, conf: 0.81
2025-05-25 18:11:00,843 - INFO - Processed frame frame_0321.jpg: bucket, conf: 0.33
2025-05-25 18:11:00,951 - INFO - Processed frame frame_0322.jpg: bucket, conf: 0.44
2025-05-25 18:11:01,376 - INFO - Processed frame frame_0326.jpg: bucket, conf: 0.66
2025-05-25 18:11:01,483 - INFO - Processed frame frame_0327.jpg: bucket, conf: 0.33
2025-05-25 18:11:01,698 - INFO - Processed frame frame_0329.jpg: bucket, conf: 0.81
2025-05-25 18:11:01,806 - INFO - Processed frame frame_0330.jpg: bucket, conf: 0.85
2025-05-25 18:11:02,016 - INFO - Processed frame frame_0332.jpg: bucket, conf: 0.42
2025-05-25 18:11:02,229 - INFO - Processed frame frame_0334.jpg: bucket, conf: 0.66
2025-05-25 18:11:02,330 - INFO - Processed frame frame_0335.jpg: bucket, conf: 0.43
2025-05-25 18:11:02,755 - INFO - Processed frame frame_0339.jpg: bucket, conf: 0.84
2025-05-25 18:11:03,288 - INFO - Processed frame frame_0344.jpg: bucket, conf: 0.76
2025-05-25 18:11:03,396 - INFO - Processed frame frame_0345.jpg: bucket, conf: 0.31
2025-05-25 18:11:04,362 - INFO - Processed frame frame_0354.jpg: bucket, conf: 0.68
2025-05-25 18:11:05,101 - INFO - Processed frame frame_0361.jpg: bucket, conf: 0.44
2025-05-25 18:11:05,206 - INFO - Processed frame frame_0362.jpg: bucket, conf: 0.40
2025-05-25 18:11:05,625 - INFO - Processed frame frame_0366.jpg: bucket, conf: 0.88
2025-05-25 18:11:06,368 - INFO - Processed frame frame_0373.jpg: bucket, conf: 0.67
2025-05-25 18:11:06,477 - INFO - Processed frame frame_0374.jpg: bucket, conf: 0.54
2025-05-25 18:11:06,582 - INFO - Processed frame frame_0375.jpg: bucket, conf: 0.71
2025-05-25 18:11:06,689 - INFO - Processed frame frame_0376.jpg: bucket, conf: 0.84
2025-05-25 18:11:06,795 - INFO - Processed frame frame_0377.jpg: bucket, conf: 0.62
2025-05-25 18:11:06,900 - INFO - Processed frame frame_0378.jpg: bucket, conf: 0.69
2025-05-25 18:11:07,008 - INFO - Processed frame frame_0379.jpg: bucket, conf: 0.84
2025-05-25 18:11:07,115 - INFO - Processed frame frame_0380.jpg: bucket, conf: 0.79
2025-05-25 18:11:07,220 - INFO - Processed frame frame_0381.jpg: bucket, conf: 0.25
2025-05-25 18:11:07,329 - INFO - Processed frame frame_0382.jpg: bucket, conf: 0.38
2025-05-25 18:11:07,432 - INFO - Processed frame frame_0383.jpg: bucket, conf: 0.85
2025-05-25 18:11:07,542 - INFO - Processed frame frame_0384.jpg: bucket, conf: 0.80
2025-05-25 18:11:07,651 - INFO - Processed frame frame_0385.jpg: bucket, conf: 0.83
2025-05-25 18:11:07,861 - INFO - Processed frame frame_0387.jpg: bucket, conf: 0.88
2025-05-25 18:11:07,972 - INFO - Processed frame frame_0388.jpg: bucket, conf: 0.79
2025-05-25 18:11:08,083 - INFO - Processed frame frame_0389.jpg: bucket, conf: 0.87
2025-05-25 18:11:08,297 - INFO - Processed frame frame_0391.jpg: bucket, conf: 0.55
2025-05-25 18:11:08,298 - INFO - Processed frame frame_0391.jpg: bucket, conf: 0.31
2025-05-25 18:11:08,426 - INFO - Processed frame frame_0392.jpg: bucket, conf: 0.62
2025-05-25 18:11:08,535 - INFO - Processed frame frame_0393.jpg: bucket, conf: 0.76
2025-05-25 18:11:08,535 - INFO - Processed frame frame_0393.jpg: bucket, conf: 0.64
2025-05-25 18:11:08,641 - INFO - Processed frame frame_0394.jpg: bucket, conf: 0.41
2025-05-25 18:11:08,852 - INFO - Processed frame frame_0396.jpg: bucket, conf: 0.85
2025-05-25 18:11:08,960 - INFO - Processed frame frame_0397.jpg: bucket, conf: 0.87
2025-05-25 18:11:09,068 - INFO - Processed frame frame_0398.jpg: bucket, conf: 0.84
2025-05-25 18:11:09,176 - INFO - Processed frame frame_0399.jpg: bucket, conf: 0.86
2025-05-25 18:11:09,284 - INFO - Processed frame frame_0400.jpg: bucket, conf: 0.54
2025-05-25 18:11:09,600 - INFO - Processed frame frame_0403.jpg: bucket, conf: 0.76
2025-05-25 18:11:09,923 - INFO - Processed frame frame_0406.jpg: bucket, conf: 0.77
2025-05-25 18:11:10,033 - INFO - Processed frame frame_0407.jpg: bucket, conf: 0.84
2025-05-25 18:11:10,129 - INFO - Processed frame frame_0408.jpg: bucket, conf: 0.82
2025-05-25 18:11:10,656 - INFO - Processed frame frame_0413.jpg: bucket, conf: 0.41
2025-05-25 18:11:10,864 - INFO - Processed frame frame_0415.jpg: bucket, conf: 0.47
2025-05-25 18:11:10,975 - INFO - Processed frame frame_0416.jpg: bucket, conf: 0.79
2025-05-25 18:11:11,083 - INFO - Processed frame frame_0417.jpg: bucket, conf: 0.33
2025-05-25 18:11:11,188 - INFO - Processed frame frame_0418.jpg: bucket, conf: 0.69
2025-05-25 18:11:11,298 - INFO - Processed frame frame_0419.jpg: bucket, conf: 0.79
2025-05-25 18:11:11,406 - INFO - Processed frame frame_0420.jpg: bucket, conf: 0.79
2025-05-25 18:11:11,515 - INFO - Processed frame frame_0421.jpg: bucket, conf: 0.55
2025-05-25 18:11:11,934 - INFO - Processed frame frame_0425.jpg: bucket, conf: 0.67
2025-05-25 18:11:12,255 - INFO - Processed frame frame_0428.jpg: bucket, conf: 0.52
2025-05-25 18:11:12,362 - INFO - Processed frame frame_0429.jpg: bucket, conf: 0.80
2025-05-25 18:11:12,469 - INFO - Processed frame frame_0430.jpg: bucket, conf: 0.67
2025-05-25 18:11:12,690 - INFO - Processed frame frame_0432.jpg: bucket, conf: 0.74
2025-05-25 18:11:12,787 - INFO - Processed frame frame_0433.jpg: bucket, conf: 0.85
2025-05-25 18:11:13,001 - INFO - Processed frame frame_0435.jpg: bucket, conf: 0.83
2025-05-25 18:11:13,566 - INFO - Processed frame frame_0440.jpg: bucket, conf: 0.78
2025-05-25 18:11:13,672 - INFO - Processed frame frame_0441.jpg: bucket, conf: 0.77
2025-05-25 18:11:13,778 - INFO - Processed frame frame_0442.jpg: bucket, conf: 0.89
2025-05-25 18:11:13,882 - INFO - Processed frame frame_0443.jpg: bucket, conf: 0.86
2025-05-25 18:11:13,988 - INFO - Processed frame frame_0444.jpg: bucket, conf: 0.88
2025-05-25 18:11:14,094 - INFO - Processed frame frame_0445.jpg: bucket, conf: 0.80
2025-05-25 18:11:14,201 - INFO - Processed frame frame_0446.jpg: bucket, conf: 0.88
2025-05-25 18:11:14,295 - INFO - Processed frame frame_0447.jpg: bucket, conf: 0.77
2025-05-25 18:11:14,402 - INFO - Processed frame frame_0448.jpg: bucket, conf: 0.89
2025-05-25 18:11:14,507 - INFO - Processed frame frame_0449.jpg: bucket, conf: 0.81
2025-05-25 18:11:14,720 - INFO - Processed frame frame_0451.jpg: bucket, conf: 0.86
2025-05-25 18:11:14,830 - INFO - Processed frame frame_0452.jpg: bucket, conf: 0.31
2025-05-25 18:11:14,933 - INFO - Processed frame frame_0453.jpg: bucket, conf: 0.46
2025-05-25 18:11:15,249 - INFO - Processed frame frame_0456.jpg: bucket, conf: 0.32
2025-05-25 18:11:15,358 - INFO - Processed frame frame_0457.jpg: bucket, conf: 0.67
2025-05-25 18:11:15,467 - INFO - Processed frame frame_0458.jpg: bucket, conf: 0.85
2025-05-25 18:11:15,576 - INFO - Processed frame frame_0459.jpg: bucket, conf: 0.78
2025-05-25 18:11:15,894 - INFO - Processed frame frame_0462.jpg: bucket, conf: 0.61
2025-05-25 18:11:16,003 - INFO - Processed frame frame_0463.jpg: bucket, conf: 0.52
2025-05-25 18:11:16,215 - INFO - Processed frame frame_0465.jpg: bucket, conf: 0.66
2025-05-25 18:11:16,323 - INFO - Processed frame frame_0466.jpg: bucket, conf: 0.41
2025-05-25 18:11:16,434 - INFO - Processed frame frame_0467.jpg: bucket, conf: 0.42
2025-05-25 18:11:16,532 - INFO - Processed frame frame_0468.jpg: bucket, conf: 0.70
2025-05-25 18:11:16,640 - INFO - Processed frame frame_0469.jpg: bucket, conf: 0.39
2025-05-25 18:11:16,748 - INFO - Processed frame frame_0470.jpg: bucket, conf: 0.77
2025-05-25 18:11:16,855 - INFO - Processed frame frame_0471.jpg: bucket, conf: 0.78
2025-05-25 18:11:17,074 - INFO - Processed frame frame_0473.jpg: bucket, conf: 0.33
2025-05-25 18:11:17,291 - INFO - Processed frame frame_0475.jpg: bucket, conf: 0.86
2025-05-25 18:11:17,399 - INFO - Processed frame frame_0476.jpg: bucket, conf: 0.85
2025-05-25 18:11:17,506 - INFO - Processed frame frame_0477.jpg: bucket, conf: 0.68
2025-05-25 18:11:17,933 - INFO - Processed frame frame_0481.jpg: bucket, conf: 0.39
2025-05-25 18:11:18,040 - INFO - Processed frame frame_0482.jpg: bucket, conf: 0.73
2025-05-25 18:11:18,145 - INFO - Processed frame frame_0483.jpg: bucket, conf: 0.52
2025-05-25 18:11:18,493 - INFO - Processed frame frame_0486.jpg: bucket, conf: 0.81
2025-05-25 18:11:18,600 - INFO - Processed frame frame_0487.jpg: bucket, conf: 0.80
2025-05-25 18:11:18,712 - INFO - Processed frame frame_0488.jpg: bucket, conf: 0.34
2025-05-25 18:11:18,819 - INFO - Processed frame frame_0489.jpg: bucket, conf: 0.84
2025-05-25 18:11:18,929 - INFO - Processed frame frame_0490.jpg: bucket, conf: 0.48
2025-05-25 18:11:19,142 - INFO - Processed frame frame_0492.jpg: bucket, conf: 0.81
2025-05-25 18:11:19,250 - INFO - Processed frame frame_0493.jpg: bucket, conf: 0.83
2025-05-25 18:11:19,360 - INFO - Processed frame frame_0494.jpg: bucket, conf: 0.48
2025-05-25 18:11:19,472 - INFO - Processed frame frame_0495.jpg: bucket, conf: 0.72
2025-05-25 18:11:19,578 - INFO - Processed frame frame_0496.jpg: bucket, conf: 0.36
2025-05-25 18:11:19,685 - INFO - Processed frame frame_0497.jpg: bucket, conf: 0.66
2025-05-25 18:11:19,790 - INFO - Processed frame frame_0498.jpg: bucket, conf: 0.75
2025-05-25 18:11:19,896 - INFO - Processed frame frame_0499.jpg: bucket, conf: 0.89
2025-05-25 18:11:20,004 - INFO - Processed frame frame_0500.jpg: bucket, conf: 0.91
2025-05-25 18:11:20,109 - INFO - Processed frame frame_0501.jpg: bucket, conf: 0.89
2025-05-25 18:11:20,216 - INFO - Processed frame frame_0502.jpg: bucket, conf: 0.89
2025-05-25 18:11:20,323 - INFO - Processed frame frame_0503.jpg: bucket, conf: 0.88
2025-05-25 18:11:21,263 - INFO - Processed frame frame_0512.jpg: bucket, conf: 0.33
2025-05-25 18:11:21,478 - INFO - Processed frame frame_0514.jpg: bucket, conf: 0.59
2025-05-25 18:11:21,583 - INFO - Processed frame frame_0515.jpg: bucket, conf: 0.70
2025-05-25 18:11:21,690 - INFO - Processed frame frame_0516.jpg: bucket, conf: 0.71
2025-05-25 18:11:21,906 - INFO - Processed frame frame_0518.jpg: bucket, conf: 0.54
2025-05-25 18:11:22,648 - INFO - Processed frame frame_0525.jpg: bucket, conf: 0.84
2025-05-25 18:11:22,755 - INFO - Processed frame frame_0526.jpg: bucket, conf: 0.89
2025-05-25 18:11:22,864 - INFO - Processed frame frame_0527.jpg: bucket, conf: 0.49
2025-05-25 18:11:22,970 - INFO - Processed frame frame_0528.jpg: bucket, conf: 0.31
2025-05-25 18:11:23,081 - INFO - Processed frame frame_0529.jpg: bucket, conf: 0.91
2025-05-25 18:11:23,081 - INFO - Processed frame frame_0529.jpg: bucket, conf: 0.27
2025-05-25 18:11:23,186 - INFO - Processed frame frame_0530.jpg: bucket, conf: 0.91
2025-05-25 18:11:23,187 - INFO - Processed frame frame_0530.jpg: bucket, conf: 0.35
2025-05-25 18:11:23,288 - INFO - Processed frame frame_0531.jpg: bucket, conf: 0.90
2025-05-25 18:11:23,389 - INFO - Processed frame frame_0532.jpg: bucket, conf: 0.91
2025-05-25 18:11:23,623 - INFO - Processed frame frame_0534.jpg: bucket, conf: 0.48
2025-05-25 18:11:23,937 - INFO - Processed frame frame_0537.jpg: bucket, conf: 0.81
2025-05-25 18:11:23,937 - INFO - Processed frame frame_0537.jpg: bucket, conf: 0.77
2025-05-25 18:11:24,049 - INFO - Processed frame frame_0538.jpg: bucket, conf: 0.90
2025-05-25 18:11:24,050 - INFO - Processed frame frame_0538.jpg: bucket, conf: 0.80
2025-05-25 18:11:24,159 - INFO - Processed frame frame_0539.jpg: bucket, conf: 0.86
2025-05-25 18:11:24,264 - INFO - Processed frame frame_0540.jpg: bucket, conf: 0.67
2025-05-25 18:11:27,220 - INFO - Processed frame frame_0568.jpg: bucket, conf: 0.74
2025-05-25 18:11:27,959 - INFO - Processed frame frame_0575.jpg: bucket, conf: 0.77
2025-05-25 18:11:28,176 - INFO - Processed frame frame_0577.jpg: bucket, conf: 0.77
2025-05-25 18:11:28,712 - INFO - Processed frame frame_0582.jpg: bucket, conf: 0.49
2025-05-25 18:11:28,819 - INFO - Processed frame frame_0583.jpg: bucket, conf: 0.54
2025-05-25 18:11:28,928 - INFO - Processed frame frame_0584.jpg: bucket, conf: 0.71
2025-05-25 18:11:29,037 - INFO - Processed frame frame_0585.jpg: bucket, conf: 0.61
2025-05-25 18:11:29,590 - INFO - Processed frame frame_0590.jpg: bucket, conf: 0.29
2025-05-25 18:11:31,827 - INFO - Processed frame frame_0611.jpg: bucket, conf: 0.54
2025-05-25 18:11:32,998 - INFO - Processed frame frame_0622.jpg: bucket, conf: 0.49
2025-05-25 18:11:34,166 - INFO - Processed frame frame_0633.jpg: bucket, conf: 0.86
2025-05-25 18:11:35,240 - INFO - Processed frame frame_0643.jpg: bucket, conf: 0.39
2025-05-25 18:11:36,764 - INFO - Processed frame frame_0657.jpg: bucket, conf: 0.65
2025-05-25 18:11:37,613 - INFO - Processed frame frame_0665.jpg: bucket, conf: 0.43
2025-05-25 18:11:38,042 - INFO - Processed frame frame_0669.jpg: bucket, conf: 0.68
2025-05-25 18:11:38,365 - INFO - Processed frame frame_0672.jpg: bucket, conf: 0.51
2025-05-25 18:11:38,691 - INFO - Processed frame frame_0675.jpg: bucket, conf: 0.81
2025-05-25 18:11:39,115 - INFO - Processed frame frame_0679.jpg: bucket, conf: 0.41
2025-05-25 18:11:40,276 - INFO - Processed frame frame_0690.jpg: bucket, conf: 0.51
2025-05-25 18:11:40,385 - INFO - Processed frame frame_0691.jpg: bucket, conf: 0.82
2025-05-25 18:11:40,495 - INFO - Processed frame frame_0692.jpg: bucket, conf: 0.85
2025-05-25 18:11:40,605 - INFO - Processed frame frame_0693.jpg: bucket, conf: 0.87
2025-05-25 18:11:40,715 - INFO - Processed frame frame_0694.jpg: bucket, conf: 0.87
2025-05-25 18:11:40,925 - INFO - Processed frame frame_0696.jpg: bucket, conf: 0.71
2025-05-25 18:11:41,034 - INFO - Processed frame frame_0697.jpg: bucket, conf: 0.72
2025-05-25 18:11:41,142 - INFO - Processed frame frame_0698.jpg: bucket, conf: 0.78
2025-05-25 18:11:41,255 - INFO - Processed frame frame_0699.jpg: bucket, conf: 0.88
2025-05-25 18:11:41,702 - INFO - Processed frame frame_0703.jpg: bucket, conf: 0.49
2025-05-25 18:11:41,807 - INFO - Processed frame frame_0704.jpg: bucket, conf: 0.86
2025-05-25 18:11:42,237 - INFO - Processed frame frame_0708.jpg: bucket, conf: 0.82
2025-05-25 18:11:42,450 - INFO - Processed frame frame_0710.jpg: bucket, conf: 0.57
2025-05-25 18:11:42,915 - INFO - Processed frame frame_0714.jpg: bucket, conf: 0.71
2025-05-25 18:11:43,342 - INFO - Processed frame frame_0718.jpg: bucket, conf: 0.30
2025-05-25 18:11:43,807 - INFO - Processed frame frame_0722.jpg: bucket, conf: 0.55
2025-05-25 18:11:43,930 - INFO - Processed frame frame_0723.jpg: bucket, conf: 0.81
2025-05-25 18:11:44,385 - INFO - Processed frame frame_0727.jpg: bucket, conf: 0.82
2025-05-25 18:11:45,036 - INFO - Processed frame frame_0733.jpg: bucket, conf: 0.32
2025-05-25 18:11:45,244 - INFO - Processed frame frame_0735.jpg: bucket, conf: 0.27
2025-05-25 18:11:45,351 - INFO - Processed frame frame_0736.jpg: bucket, conf: 0.47
2025-05-25 18:11:45,662 - INFO - Processed frame frame_0739.jpg: bucket, conf: 0.67
2025-05-25 18:11:46,593 - INFO - Processed frame frame_0748.jpg: bucket, conf: 0.87
2025-05-25 18:11:48,719 - INFO - Processed frame frame_0768.jpg: bucket, conf: 0.30
2025-05-25 18:11:49,140 - INFO - Processed frame frame_0772.jpg: bucket, conf: 0.75
2025-05-25 18:11:49,342 - INFO - Processed frame frame_0774.jpg: bucket, conf: 0.45
2025-05-25 18:11:49,451 - INFO - Processed frame frame_0775.jpg: bucket, conf: 0.82
2025-05-25 18:11:49,776 - INFO - Processed frame frame_0778.jpg: bucket, conf: 0.63
2025-05-25 18:11:51,256 - INFO - Processed frame frame_0792.jpg: bucket, conf: 0.85
2025-05-25 18:11:51,365 - INFO - Processed frame frame_0793.jpg: bucket, conf: 0.84
2025-05-25 18:11:52,223 - INFO - Processed frame frame_0801.jpg: bucket, conf: 0.41
2025-05-25 18:11:52,329 - INFO - Processed frame frame_0802.jpg: bucket, conf: 0.54
2025-05-25 18:11:52,545 - INFO - Processed frame frame_0804.jpg: bucket, conf: 0.52
2025-05-25 18:11:54,045 - INFO - Processed frame frame_0818.jpg: bucket, conf: 0.27
2025-05-25 18:11:57,014 - INFO - Processed frame frame_0846.jpg: bucket, conf: 0.48
2025-05-25 18:11:57,633 - INFO - Processed frame frame_0852.jpg: bucket, conf: 0.79
2025-05-25 18:11:57,742 - INFO - Processed frame frame_0853.jpg: bucket, conf: 0.54
2025-05-25 18:12:00,306 - INFO - Processed frame frame_0877.jpg: bucket, conf: 0.85
2025-05-25 18:12:02,975 - INFO - Processed frame frame_0902.jpg: bucket, conf: 0.46
2025-05-25 18:12:03,288 - INFO - Processed frame frame_0905.jpg: bucket, conf: 0.46
2025-05-25 18:12:03,500 - INFO - Video processing completed
